Case #1: 4 3
o 1 1
+ 1 2
x 2 1
Case #2: 2 0
Case #3: 6 2
x 1 1
o 2 1
Case #4: 269 172
o 1 1
x 2 1
x 3 1
x 4 1
x 5 1
x 6 1
x 7 1
x 8 1
x 9 1
x 10 1
x 11 1
x 12 1
x 13 1
x 14 1
x 15 1
x 16 1
x 17 1
x 18 1
x 19 1
x 20 1
x 21 1
x 22 1
x 23 1
o 24 1
x 25 1
x 26 1
x 27 1
x 28 1
x 29 1
o 30 1
x 31 1
x 32 1
x 33 1
x 34 1
x 35 1
x 36 1
x 37 1
x 38 1
x 39 1
x 40 1
x 41 1
x 42 1
x 43 1
x 44 1
x 45 1
x 46 1
x 47 1
x 48 1
x 49 1
x 50 1
x 51 1
x 52 1
x 53 1
x 54 1
x 55 1
x 56 1
o 57 1
x 58 1
x 59 1
x 60 1
x 61 1
x 62 1
x 63 1
x 64 1
x 65 1
x 66 1
x 67 1
x 68 1
x 69 1
x 70 1
x 71 1
x 72 1
x 73 1
x 74 1
x 75 1
x 76 1
x 77 1
x 78 1
x 79 1
x 80 1
x 81 1
x 82 1
x 83 1
x 84 1
x 85 1
x 86 1
x 87 1
x 88 1
x 89 1
x 90 1
x 91 1
x 92 1
x 93 1
x 94 1
x 95 1
x 96 1
x 97 1
x 98 1
x 99 1
x 100 1
+ 2 100
+ 3 100
+ 4 100
+ 5 100
+ 6 100
+ 7 100
+ 8 100
+ 9 100
+ 100 10
+ 11 100
+ 12 100
+ 13 100
+ 14 100
+ 15 100
+ 16 100
+ 17 100
+ 18 100
+ 19 100
+ 20 100
+ 21 100
+ 22 100
+ 23 100
+ 24 100
+ 100 25
+ 100 26
+ 27 100
+ 28 100
+ 29 100
+ 30 100
+ 100 31
+ 32 100
+ 33 100
+ 100 34
+ 35 100
+ 36 100
+ 37 100
+ 99 39
+ 100 39
+ 41 100
+ 99 41
+ 100 43
+ 44 98
+ 45 100
+ 99 45
+ 47 99
+ 47 100
+ 100 48
+ 49 100
+ 50 100
+ 51 100
+ 52 100
+ 54 100
+ 99 54
+ 56 100
+ 98 57
+ 58 100
+ 59 98
+ 99 60
+ 100 60
+ 62 99
+ 63 99
+ 64 99
+ 98 66
+ 70 96
+ 97 71
+ 93 72
+ 97 73
+ 75 92
+ 97 75
+ 93 76
+ 78 96
+ 92 79
Case #5: 275 174
o 1 4
+ 1 6
+ 1 8
+ 1 13
+ 1 15
+ 1 18
+ 1 25
+ 1 29
+ 1 31
+ 1 33
+ 1 39
+ 1 40
+ 1 43
+ 1 48
+ 1 49
+ 1 53
+ 1 54
+ 1 55
+ 1 59
+ 1 60
+ 1 61
+ 1 62
+ 1 64
+ 1 66
+ 1 69
+ 1 70
+ 1 72
+ 1 73
+ 1 79
+ 1 80
+ 1 81
+ 1 82
+ 1 83
+ 1 84
+ 1 85
+ 1 86
+ 1 87
+ 1 88
+ 1 89
+ 1 91
+ 1 93
+ 1 95
+ 1 97
+ 1 98
+ 1 99
+ 5 1
+ 9 1
o 10 1
+ 11 1
+ 12 1
+ 16 1
x 18 1
+ 27 1
x 35 1
+ 37 1
+ 38 1
x 42 1
x 46 1
x 55 1
x 59 1
x 61 1
x 62 1
x 63 1
x 72 1
x 78 1
x 79 1
x 86 1
x 87 1
x 88 1
x 89 1
x 91 1
x 97 1
x 98 1
+ 2 25
+ 19 2
x 22 2
x 27 2
x 34 2
x 41 2
x 52 2
x 57 2
x 74 2
x 80 2
x 85 2
x 90 2
x 92 2
+ 100 2
x 5 3
x 31 3
x 84 3
+ 100 3
x 30 4
x 48 4
x 69 4
x 83 4
+ 100 4
+ 5 100
x 24 5
x 29 5
x 47 5
x 37 6
+ 100 6
+ 7 16
+ 7 100
+ 100 8
+ 9 100
+ 100 10
+ 11 100
+ 100 12
+ 100 13
+ 100 14
+ 100 15
+ 100 16
+ 100 17
+ 100 18
+ 100 19
+ 100 20
+ 100 21
+ 100 22
+ 23 100
+ 24 100
+ 25 100
+ 26 100
+ 27 100
+ 100 28
+ 100 29
+ 100 30
+ 100 31
+ 100 32
+ 33 100
+ 34 100
+ 100 35
+ 36 100
+ 100 37
+ 38 100
+ 100 39
+ 100 40
+ 100 41
+ 100 42
+ 43 100
+ 44 100
+ 45 100
+ 100 46
+ 100 47
+ 100 48
+ 49 100
+ 50 100
+ 51 100
+ 100 52
+ 54 99
+ 54 100
+ 56 100
+ 99 56
+ 99 58
o 100 58
+ 60 100
+ 99 60
+ 100 62
+ 63 98
+ 99 64
+ 65 99
+ 100 66
+ 67 98
+ 69 98
+ 99 69
+ 99 70
+ 99 71
+ 99 72
+ 98 74
+ 98 76
+ 78 98
+ 80 98
+ 82 98
+ 90 83
Case #6: 269 189
o 1 1
+ 1 16
+ 1 17
+ 1 20
+ 1 37
+ 1 43
+ 1 47
+ 1 64
+ 1 73
+ 1 76
+ 1 77
+ 1 79
+ 1 88
+ 1 91
+ 1 92
+ 1 94
+ 1 97
+ 1 99
x 2 1
x 3 1
x 4 1
x 5 1
x 6 1
x 7 1
x 8 1
x 9 1
x 10 1
x 11 1
o 12 1
x 14 1
x 15 1
x 16 1
x 17 1
x 18 1
x 19 1
x 20 1
x 21 1
x 23 1
o 24 1
x 25 1
x 26 1
x 27 1
x 28 1
x 29 1
x 31 1
x 32 1
x 33 1
x 34 1
x 35 1
x 36 1
x 37 1
x 38 1
x 39 1
x 40 1
x 41 1
x 42 1
x 43 1
x 44 1
x 45 1
x 46 1
x 47 1
x 48 1
x 49 1
o 50 1
o 51 1
x 52 1
x 55 1
x 56 1
x 57 1
x 58 1
x 59 1
x 60 1
x 61 1
x 62 1
x 63 1
x 64 1
x 65 1
x 66 1
x 67 1
x 68 1
x 69 1
x 70 1
x 72 1
x 73 1
x 74 1
x 75 1
x 76 1
x 77 1
x 78 1
x 79 1
x 81 1
x 82 1
x 83 1
x 84 1
x 85 1
x 86 1
x 88 1
x 89 1
x 90 1
x 91 1
x 92 1
x 93 1
x 94 1
x 95 1
x 96 1
x 97 1
x 98 1
x 99 1
x 100 1
+ 2 27
+ 22 2
x 30 2
+ 33 2
x 53 2
x 71 2
x 87 2
+ 100 2
+ 3 100
+ 100 4
+ 5 100
+ 6 100
+ 100 7
+ 8 100
+ 100 9
+ 100 10
+ 11 100
+ 100 12
+ 100 13
+ 14 100
+ 15 100
+ 16 100
+ 100 17
+ 18 100
+ 19 100
+ 20 100
+ 21 100
+ 23 100
+ 99 23
+ 25 99
+ 100 25
+ 27 100
+ 99 27
+ 29 99
+ 29 100
+ 100 30
+ 31 100
+ 32 100
+ 100 33
+ 34 100
+ 35 100
+ 36 100
+ 100 37
+ 100 38
+ 39 100
+ 40 100
+ 41 100
+ 100 42
+ 43 100
+ 44 100
+ 45 100
+ 46 100
+ 47 100
+ 48 100
+ 49 100
+ 50 100
+ 52 100
+ 99 52
+ 54 99
+ 100 54
+ 100 55
+ 56 100
+ 58 99
+ 59 99
+ 100 59
+ 100 60
+ 61 100
+ 62 100
+ 99 64
+ 65 99
+ 68 97
+ 98 68
+ 98 69
+ 70 98
+ 99 71
+ 99 73
+ 74 95
+ 75 99
+ 94 77
+ 81 95
Case #7: 264 170
o 1 1
o 2 1
x 3 1
x 4 1
x 5 1
x 6 1
x 7 1
x 8 1
x 9 1
o 10 1
x 11 1
o 12 1
x 13 1
x 14 1
x 15 1
x 16 1
x 17 1
x 18 1
x 19 1
x 20 1
x 21 1
x 22 1
x 23 1
x 24 1
x 25 1
x 26 1
x 27 1
x 28 1
x 29 1
x 30 1
x 31 1
x 32 1
x 33 1
x 34 1
x 35 1
x 36 1
x 37 1
x 38 1
x 39 1
x 40 1
x 41 1
x 42 1
x 43 1
x 44 1
x 45 1
x 46 1
x 47 1
x 48 1
x 49 1
x 50 1
x 51 1
x 52 1
x 53 1
x 54 1
x 55 1
x 56 1
x 57 1
x 58 1
x 59 1
x 60 1
x 61 1
x 62 1
x 63 1
x 64 1
x 65 1
x 66 1
x 67 1
x 68 1
x 69 1
x 70 1
x 71 1
x 72 1
x 73 1
x 74 1
x 75 1
x 76 1
x 77 1
x 78 1
x 79 1
x 80 1
x 81 1
x 82 1
x 83 1
x 84 1
x 85 1
x 86 1
x 87 1
x 88 1
x 89 1
x 90 1
x 91 1
x 92 1
x 93 1
x 94 1
x 95 1
x 96 1
x 97 1
x 98 1
x 99 1
x 100 1
+ 2 100
+ 3 100
+ 4 100
+ 100 5
+ 6 100
+ 7 100
+ 8 100
+ 9 100
+ 10 100
+ 11 100
+ 12 100
+ 13 100
+ 14 100
+ 15 100
+ 16 100
+ 17 100
+ 18 100
+ 19 100
+ 20 100
+ 21 100
+ 22 100
+ 23 100
+ 24 100
+ 25 100
+ 26 100
+ 27 100
+ 28 100
+ 100 29
+ 30 100
+ 31 100
+ 32 100
+ 33 100
+ 35 100
+ 37 97
+ 100 37
+ 98 38
+ 39 100
+ 40 98
+ 42 98
+ 42 99
+ 99 43
+ 100 43
+ 45 99
+ 45 100
+ 47 99
+ 48 99
+ 100 48
+ 100 49
+ 50 100
+ 51 100
+ 52 100
+ 54 99
+ 54 100
+ 100 55
+ 100 56
+ 57 100
+ 58 100
+ 59 100
+ 60 100
+ 61 100
+ 100 62
+ 63 100
+ 65 100
+ 67 97
+ 68 99
+ 70 99
+ 95 71
+ 72 99
+ 94 74
+ 99 74
Case #8: 254 138
x 1 1
+ 1 2
+ 1 3
+ 1 8
+ 1 10
+ 1 14
+ 1 15
+ 1 19
+ 1 20
+ 1 23
+ 1 27
+ 1 28
+ 1 29
+ 1 30
+ 1 31
+ 1 33
+ 1 36
+ 1 39
+ 1 42
+ 1 44
+ 1 48
+ 1 50
+ 1 56
+ 1 58
+ 1 59
+ 1 60
+ 1 61
+ 1 62
+ 1 63
+ 1 64
+ 1 69
+ 1 70
+ 1 71
+ 1 72
+ 1 76
+ 1 79
+ 1 80
+ 1 83
+ 1 84
+ 1 86
+ 1 87
+ 1 90
+ 1 92
+ 1 93
+ 1 94
x 2 1
x 3 1
x 5 1
o 6 1
x 7 1
x 9 1
x 14 1
x 18 1
o 21 1
o 22 1
x 23 1
x 24 1
+ 25 1
x 29 1
x 30 1
+ 34 1
x 35 1
+ 37 1
+ 38 1
+ 43 1
x 65 1
+ 66 1
x 69 1
x 70 1
x 74 1
x 75 1
o 77 1
o 78 1
x 86 1
x 92 1
x 95 1
+ 2 6
+ 2 50
x 8 2
x 10 2
+ 15 2
x 28 2
o 34 2
+ 40 2
x 49 2
x 52 2
x 60 2
x 71 2
x 88 2
x 91 2
+ 95 2
x 15 3
x 51 3
x 63 3
x 67 3
x 83 3
+ 6 4
x 32 4
x 43 4
x 47 4
x 81 5
x 41 6
+ 7 95
+ 8 95
+ 11 8
+ 95 9
+ 95 10
+ 37 11
+ 95 12
+ 14 95
+ 15 95
+ 94 19
+ 22 95
+ 95 24
+ 95 25
+ 95 26
+ 28 94
+ 28 95
+ 95 34
+ 95 35
+ 95 37
+ 95 40
+ 95 41
+ 42 95
+ 93 45
+ 95 46
+ 95 48
+ 50 95
+ 95 54
+ 95 56
+ 84 62
+ 93 62
+ 83 65
+ 92 65
+ 83 67
+ 83 69
+ 71 83
+ 84 72
Case #9: 170 0
Case #10: 267 169
o 1 1
x 2 1
o 3 1
x 4 1
x 5 1
o 6 1
o 7 1
x 8 1
x 9 1
x 10 1
x 11 1
o 12 1
x 13 1
x 14 1
x 15 1
x 16 1
x 17 1
x 18 1
x 19 1
x 20 1
o 21 1
x 22 1
x 23 1
x 24 1
x 25 1
x 26 1
x 27 1
x 28 1
x 29 1
x 30 1
x 31 1
x 32 1
o 33 1
x 34 1
x 35 1
x 36 1
x 37 1
x 38 1
x 39 1
x 40 1
x 41 1
x 42 1
x 43 1
x 44 1
x 45 1
x 46 1
x 47 1
x 48 1
x 49 1
x 50 1
x 51 1
x 52 1
x 53 1
x 54 1
x 55 1
o 56 1
x 57 1
x 58 1
x 59 1
x 60 1
o 61 1
x 62 1
x 63 1
x 64 1
x 65 1
x 66 1
x 67 1
x 68 1
x 69 1
x 70 1
x 71 1
x 72 1
x 73 1
x 74 1
x 75 1
x 76 1
x 77 1
x 78 1
x 79 1
x 80 1
x 81 1
x 82 1
x 83 1
x 84 1
x 85 1
x 86 1
x 87 1
x 88 1
x 89 1
x 90 1
x 91 1
x 92 1
x 93 1
x 94 1
x 95 1
x 96 1
x 97 1
x 98 1
x 99 1
x 100 1
+ 2 100
+ 3 100
+ 4 100
+ 5 100
+ 6 100
+ 7 100
+ 8 100
+ 9 100
+ 10 100
+ 11 100
+ 12 100
+ 13 100
+ 14 100
+ 15 100
+ 16 100
+ 18 99
+ 18 100
+ 100 19
+ 20 100
+ 21 100
+ 22 100
+ 23 100
+ 24 100
+ 25 100
+ 27 99
+ 27 100
+ 100 28
+ 29 100
+ 30 100
+ 31 100
+ 100 32
+ 33 100
+ 34 100
+ 36 100
+ 99 36
+ 38 99
+ 38 100
+ 40 99
+ 40 100
+ 100 41
+ 42 100
+ 43 100
+ 44 100
+ 45 100
+ 48 98
+ 48 99
+ 98 50
+ 98 51
+ 98 52
+ 53 98
+ 54 98
+ 99 54
+ 99 55
+ 98 57
+ 59 97
+ 59 98
+ 98 60
+ 61 98
+ 62 98
+ 98 63
+ 66 97
+ 96 66
+ 98 67
+ 69 95
+ 69 98
+ 96 70
+ 97 72
+ 75 93
+ 77 94
Case #11: 238 121
+ 1 1
+ 1 2
+ 1 3
+ 1 4
+ 1 8
+ 1 15
+ 1 16
+ 1 19
+ 1 21
+ 1 27
+ 1 30
+ 1 33
+ 1 34
+ 1 35
+ 1 36
+ 1 37
+ 1 42
+ 1 45
+ 1 55
+ 1 61
+ 1 67
+ 1 72
+ 1 73
+ 1 76
+ 1 77
+ 1 78
+ 1 79
+ 1 87
+ 1 88
+ 1 89
x 5 1
o 7 1
o 9 1
o 11 1
o 12 1
o 14 1
o 18 1
x 22 1
+ 26 1
o 29 1
x 34 1
x 35 1
+ 38 1
o 39 1
+ 43 1
o 48 1
x 49 1
+ 51 1
+ 52 1
x 53 1
+ 54 1
x 58 1
x 60 1
x 62 1
x 66 1
x 68 1
+ 71 1
+ 75 1
x 80 1
x 81 1
x 82 1
x 83 1
x 85 1
x 88 1
x 90 1
x 4 2
+ 5 2
x 6 2
x 8 2
x 10 2
+ 16 2
x 23 2
+ 24 2
x 28 2
x 31 2
x 33 2
x 41 2
x 43 2
x 47 2
x 74 2
x 87 2
+ 90 2
x 16 3
x 27 3
+ 90 3
+ 4 53
x 15 4
x 26 4
x 63 4
x 72 4
x 77 4
+ 5 90
+ 6 5
+ 6 90
x 70 6
+ 9 90
+ 10 90
+ 90 15
+ 17 90
+ 89 17
+ 20 88
+ 89 21
+ 25 89
+ 90 26
+ 27 90
+ 28 90
+ 29 90
+ 90 30
+ 32 90
+ 34 90
+ 38 90
+ 48 88
+ 89 50
+ 90 50
+ 89 53
+ 87 54
+ 87 56
+ 88 56
+ 59 89
+ 85 65
+ 85 67
Case #12: 162 85
x 1 1
+ 1 4
+ 1 6
+ 1 8
+ 1 14
+ 1 15
+ 1 16
+ 1 19
+ 1 26
+ 1 27
+ 1 35
+ 1 41
+ 1 50
+ 1 51
+ 1 53
+ 1 56
+ 1 58
+ 1 59
+ 1 60
+ 1 63
+ 2 1
+ 3 1
x 4 1
x 10 1
x 14 1
x 16 1
+ 18 1
+ 22 1
x 23 1
o 24 1
x 25 1
x 27 1
x 30 1
x 31 1
x 32 1
o 37 1
x 38 1
+ 39 1
x 43 1
x 44 1
o 45 1
x 46 1
x 47 1
x 50 1
x 53 1
x 54 1
x 55 1
x 57 1
x 61 1
+ 2 6
+ 2 12
+ 2 24
+ 2 63
x 3 2
x 6 2
+ 9 2
o 11 2
x 13 2
x 18 2
x 22 2
+ 27 2
+ 28 2
x 29 2
x 33 2
x 40 2
x 52 2
x 56 2
x 60 2
+ 7 3
x 28 3
x 59 3
+ 4 27
+ 63 4
+ 63 5
+ 7 63
+ 26 7
+ 9 63
+ 10 63
+ 16 63
+ 17 63
+ 63 23
+ 63 26
+ 30 62
+ 63 30
+ 59 37
Case #13: 283 182
o 1 1
+ 1 3
+ 1 4
+ 1 6
+ 1 10
+ 1 17
+ 1 18
+ 1 20
+ 1 22
+ 1 23
+ 1 25
+ 1 32
+ 1 33
+ 1 36
+ 1 38
+ 1 40
+ 1 41
+ 1 42
+ 1 43
+ 1 44
+ 1 45
+ 1 49
+ 1 50
+ 1 51
+ 1 53
+ 1 55
+ 1 57
+ 1 58
+ 1 59
+ 1 60
+ 1 62
+ 1 63
+ 1 64
+ 1 65
+ 1 68
+ 1 70
+ 1 71
+ 1 73
+ 1 74
+ 1 75
+ 1 78
+ 1 79
+ 1 80
+ 1 82
+ 1 83
+ 1 84
+ 1 85
+ 1 86
+ 1 87
+ 1 88
+ 1 90
+ 1 91
+ 1 93
+ 1 94
+ 1 95
+ 1 100
+ 5 1
x 8 1
+ 11 1
+ 12 1
x 13 1
+ 15 1
+ 16 1
o 21 1
+ 27 1
x 29 1
+ 47 1
x 48 1
x 49 1
+ 56 1
x 60 1
x 64 1
x 69 1
x 74 1
x 86 1
x 88 1
+ 2 100
x 14 2
x 20 2
x 27 2
x 47 2
x 65 2
x 84 2
+ 3 100
+ 5 3
+ 6 3
x 26 3
x 31 3
x 39 3
x 42 3
x 62 3
x 67 3
x 72 3
x 76 3
x 92 3
+ 4 100
x 10 4
x 16 4
x 71 4
+ 5 100
x 24 5
x 95 6
+ 100 6
+ 100 7
+ 100 8
+ 9 100
+ 100 10
+ 100 11
+ 12 100
+ 100 13
+ 100 14
+ 100 15
+ 100 16
+ 100 17
+ 100 18
+ 100 19
+ 20 100
+ 100 21
+ 100 22
+ 100 23
+ 24 100
+ 25 100
+ 100 26
+ 100 27
+ 100 28
+ 29 100
+ 100 30
+ 100 31
+ 32 100
+ 100 33
+ 34 100
+ 35 100
+ 100 36
+ 99 38
+ 100 38
+ 40 100
+ 99 40
+ 100 42
+ 44 97
+ 100 44
+ 98 45
+ 100 46
+ 47 98
o 99 48
+ 100 48
+ 99 50
+ 100 50
+ 52 99
+ 100 52
o 100 53
+ 55 100
+ 98 56
+ 100 57
+ 98 58
+ 100 59
+ 60 98
+ 99 61
+ 100 61
+ 63 99
+ 100 63
+ 100 64
+ 99 66
+ 100 66
+ 99 68
+ 100 68
+ 70 100
+ 99 70
+ 72 99
+ 72 100
+ 74 99
+ 99 75
+ 100 75
+ 77 100
+ 100 79
+ 96 80
+ 100 81
+ 83 95
+ 100 83
+ 96 84
+ 99 86
+ 87 95
+ 98 89
Case #14: 298 0
Case #15: 26 0
Case #16: 270 178
o 1 1
+ 1 16
+ 1 36
+ 1 38
+ 1 44
+ 1 54
+ 1 56
+ 1 68
+ 1 71
+ 1 82
x 2 1
o 4 1
x 5 1
x 6 1
x 8 1
o 9 1
o 10 1
x 11 1
x 12 1
x 13 1
x 14 1
x 15 1
x 16 1
x 17 1
x 19 1
x 21 1
x 22 1
x 23 1
x 24 1
x 25 1
x 27 1
x 28 1
x 29 1
x 31 1
x 32 1
x 33 1
x 34 1
x 35 1
x 37 1
x 38 1
o 39 1
x 40 1
o 41 1
x 42 1
x 43 1
x 44 1
x 45 1
x 46 1
x 47 1
x 48 1
x 49 1
x 50 1
x 51 1
x 52 1
x 53 1
x 54 1
x 55 1
x 56 1
x 57 1
x 59 1
x 60 1
o 61 1
o 62 1
x 63 1
x 64 1
x 67 1
x 68 1
x 69 1
x 71 1
x 72 1
x 73 1
x 74 1
x 75 1
x 76 1
x 77 1
x 78 1
x 79 1
x 80 1
x 82 1
x 83 1
x 84 1
x 85 1
x 87 1
x 88 1
x 89 1
x 90 1
x 91 1
x 92 1
x 93 1
x 94 1
x 95 1
x 96 1
x 97 1
x 98 1
x 99 1
x 100 1
+ 2 46
+ 2 100
x 36 2
x 58 2
x 66 2
x 70 2
x 86 2
+ 3 9
+ 3 100
x 65 3
+ 4 100
+ 5 100
+ 6 100
+ 7 100
+ 8 100
+ 9 100
+ 10 100
+ 11 100
+ 12 100
+ 13 100
+ 14 100
+ 15 100
+ 100 16
+ 17 100
+ 18 100
+ 100 19
+ 20 100
+ 21 100
+ 22 100
+ 23 100
+ 24 100
+ 25 100
+ 26 100
+ 100 27
+ 28 100
+ 29 100
+ 100 30
+ 31 100
+ 32 100
+ 100 33
+ 34 100
+ 35 100
+ 36 100
+ 37 100
+ 38 100
+ 39 100
+ 41 99
+ 41 100
+ 43 99
+ 99 44
+ 45 99
+ 99 46
+ 47 99
+ 49 98
+ 49 99
+ 100 50
+ 51 98
+ 99 52
+ 98 54
+ 98 55
+ 56 98
+ 57 98
+ 99 57
+ 99 58
+ 60 99
+ 61 97
+ 100 61
+ 98 62
+ 64 98
+ 99 64
+ 66 99
+ 100 67
+ 68 96
+ 70 96
+ 70 99
+ 98 73
+ 75 93
+ 76 97
+ 93 77
+ 96 79
+ 83 94
+ 93 86
Case #17: 99 50
+ 1 1
o 1 2
+ 1 3
+ 1 5
+ 1 13
+ 1 18
+ 1 22
+ 1 23
+ 1 25
+ 1 26
+ 1 27
+ 1 28
+ 1 31
+ 1 34
+ 1 35
+ 1 37
+ 1 38
x 2 1
x 3 1
o 4 1
x 5 1
+ 8 1
x 11 1
+ 15 1
o 17 1
x 19 1
x 21 1
x 25 1
x 29 1
x 35 1
x 37 1
x 38 1
x 39 1
x 14 2
x 16 2
x 28 2
x 34 2
+ 4 3
+ 5 3
x 7 3
+ 39 3
+ 4 39
x 6 4
+ 39 5
+ 39 9
+ 39 12
+ 18 38
+ 20 39
+ 21 39
+ 37 25
Case #18: 287 216
+ 1 2
+ 1 3
+ 1 6
+ 1 7
+ 1 8
+ 1 9
+ 1 11
+ 1 12
+ 1 14
+ 1 15
+ 1 17
+ 1 19
+ 1 23
+ 1 25
+ 1 26
+ 1 27
+ 1 28
+ 1 29
+ 1 31
+ 1 32
+ 1 33
+ 1 35
+ 1 40
+ 1 41
+ 1 42
+ 1 43
+ 1 44
+ 1 45
+ 1 47
+ 1 48
+ 1 49
+ 1 50
+ 1 51
+ 1 53
+ 1 55
+ 1 56
+ 1 57
+ 1 58
+ 1 61
+ 1 62
+ 1 63
+ 1 64
+ 1 65
+ 1 66
+ 1 67
o 1 69
+ 1 70
+ 1 72
+ 1 73
+ 1 74
+ 1 75
+ 1 76
+ 1 79
+ 1 80
+ 1 82
+ 1 84
+ 1 86
+ 1 87
+ 1 88
+ 1 90
+ 1 92
+ 1 95
+ 1 96
+ 1 97
+ 1 98
+ 1 99
x 3 1
+ 16 1
x 20 1
o 21 1
x 22 1
x 25 1
x 28 1
x 29 1
x 31 1
x 34 1
x 35 1
o 36 1
x 37 1
x 38 1
x 43 1
x 45 1
x 47 1
x 49 1
x 54 1
x 55 1
x 61 1
x 62 1
x 63 1
x 67 1
+ 68 1
x 69 1
x 70 1
x 74 1
x 75 1
x 80 1
x 81 1
+ 83 1
x 85 1
x 87 1
x 89 1
x 91 1
x 93 1
+ 3 2
x 8 2
x 11 2
x 17 2
x 23 2
x 30 2
x 33 2
x 44 2
x 50 2
o 58 2
x 60 2
x 66 2
x 68 2
x 78 2
x 86 2
x 99 2
+ 100 2
x 7 3
x 10 3
x 32 3
x 65 3
x 82 3
+ 100 3
x 4 6
x 6 4
+ 15 4
x 71 4
+ 100 4
x 14 5
+ 100 5
+ 100 6
+ 7 100
+ 8 100
+ 100 9
+ 10 100
o 100 11
+ 12 100
+ 100 13
+ 100 14
+ 100 15
+ 100 16
+ 100 17
+ 19 99
+ 100 19
+ 100 20
+ 100 21
+ 100 22
+ 23 100
+ 24 100
+ 100 25
+ 100 26
+ 100 27
+ 100 28
+ 100 29
+ 100 30
+ 100 31
+ 100 32
+ 99 34
+ 100 34
+ 99 36
+ 100 36
+ 99 38
+ 100 38
+ 40 99
+ 100 40
+ 100 41
o 42 100
+ 100 43
+ 99 45
+ 46 99
+ 99 47
+ 100 47
+ 49 100
+ 99 49
+ 99 51
+ 100 51
+ 99 53
+ 100 53
+ 55 100
+ 99 55
+ 99 57
+ 99 58
+ 60 98
+ 99 60
+ 99 61
+ 62 99
+ 99 63
+ 100 63
+ 99 65
+ 66 99
+ 99 67
+ 100 67
+ 99 69
+ 100 69
+ 71 100
+ 99 71
+ 100 73
+ 98 74
+ 76 99
+ 100 77
+ 96 78
+ 79 100
+ 96 80
+ 100 81
+ 96 82
+ 84 96
+ 97 85
+ 87 96
+ 96 88
+ 97 88
+ 96 90
+ 97 90
+ 92 96
Case #19: 276 200
o 1 1
+ 1 20
+ 1 21
+ 1 22
+ 1 29
+ 1 43
+ 1 55
+ 1 63
+ 1 68
+ 1 72
+ 1 80
+ 1 83
+ 1 86
+ 1 87
+ 1 88
+ 1 90
+ 1 91
+ 1 93
+ 1 96
x 2 1
x 3 1
x 4 1
x 5 1
x 6 1
x 7 1
o 8 1
x 9 1
x 10 1
x 11 1
x 12 1
x 13 1
x 14 1
x 15 1
x 16 1
x 17 1
o 18 1
x 19 1
x 20 1
x 21 1
x 22 1
x 23 1
x 24 1
x 25 1
x 26 1
x 27 1
x 28 1
x 29 1
x 30 1
x 31 1
o 32 1
x 33 1
x 34 1
x 35 1
x 36 1
x 37 1
x 38 1
x 39 1
x 40 1
x 41 1
x 42 1
x 43 1
x 44 1
x 45 1
x 46 1
o 47 1
x 48 1
x 49 1
x 50 1
x 51 1
x 52 1
x 53 1
x 54 1
x 55 1
x 56 1
x 57 1
x 58 1
x 59 1
x 60 1
x 61 1
x 62 1
x 63 1
x 64 1
x 65 1
o 66 1
x 67 1
x 68 1
x 69 1
x 70 1
x 71 1
x 72 1
x 73 1
o 74 1
o 75 1
x 76 1
x 77 1
x 78 1
x 79 1
x 80 1
x 81 1
x 82 1
x 83 1
x 84 1
x 85 1
x 86 1
x 87 1
x 88 1
x 89 1
x 90 1
x 91 1
x 92 1
x 93 1
x 94 1
x 95 1
x 96 1
x 97 1
x 98 1
x 99 1
x 100 1
+ 2 52
+ 2 100
+ 14 2
+ 25 2
+ 3 100
+ 12 3
+ 4 100
+ 100 5
+ 6 100
+ 7 100
+ 100 8
+ 9 100
+ 100 10
+ 100 11
+ 12 100
+ 100 13
+ 100 14
+ 100 15
+ 16 100
+ 17 100
+ 100 18
+ 19 100
+ 20 100
+ 100 21
+ 22 100
+ 23 100
+ 24 100
+ 25 100
+ 99 27
+ 99 28
+ 29 99
+ 30 99
+ 100 30
+ 100 31
+ 32 100
+ 100 33
+ 34 100
+ 36 99
+ 36 100
+ 100 37
+ 100 38
+ 39 100
+ 40 100
+ 41 100
+ 42 100
+ 43 100
+ 100 44
+ 45 100
+ 100 46
+ 47 100
+ 50 98
+ 99 50
+ 99 51
+ 52 99
+ 100 53
+ 54 98
+ 55 100
+ 99 55
+ 99 57
+ 58 99
+ 59 99
+ 100 59
+ 100 60
+ 100 61
+ 63 99
+ 64 99
+ 65 99
+ 99 66
+ 98 68
+ 69 98
+ 99 70
+ 97 71
+ 72 99
+ 73 97
+ 100 73
+ 98 74
+ 97 77
+ 97 78
+ 80 96
+ 81 96
+ 97 81
+ 94 86
Case #20: 283 224
o 1 1
+ 1 7
+ 1 11
+ 1 13
+ 1 15
+ 1 18
+ 1 20
+ 1 21
+ 1 23
+ 1 24
+ 1 25
+ 1 33
+ 1 36
+ 1 37
+ 1 39
+ 1 40
+ 1 42
+ 1 43
+ 1 45
+ 1 49
+ 1 50
+ 1 51
+ 1 52
+ 1 54
+ 1 56
+ 1 58
+ 1 60
+ 1 62
+ 1 63
+ 1 64
+ 1 65
+ 1 67
+ 1 68
+ 1 71
+ 1 76
+ 1 77
+ 1 78
+ 1 81
+ 1 82
+ 1 84
+ 1 88
+ 1 89
+ 1 92
+ 1 93
+ 1 94
+ 1 95
+ 1 96
+ 1 100
x 2 1
o 3 1
x 4 1
x 5 1
x 6 1
x 8 1
x 10 1
x 11 1
x 12 1
x 13 1
x 15 1
x 17 1
x 18 1
o 19 1
x 20 1
x 21 1
o 22 1
x 23 1
x 24 1
x 25 1
x 26 1
x 28 1
o 29 1
x 30 1
x 31 1
x 32 1
x 33 1
o 34 1
x 35 1
x 36 1
x 37 1
x 38 1
x 40 1
o 41 1
x 42 1
x 43 1
x 44 1
x 45 1
o 46 1
x 47 1
x 48 1
x 49 1
x 50 1
x 51 1
x 52 1
o 53 1
x 54 1
x 55 1
x 56 1
x 57 1
x 59 1
x 60 1
o 61 1
x 62 1
x 63 1
x 64 1
x 65 1
x 66 1
x 68 1
x 69 1
o 70 1
x 71 1
x 72 1
x 73 1
x 74 1
x 75 1
x 76 1
x 77 1
x 78 1
o 79 1
x 81 1
x 82 1
o 83 1
x 84 1
x 86 1
x 87 1
x 88 1
x 89 1
x 90 1
x 91 1
x 93 1
x 94 1
x 95 1
x 96 1
x 97 1
x 99 1
+ 2 11
+ 2 100
x 39 2
x 58 2
x 67 2
x 80 2
x 85 2
x 98 2
+ 3 100
+ 4 100
+ 100 5
+ 100 6
+ 100 7
+ 100 8
+ 100 9
+ 10 100
+ 11 100
+ 100 12
+ 100 13
+ 14 100
+ 15 100
+ 16 100
+ 100 17
+ 99 19
+ 100 19
+ 21 99
+ 21 100
+ 99 23
+ 100 23
+ 25 99
+ 100 25
+ 100 26
+ 27 100
+ 28 100
+ 29 100
+ 100 30
+ 32 100
+ 99 32
+ 34 99
+ 100 34
+ 100 35
+ 100 36
+ 99 38
+ 100 38
+ 99 40
+ 41 99
+ 99 42
+ 100 42
+ 99 44
+ 100 44
+ 46 100
+ 99 46
+ 98 49
+ 99 49
+ 51 98
+ 52 98
+ 99 52
+ 99 53
+ 55 98
+ 99 55
+ 99 56
+ 99 57
+ 99 58
+ 98 60
+ 99 60
+ 62 99
+ 98 62
+ 64 98
+ 99 64
+ 99 65
+ 67 98
+ 98 68
+ 99 68
+ 70 99
+ 71 97
+ 100 71
+ 73 100
+ 97 73
+ 75 100
+ 96 76
+ 100 77
+ 94 80
+ 98 81
+ 93 83
+ 84 97
+ 85 93
+ 94 86
+ 96 87
+ 89 93
+ 95 90
Case #21: 151 0
Case #22: 233 123
+ 1 1
+ 1 7
+ 1 9
+ 1 13
+ 1 14
+ 1 18
+ 1 21
+ 1 23
+ 1 24
+ 1 28
+ 1 29
+ 1 36
+ 1 37
+ 1 41
+ 1 43
+ 1 47
+ 1 48
+ 1 49
+ 1 50
+ 1 56
+ 1 63
+ 1 66
+ 1 67
+ 1 68
+ 1 69
+ 1 78
+ 1 79
+ 1 83
+ 1 87
+ 1 88
+ 1 89
+ 3 1
+ 4 1
+ 6 1
o 8 1
x 9 1
x 10 1
+ 12 1
+ 16 1
o 17 1
x 18 1
x 21 1
x 24 1
x 25 1
+ 30 1
x 31 1
o 33 1
o 35 1
o 40 1
x 44 1
x 52 1
x 53 1
x 55 1
x 56 1
+ 57 1
x 64 1
x 65 1
x 67 1
x 68 1
x 69 1
x 75 1
x 83 1
x 84 1
x 85 1
x 88 1
x 7 2
+ 10 2
+ 14 2
x 34 2
x 39 2
x 45 2
x 47 2
+ 51 2
x 54 2
x 60 2
x 62 2
x 66 2
x 70 2
x 77 2
x 87 2
x 15 3
x 27 3
+ 29 3
x 73 3
x 4 5
+ 4 89
x 5 4
+ 17 4
x 26 4
+ 31 4
x 49 4
+ 5 89
+ 13 7
+ 89 7
+ 8 89
+ 9 89
+ 10 89
+ 89 11
+ 89 12
+ 13 89
+ 14 89
+ 16 89
+ 17 89
+ 18 89
+ 19 89
+ 20 89
+ 89 21
+ 89 22
+ 89 23
+ 89 28
+ 30 88
+ 88 34
+ 37 89
+ 39 89
+ 85 42
+ 86 45
+ 89 45
+ 89 47
+ 85 48
+ 50 88
+ 89 51
+ 59 83
+ 83 63
Case #23: 261 133
+ 1 2
+ 1 3
+ 1 4
+ 1 5
+ 1 9
+ 1 10
+ 1 14
+ 1 19
+ 1 21
+ 1 25
+ 1 27
+ 1 32
+ 1 36
+ 1 39
+ 1 44
+ 1 45
+ 1 46
+ 1 48
+ 1 51
+ 1 52
+ 1 54
+ 1 56
+ 1 59
+ 1 65
+ 1 67
+ 1 69
+ 1 71
+ 1 74
+ 1 77
+ 1 78
+ 1 87
+ 1 88
+ 1 91
+ 1 95
+ 1 98
x 2 1
+ 7 1
x 10 1
x 12 1
x 14 1
o 15 1
x 16 1
+ 17 1
+ 22 1
o 23 1
o 24 1
+ 26 1
+ 28 1
o 29 1
+ 33 1
x 34 1
o 35 1
x 37 1
x 41 1
x 44 1
+ 50 1
x 51 1
o 55 1
+ 57 1
+ 60 1
x 62 1
x 69 1
x 70 1
x 78 1
+ 80 1
x 82 1
x 84 1
+ 85 1
+ 89 1
x 94 1
x 95 1
x 98 1
+ 2 39
+ 2 98
+ 5 2
+ 10 2
x 11 2
x 13 2
+ 15 2
x 18 2
x 22 2
x 27 2
x 40 2
x 43 2
x 49 2
x 54 2
x 61 2
x 63 2
x 68 2
x 71 2
x 77 2
x 89 2
x 96 2
x 17 3
x 26 3
x 39 3
+ 40 3
x 60 3
x 91 3
+ 4 34
+ 5 4
x 38 4
x 52 4
+ 98 4
+ 6 25
+ 98 12
+ 98 18
+ 23 98
+ 26 97
+ 26 98
+ 98 28
+ 98 29
+ 98 30
+ 98 34
+ 96 35
+ 36 98
+ 95 38
+ 98 38
+ 98 40
+ 96 41
+ 96 43
+ 97 47
+ 49 97
+ 93 50
+ 98 54
+ 56 98
+ 89 56
+ 58 98
+ 83 64
+ 94 64
+ 69 86
+ 95 69
+ 95 71
Case #24: 238 133
+ 1 1
+ 1 2
+ 1 3
+ 1 4
+ 1 6
+ 1 8
+ 1 16
+ 1 18
+ 1 21
+ 1 23
+ 1 24
+ 1 25
+ 1 27
+ 1 31
+ 1 33
+ 1 34
+ 1 39
+ 1 40
+ 1 46
+ 1 49
+ 1 51
+ 1 53
+ 1 55
+ 1 59
+ 1 60
+ 1 64
+ 1 66
+ 1 70
+ 1 72
+ 1 75
+ 1 78
+ 1 79
+ 1 80
+ 1 81
+ 1 84
+ 1 86
+ 1 88
x 3 1
x 4 1
+ 5 1
x 7 1
o 10 1
+ 11 1
+ 12 1
x 15 1
+ 17 1
x 18 1
x 19 1
o 20 1
x 22 1
o 29 1
+ 37 1
+ 41 1
+ 42 1
+ 44 1
x 46 1
x 50 1
x 56 1
x 59 1
+ 62 1
x 72 1
x 73 1
x 87 1
x 88 1
x 2 2
x 5 2
x 9 2
x 13 2
x 17 2
x 26 2
+ 27 2
x 31 2
x 43 2
x 45 2
x 47 2
o 49 2
x 54 2
x 63 2
x 70 2
x 78 2
x 83 2
+ 5 3
+ 20 3
x 33 3
x 36 3
x 53 3
x 57 3
x 62 3
x 65 3
x 69 3
x 85 3
+ 88 3
+ 4 12
+ 4 88
+ 11 4
+ 27 4
x 76 4
x 51 5
+ 6 88
+ 14 6
+ 88 8
+ 88 9
+ 88 11
+ 19 14
+ 88 14
+ 15 88
+ 88 17
+ 20 88
+ 23 87
+ 88 23
+ 28 88
+ 88 29
+ 88 30
+ 31 88
+ 88 32
+ 33 88
+ 86 36
+ 88 37
+ 86 38
+ 40 86
+ 43 87
+ 88 44
+ 46 83
+ 46 88
+ 86 49
+ 87 49
+ 85 53
+ 87 54
+ 85 55
+ 84 58
+ 84 60
+ 83 63
+ 75 72
Case #25: 81 45
+ 1 1
+ 1 3
+ 1 4
+ 1 5
+ 1 6
+ 1 7
+ 1 8
+ 1 9
+ 1 10
+ 1 13
+ 1 14
+ 1 17
+ 1 18
+ 1 20
+ 1 23
+ 1 26
+ 1 29
+ 1 31
+ 2 1
x 7 1
x 13 1
x 14 1
+ 16 1
x 18 1
x 22 1
x 24 1
x 25 1
x 27 1
x 4 2
x 9 2
x 15 2
x 17 2
x 23 2
x 28 2
+ 9 3
x 11 3
+ 31 3
+ 4 31
+ 8 31
+ 31 11
+ 15 29
+ 26 15
+ 26 17
+ 26 19
+ 25 21
Case #26: 148 0
Case #27: 262 136
+ 1 1
+ 1 3
+ 1 4
+ 1 12
+ 1 17
+ 1 19
+ 1 22
+ 1 24
+ 1 28
+ 1 29
+ 1 35
+ 1 38
+ 1 39
+ 1 57
+ 1 59
+ 1 61
+ 1 67
+ 1 69
+ 1 71
+ 1 74
+ 1 75
+ 1 77
+ 1 84
+ 1 85
+ 1 86
+ 1 87
+ 1 90
+ 1 92
+ 1 93
+ 1 94
+ 1 95
+ 1 96
+ 1 97
o 1 98
+ 1 99
+ 5 1
o 7 1
+ 9 1
o 10 1
o 11 1
x 13 1
+ 15 1
x 16 1
+ 18 1
x 28 1
o 30 1
o 31 1
x 40 1
+ 41 1
+ 44 1
x 45 1
x 46 1
x 48 1
x 56 1
x 65 1
x 70 1
x 75 1
x 76 1
x 80 1
x 87 1
x 93 1
x 96 1
x 98 1
x 99 1
x 2 5
+ 2 44
+ 2 48
+ 2 54
+ 5 2
+ 13 2
x 26 2
o 35 2
o 39 2
x 44 2
x 62 2
x 67 2
x 69 2
x 72 2
x 74 2
x 79 2
x 91 2
x 97 2
+ 3 44
+ 19 3
x 20 3
x 34 3
x 50 3
x 61 3
x 71 3
x 78 3
x 83 3
+ 99 3
+ 4 30
x 33 4
x 77 4
x 18 5
+ 47 5
x 59 5
x 81 5
+ 18 6
x 58 6
+ 99 6
x 57 7
+ 99 8
+ 99 10
+ 11 99
+ 99 13
+ 99 14
+ 99 15
+ 17 99
+ 24 99
+ 99 25
+ 99 26
+ 28 99
+ 30 99
+ 99 31
+ 32 99
+ 99 33
+ 34 99
+ 36 98
+ 36 99
+ 40 99
+ 98 40
+ 99 43
+ 98 49
+ 98 51
+ 94 56
+ 97 56
+ 94 58
+ 94 60
+ 62 93
+ 92 65
+ 92 68
+ 90 69
+ 71 90
+ 82 80
Case #28: 298 100
o 1 1
x 2 1
x 3 1
x 4 1
x 5 1
x 6 1
x 7 1
x 8 1
x 9 1
x 10 1
x 11 1
x 12 1
x 13 1
x 14 1
x 15 1
x 16 1
x 17 1
x 18 1
x 19 1
x 20 1
x 21 1
x 22 1
x 23 1
x 24 1
x 25 1
x 26 1
x 27 1
x 28 1
x 29 1
x 30 1
x 31 1
x 32 1
x 33 1
x 34 1
x 35 1
x 36 1
x 37 1
x 38 1
x 39 1
x 40 1
x 41 1
x 42 1
x 43 1
x 44 1
x 45 1
x 46 1
x 47 1
x 48 1
x 49 1
x 50 1
x 51 1
x 52 1
x 53 1
x 54 1
x 55 1
x 56 1
x 57 1
x 58 1
x 59 1
x 60 1
x 61 1
x 62 1
x 63 1
x 64 1
x 65 1
x 66 1
x 67 1
x 68 1
x 69 1
x 70 1
x 71 1
x 72 1
x 73 1
x 74 1
x 75 1
x 76 1
x 77 1
x 78 1
x 79 1
x 80 1
x 81 1
x 82 1
x 83 1
x 84 1
x 85 1
x 86 1
x 87 1
x 88 1
x 89 1
x 90 1
x 91 1
x 92 1
x 93 1
x 94 1
x 95 1
x 96 1
x 97 1
x 98 1
x 99 1
x 100 1
Case #29: 280 179
+ 1 2
+ 1 6
x 1 7
+ 1 8
+ 1 9
+ 1 11
+ 1 12
+ 1 19
+ 1 21
+ 1 22
+ 1 23
+ 1 25
+ 1 29
+ 1 31
+ 1 33
+ 1 35
+ 1 37
+ 1 41
+ 1 42
+ 1 44
+ 1 47
+ 1 49
+ 1 51
+ 1 52
+ 1 53
+ 1 54
+ 1 58
+ 1 59
+ 1 61
+ 1 62
+ 1 63
+ 1 65
+ 1 67
+ 1 70
+ 1 72
+ 1 73
+ 1 75
+ 1 77
+ 1 81
+ 1 82
+ 1 88
+ 1 89
+ 1 96
+ 1 98
+ 1 100
+ 3 1
x 7 1
x 12 1
x 15 1
x 16 1
x 17 1
x 20 1
x 27 1
o 30 1
x 34 1
x 35 1
+ 38 1
x 48 1
x 58 1
x 61 1
x 70 1
x 74 1
x 76 1
x 78 1
x 81 1
x 84 1
x 85 1
x 88 1
x 90 1
+ 95 1
x 100 1
+ 2 14
+ 2 17
+ 2 27
+ 2 100
x 11 2
x 19 2
x 23 2
x 26 2
x 29 2
x 52 2
x 54 2
x 63 2
x 75 2
x 82 2
x 89 2
x 98 2
o 3 5
x 5 3
x 10 3
x 25 3
x 28 3
x 86 3
x 97 3
+ 100 3
+ 4 100
x 50 4
x 96 4
+ 28 5
x 66 5
x 95 5
+ 100 5
+ 7 99
+ 7 100
x 92 8
+ 100 8
+ 100 9
+ 10 100
+ 11 100
+ 100 12
+ 100 13
+ 14 100
+ 15 100
+ 16 100
+ 17 100
+ 18 100
+ 100 19
+ 100 20
+ 21 100
+ 22 100
+ 24 99
+ 100 24
+ 100 25
+ 100 26
+ 27 100
+ 100 28
+ 100 29
+ 30 100
+ 100 31
+ 32 100
+ 33 100
+ 100 34
+ 35 100
+ 100 36
+ 37 100
+ 100 38
+ 40 99
+ 100 40
+ 99 42
+ 43 99
+ 44 99
+ 100 44
+ 100 45
+ 46 100
+ 99 48
+ 100 48
+ 50 99
+ 100 50
+ 52 99
+ 100 52
+ 100 53
+ 100 54
+ 55 100
+ 56 100
+ 100 57
+ 100 58
+ 100 59
+ 100 60
+ 61 100
+ 62 100
+ 64 99
+ 99 65
+ 100 65
+ 99 67
+ 100 67
+ 98 70
+ 98 72
+ 95 74
+ 98 74
+ 76 95
+ 96 77
+ 97 77
+ 97 79
+ 95 80
+ 97 81
+ 94 83
+ 87 93
+ 92 87
+ 89 92
Case #30: 157 81
+ 1 1
+ 1 2
+ 1 3
+ 1 5
+ 1 6
+ 1 8
+ 1 10
+ 1 12
+ 1 16
+ 1 18
+ 1 24
+ 1 28
+ 1 30
+ 1 33
+ 1 34
+ 1 35
+ 1 37
+ 1 38
+ 1 39
+ 1 43
+ 1 44
+ 1 46
+ 1 47
+ 1 48
+ 1 49
+ 1 50
+ 1 53
+ 1 54
+ 4 1
x 6 1
x 8 1
x 10 1
+ 11 1
x 15 1
x 19 1
o 32 1
x 33 1
x 50 1
o 52 1
x 55 1
+ 57 1
x 58 1
x 59 1
x 60 1
x 2 2
+ 2 20
+ 2 28
+ 2 60
x 4 2
+ 6 2
x 7 2
x 9 2
x 17 2
+ 21 2
x 36 2
+ 12 3
x 13 3
x 16 3
x 20 3
x 26 3
x 41 3
x 53 3
+ 5 60
x 39 5
+ 6 60
+ 60 8
+ 10 60
+ 60 12
+ 60 13
+ 60 15
+ 16 60
+ 21 60
+ 60 22
+ 60 23
+ 57 28
+ 58 31
+ 33 58
+ 59 34
+ 60 37
+ 58 40
+ 52 47
Case #31: 55 0
Case #32: 253 129
+ 1 6
+ 1 9
+ 1 11
+ 1 13
+ 1 14
+ 1 18
+ 1 19
+ 1 22
+ 1 24
+ 1 28
+ 1 32
+ 1 34
+ 1 40
+ 1 42
+ 1 51
+ 1 53
+ 1 55
+ 1 59
+ 1 64
+ 1 65
+ 1 66
+ 1 67
+ 1 68
+ 1 69
+ 1 70
+ 1 73
+ 1 74
+ 1 75
+ 1 81
+ 1 84
+ 1 85
+ 1 86
+ 1 88
+ 1 90
+ 1 91
+ 1 92
+ 1 93
+ 1 96
x 2 1
x 3 1
x 4 1
o 5 1
x 10 1
o 12 1
x 14 1
+ 15 1
+ 16 1
o 21 1
x 22 1
+ 26 1
+ 27 1
o 31 1
+ 36 1
x 37 1
+ 39 1
x 40 1
+ 43 1
+ 44 1
x 46 1
+ 48 1
+ 49 1
+ 50 1
x 54 1
o 56 1
+ 57 1
x 63 1
x 66 1
x 71 1
x 72 1
x 76 1
x 80 1
x 82 1
x 92 1
x 93 1
x 96 1
o 7 2
x 13 2
x 25 2
x 27 2
x 45 2
+ 46 2
x 49 2
x 78 2
x 85 2
x 91 2
+ 3 39
+ 15 3
x 16 3
x 19 3
+ 21 3
x 35 3
+ 36 3
x 38 3
x 77 3
x 84 3
x 90 3
x 23 4
x 34 4
o 43 4
x 51 4
+ 96 4
x 33 5
x 88 5
+ 8 96
+ 17 9
+ 96 9
+ 12 18
+ 96 12
+ 17 96
+ 18 96
+ 96 23
+ 96 24
+ 26 96
+ 96 27
+ 96 30
+ 96 31
+ 96 34
+ 36 96
+ 42 95
+ 94 42
+ 94 44
+ 45 96
+ 88 52
+ 89 55
+ 85 58
+ 87 64
+ 86 67
+ 77 71
+ 84 71
Case #33: 98 0
Case #34: 298 251
+ 1 1
+ 1 2
+ 1 3
+ 1 4
+ 1 5
+ 1 6
+ 1 7
+ 1 8
+ 1 9
+ 1 10
+ 1 11
+ 1 12
+ 1 13
+ 1 14
+ 1 15
+ 1 16
+ 1 17
+ 1 18
+ 1 19
+ 1 20
+ 1 21
+ 1 22
+ 1 23
+ 1 24
+ 1 25
+ 1 26
+ 1 27
+ 1 28
+ 1 29
+ 1 30
+ 1 31
+ 1 32
+ 1 33
+ 1 34
+ 1 35
+ 1 36
+ 1 37
+ 1 38
+ 1 39
+ 1 40
+ 1 41
+ 1 42
+ 1 43
+ 1 44
+ 1 45
+ 1 46
+ 1 47
+ 1 48
+ 1 49
+ 1 50
+ 1 51
+ 1 52
+ 1 53
+ 1 54
+ 1 55
+ 1 56
+ 1 57
+ 1 58
+ 1 59
+ 1 60
+ 1 61
+ 1 62
+ 1 63
+ 1 64
+ 1 65
+ 1 66
+ 1 67
+ 1 68
+ 1 69
+ 1 70
+ 1 71
+ 1 72
+ 1 73
+ 1 74
+ 1 75
+ 1 76
+ 1 77
+ 1 78
+ 1 79
+ 1 80
+ 1 81
+ 1 82
+ 1 83
+ 1 84
o 1 85
+ 1 86
+ 1 87
+ 1 88
+ 1 89
+ 1 90
+ 1 91
+ 1 92
+ 1 93
+ 1 94
+ 1 95
+ 1 96
+ 1 97
+ 1 98
+ 1 99
+ 1 100
x 3 1
x 7 1
x 16 1
x 25 1
x 27 1
x 30 1
x 31 1
x 34 1
x 35 1
x 39 1
x 40 1
x 41 1
x 42 1
x 44 1
x 46 1
x 47 1
x 55 1
x 60 1
x 65 1
x 66 1
x 68 1
x 72 1
x 73 1
x 76 1
x 78 1
x 81 1
x 85 1
x 86 1
x 94 1
x 96 1
x 99 1
x 5 2
x 10 2
x 13 2
x 26 2
x 36 2
x 43 2
x 45 2
x 53 2
x 69 2
x 71 2
x 77 2
x 80 2
x 84 2
x 95 2
+ 100 2
x 23 3
x 57 3
+ 100 3
x 8 4
x 56 4
x 90 4
+ 100 4
x 21 5
+ 100 5
x 20 6
+ 100 6
+ 100 7
+ 100 8
x 17 9
+ 100 9
+ 100 10
+ 100 11
+ 100 12
+ 100 13
+ 100 14
+ 100 15
+ 100 16
+ 100 17
+ 100 18
+ 100 19
+ 100 20
+ 100 21
+ 100 22
+ 100 23
+ 100 24
+ 100 25
+ 100 26
+ 100 27
+ 100 28
+ 100 29
+ 100 30
+ 100 31
+ 100 32
+ 100 33
+ 100 34
+ 100 35
+ 100 36
+ 100 37
+ 100 38
+ 100 39
+ 100 40
+ 100 41
+ 100 42
+ 100 43
+ 100 44
+ 100 45
+ 100 46
+ 100 47
+ 100 48
+ 100 49
+ 100 50
+ 100 51
+ 100 52
+ 100 53
+ 100 54
+ 100 55
+ 100 56
+ 100 57
+ 100 58
+ 100 59
+ 100 60
+ 100 61
+ 100 62
+ 100 63
+ 100 64
+ 100 65
+ 100 66
+ 100 67
+ 100 68
+ 100 69
+ 100 70
+ 100 71
+ 100 72
+ 100 73
+ 100 74
+ 100 75
+ 100 76
+ 100 77
+ 100 78
+ 100 79
+ 100 80
+ 100 81
+ 100 82
+ 100 83
+ 100 84
+ 100 85
+ 100 86
+ 100 87
+ 100 88
+ 100 89
+ 100 90
+ 100 91
o 100 92
+ 100 93
+ 100 94
+ 100 95
+ 100 96
+ 100 97
+ 100 98
+ 100 99
Case #35: 265 145
+ 1 1
x 1 2
+ 1 6
+ 1 8
+ 1 10
+ 1 11
+ 1 12
+ 1 15
+ 1 19
+ 1 20
+ 1 21
+ 1 23
+ 1 25
+ 1 26
+ 1 27
+ 1 28
+ 1 29
+ 1 32
+ 1 33
+ 1 42
+ 1 59
+ 1 61
+ 1 63
+ 1 64
+ 1 65
+ 1 66
+ 1 69
+ 1 72
+ 1 73
+ 1 74
+ 1 75
+ 1 84
+ 1 85
+ 1 90
+ 1 91
+ 1 95
+ 1 98
+ 1 99
+ 3 1
+ 4 1
+ 5 1
o 7 1
x 12 1
x 15 1
+ 16 1
o 17 1
+ 18 1
x 19 1
x 20 1
+ 24 1
x 30 1
+ 31 1
+ 35 1
+ 37 1
x 41 1
x 50 1
x 52 1
x 53 1
x 54 1
+ 56 1
x 58 1
x 61 1
x 62 1
x 63 1
x 64 1
x 70 1
x 71 1
x 74 1
x 75 1
x 81 1
x 83 1
x 84 1
x 90 1
+ 92 1
x 94 1
x 95 1
x 97 1
+ 2 52
+ 2 61
x 11 2
+ 13 2
x 22 2
o 29 2
x 34 2
x 45 2
x 49 2
+ 53 2
+ 56 2
x 73 2
x 98 2
+ 99 2
x 3 4
+ 3 99
x 10 3
+ 11 3
x 38 3
x 72 3
x 27 4
+ 36 4
x 43 4
x 47 4
x 55 4
x 26 5
+ 30 5
x 42 5
x 66 5
+ 99 5
+ 6 99
x 25 6
x 65 6
+ 99 10
+ 11 99
+ 12 99
+ 17 99
+ 19 99
+ 20 99
+ 21 99
+ 99 25
+ 99 27
+ 99 28
+ 30 99
+ 99 34
+ 98 36
+ 98 39
+ 99 39
+ 41 98
+ 99 41
+ 95 47
+ 96 47
+ 49 96
+ 98 52
+ 99 52
+ 99 54
+ 97 55
+ 57 97
+ 59 98
+ 61 98
+ 99 62
+ 92 64
+ 92 66
+ 91 69
+ 71 92
+ 91 73
+ 90 76
+ 85 80
Case #36: 225 114
+ 1 1
x 1 2
+ 1 3
+ 1 4
+ 1 5
+ 1 6
+ 1 8
+ 1 10
+ 1 14
+ 1 16
+ 1 17
+ 1 18
+ 1 20
+ 1 24
+ 1 25
+ 1 26
+ 1 27
+ 1 34
+ 1 35
+ 1 37
+ 1 40
+ 1 41
+ 1 43
+ 1 45
+ 1 47
+ 1 48
+ 1 51
+ 1 53
+ 1 57
+ 1 58
+ 1 67
+ 1 68
+ 1 69
+ 1 70
+ 1 74
+ 1 76
+ 1 78
+ 1 82
o 2 1
x 4 1
x 8 1
x 9 1
x 19 1
x 22 1
x 23 1
x 25 1
x 31 1
o 32 1
x 33 1
x 37 1
x 40 1
+ 49 1
+ 55 1
+ 60 1
x 64 1
x 65 1
x 66 1
x 71 1
x 81 1
x 82 1
x 85 1
+ 2 14
x 6 2
x 12 2
o 27 2
x 36 2
+ 38 2
x 39 2
+ 41 2
x 43 2
o 60 2
x 63 2
x 73 2
+ 3 85
+ 5 3
x 11 3
+ 20 3
x 35 3
x 38 3
x 62 3
+ 9 4
x 10 4
+ 27 4
x 34 4
x 68 4
+ 5 15
x 67 5
+ 6 85
x 56 6
x 55 7
+ 9 85
x 52 10
+ 85 10
+ 11 85
+ 13 85
+ 14 85
+ 20 17
+ 84 20
+ 22 84
+ 24 85
+ 83 27
+ 84 27
+ 32 85
+ 84 32
+ 34 85
+ 36 85
+ 82 36
+ 85 38
+ 85 40
+ 77 43
+ 48 80
+ 51 81
+ 82 52
+ 83 57
Case #37: 188 100
+ 1 1
+ 1 4
+ 1 5
+ 1 7
+ 1 15
+ 1 16
+ 1 20
+ 1 22
+ 1 25
+ 1 31
+ 1 32
+ 1 33
+ 1 37
+ 1 39
+ 1 40
+ 1 43
+ 1 44
+ 1 46
+ 1 47
+ 1 55
+ 1 59
+ 1 60
+ 1 62
+ 1 64
+ 1 67
+ 1 69
+ 1 70
+ 1 71
x 7 1
+ 10 1
+ 11 1
+ 12 1
x 17 1
o 21 1
x 24 1
x 27 1
o 28 1
x 30 1
+ 35 1
x 37 1
x 38 1
x 39 1
x 43 1
x 44 1
x 48 1
x 57 1
+ 61 1
x 64 1
x 67 1
x 68 1
x 4 2
x 6 2
x 10 2
x 26 2
+ 28 2
x 29 2
x 31 2
x 34 2
x 41 2
x 45 2
x 51 2
+ 56 2
+ 3 11
x 15 3
x 25 3
x 33 3
x 40 3
x 55 3
+ 4 33
+ 4 71
x 14 4
x 18 4
x 60 4
x 13 5
+ 20 5
x 59 5
x 12 6
+ 7 71
+ 71 8
+ 9 71
+ 71 13
+ 14 71
+ 19 71
+ 20 71
+ 24 71
+ 71 26
+ 71 29
+ 30 71
+ 71 32
+ 71 33
+ 34 71
+ 69 39
+ 67 43
+ 68 46
+ 49 67
+ 62 49
+ 68 50
+ 67 53
+ 54 61
+ 65 57
Case #38: 24 10
+ 1 2
+ 1 10
o 4 1
+ 7 1
x 8 1
+ 2 10
x 6 3
x 5 4
+ 5 9
+ 5 10
Case #39: 223 113
+ 1 3
+ 1 5
+ 1 6
+ 1 7
+ 1 9
+ 1 14
+ 1 20
+ 1 23
+ 1 24
+ 1 25
o 1 27
+ 1 39
+ 1 42
+ 1 43
+ 1 46
+ 1 48
+ 1 55
+ 1 56
+ 1 57
+ 1 58
+ 1 60
+ 1 62
+ 1 63
+ 1 67
+ 1 68
+ 1 74
+ 1 79
+ 1 80
+ 1 82
+ 1 83
+ 1 85
x 3 1
x 5 1
x 9 1
o 15 1
+ 17 1
+ 18 1
+ 19 1
x 22 1
x 23 1
x 29 1
+ 30 1
o 33 1
+ 34 1
+ 37 1
x 38 1
+ 40 1
o 47 1
x 50 1
x 58 1
x 61 1
x 70 1
x 72 1
x 73 1
x 75 1
+ 78 1
x 84 1
x 85 1
x 2 2
+ 2 50
x 8 2
x 20 2
x 24 2
+ 28 2
x 32 2
x 36 2
x 40 2
+ 44 2
+ 51 2
x 54 2
x 60 2
x 71 2
x 74 2
x 77 2
x 83 2
+ 3 10
+ 9 3
x 26 3
x 35 3
x 56 3
x 63 3
+ 85 3
+ 19 4
x 62 4
+ 5 85
x 51 5
x 66 5
x 80 5
+ 20 7
+ 10 85
+ 18 11
+ 13 85
+ 16 85
+ 17 85
+ 19 84
+ 85 19
+ 85 20
+ 21 85
+ 22 85
+ 85 23
+ 27 85
+ 85 29
+ 85 30
+ 83 36
+ 41 84
+ 79 41
+ 47 81
+ 47 82
+ 82 48
+ 83 48
+ 51 82
+ 53 83
+ 84 53
Case #40: 278 224
o 1 1
+ 1 6
+ 1 8
+ 1 9
+ 1 13
+ 1 19
+ 1 20
+ 1 23
+ 1 25
+ 1 33
+ 1 37
+ 1 39
+ 1 40
+ 1 41
+ 1 45
+ 1 55
+ 1 58
+ 1 59
+ 1 65
+ 1 66
+ 1 70
+ 1 71
+ 1 75
+ 1 78
+ 1 79
+ 1 81
+ 1 82
+ 1 84
+ 1 86
+ 1 88
+ 1 89
+ 1 91
+ 1 92
+ 1 93
+ 1 94
+ 1 95
+ 1 96
+ 1 97
+ 1 98
+ 1 99
+ 1 100
x 2 1
o 3 1
x 4 1
x 5 1
x 6 1
x 7 1
x 8 1
x 9 1
x 10 1
x 11 1
x 12 1
x 13 1
o 14 1
x 15 1
x 16 1
x 17 1
x 18 1
x 19 1
x 20 1
x 21 1
o 22 1
x 23 1
x 24 1
x 25 1
x 26 1
x 27 1
x 28 1
o 29 1
x 30 1
x 31 1
o 32 1
x 33 1
x 34 1
x 35 1
x 36 1
x 37 1
x 38 1
x 39 1
x 40 1
x 41 1
x 42 1
x 43 1
x 44 1
x 45 1
x 46 1
x 47 1
x 48 1
x 49 1
x 50 1
x 51 1
x 52 1
o 53 1
x 54 1
x 55 1
x 56 1
x 57 1
x 58 1
x 59 1
x 60 1
x 61 1
x 62 1
x 63 1
x 64 1
x 65 1
x 66 1
x 67 1
x 68 1
x 69 1
x 70 1
x 71 1
o 72 1
x 73 1
x 74 1
x 75 1
x 76 1
x 77 1
x 78 1
x 79 1
x 80 1
x 81 1
x 82 1
x 83 1
x 84 1
x 85 1
x 86 1
x 87 1
x 88 1
x 89 1
x 90 1
x 91 1
x 92 1
x 93 1
x 94 1
x 95 1
x 96 1
x 97 1
x 98 1
x 99 1
x 100 1
+ 2 17
+ 2 27
+ 10 2
+ 100 2
+ 100 3
+ 100 4
+ 100 5
+ 100 6
+ 100 7
+ 100 8
+ 100 9
+ 100 10
+ 11 100
+ 100 12
+ 100 13
+ 14 100
+ 100 15
+ 16 100
+ 100 17
+ 100 18
+ 100 19
+ 100 20
+ 21 100
+ 100 22
+ 100 23
+ 24 100
+ 25 100
+ 100 26
+ 27 100
+ 28 100
+ 99 30
+ 100 30
+ 32 99
+ 32 100
+ 100 33
+ 34 100
+ 100 35
+ 100 36
+ 37 100
+ 38 100
+ 39 100
+ 40 100
+ 41 100
+ 100 42
+ 100 43
+ 44 100
+ 45 100
+ 100 46
+ 47 100
+ 49 99
+ 49 100
+ 100 50
+ 100 51
+ 100 52
+ 53 100
+ 54 100
+ 100 55
+ 100 56
+ 57 100
+ 58 100
+ 99 60
+ 100 60
+ 99 62
+ 99 63
+ 64 99
+ 65 99
+ 100 65
+ 100 66
+ 67 100
+ 100 68
+ 70 100
+ 97 72
+ 74 97
+ 98 74
+ 98 75
+ 98 76
+ 78 98
+ 97 78
+ 99 79
+ 96 81
+ 82 98
+ 84 95
+ 96 85
+ 97 85
Case #41: 275 187
o 1 21
+ 1 52
+ 1 56
+ 1 61
+ 1 63
+ 1 66
+ 1 67
+ 1 68
+ 1 69
+ 1 71
+ 1 75
+ 1 76
+ 1 91
+ 1 92
+ 1 93
+ 1 94
+ 1 98
x 4 1
x 5 1
x 6 1
x 7 1
x 8 1
o 9 1
o 10 1
x 12 1
o 13 1
x 14 1
x 15 1
x 16 1
x 17 1
x 18 1
x 19 1
x 22 1
x 23 1
x 25 1
x 26 1
o 27 1
x 28 1
x 29 1
o 30 1
x 31 1
x 33 1
x 34 1
x 35 1
x 36 1
x 37 1
x 38 1
x 39 1
x 41 1
x 42 1
x 43 1
x 44 1
x 47 1
x 48 1
x 49 1
x 50 1
x 51 1
x 53 1
x 54 1
x 55 1
x 56 1
x 57 1
x 59 1
x 60 1
o 62 1
x 63 1
x 64 1
x 65 1
x 67 1
x 68 1
x 69 1
x 70 1
o 73 1
x 74 1
x 75 1
x 76 1
x 78 1
x 79 1
x 80 1
x 81 1
x 82 1
x 83 1
x 84 1
x 85 1
x 86 1
x 87 1
x 89 1
x 90 1
x 91 1
x 92 1
x 93 1
x 94 1
x 95 1
x 97 1
x 98 1
x 99 1
x 100 1
+ 2 40
+ 2 100
x 11 2
x 21 2
x 24 2
x 40 2
x 46 2
x 61 2
x 72 2
x 88 2
x 96 2
+ 20 3
+ 100 3
+ 4 100
+ 100 5
+ 6 100
+ 100 7
+ 100 8
+ 100 9
+ 100 10
+ 11 100
+ 100 12
+ 13 100
+ 100 14
+ 15 100
+ 16 100
+ 17 100
+ 18 100
+ 19 100
+ 20 100
+ 21 100
+ 22 100
+ 23 100
+ 24 100
+ 100 25
+ 100 26
+ 27 100
+ 99 29
+ 100 29
+ 31 100
+ 99 31
+ 99 33
+ 99 34
+ 35 99
+ 36 99
+ 100 36
+ 100 37
+ 100 38
+ 39 100
+ 100 40
+ 41 100
+ 42 100
+ 43 100
+ 100 44
+ 46 99
+ 46 100
+ 48 100
+ 99 48
+ 50 99
+ 100 50
+ 99 52
+ 53 99
+ 99 54
+ 100 54
+ 56 99
+ 56 100
+ 100 57
+ 100 58
+ 100 59
+ 99 61
+ 100 61
+ 63 100
+ 64 98
+ 99 65
+ 100 65
+ 67 99
+ 67 100
+ 100 68
+ 69 100
+ 70 100
+ 72 100
+ 99 72
+ 74 99
+ 75 99
+ 100 75
+ 97 79
+ 96 81
+ 82 96
+ 96 83
+ 85 96
Case #42: 290 189
+ 1 4
+ 1 6
+ 1 11
+ 1 13
+ 1 14
+ 1 17
+ 1 18
o 1 19
+ 1 20
+ 1 21
+ 1 23
+ 1 24
+ 1 25
+ 1 26
+ 1 27
+ 1 28
+ 1 29
+ 1 30
+ 1 31
+ 1 32
+ 1 34
+ 1 35
+ 1 37
+ 1 38
+ 1 39
+ 1 40
+ 1 41
+ 1 42
+ 1 43
+ 1 44
+ 1 45
+ 1 46
+ 1 50
+ 1 51
+ 1 52
+ 1 54
+ 1 55
+ 1 56
+ 1 57
+ 1 58
+ 1 60
+ 1 62
+ 1 63
+ 1 64
+ 1 65
+ 1 66
+ 1 67
+ 1 68
+ 1 70
+ 1 71
+ 1 72
+ 1 74
+ 1 75
+ 1 76
+ 1 77
+ 1 78
+ 1 79
+ 1 80
+ 1 82
+ 1 83
+ 1 84
+ 1 85
+ 1 86
+ 1 88
+ 1 89
+ 1 90
+ 1 91
+ 1 92
+ 1 93
+ 1 95
+ 1 96
+ 1 97
+ 1 98
+ 1 99
+ 1 100
+ 5 1
+ 9 1
+ 15 1
x 35 1
+ 48 1
+ 49 1
x 51 1
+ 53 1
x 100 1
+ 2 9
x 2 18
x 50 2
+ 100 2
x 24 3
x 61 3
x 98 3
+ 100 3
x 27 4
x 46 4
+ 100 4
x 41 5
+ 100 5
x 40 6
+ 100 6
+ 7 100
x 39 7
x 57 7
x 71 7
x 80 8
+ 100 8
+ 100 9
x 68 10
+ 100 10
+ 100 11
+ 100 12
+ 100 13
+ 14 100
+ 100 15
+ 100 16
+ 100 17
+ 100 18
+ 100 19
+ 20 100
+ 100 21
+ 100 22
+ 100 23
+ 100 24
+ 100 25
+ 100 26
+ 100 27
+ 28 100
+ 100 29
+ 100 30
+ 100 31
+ 32 100
+ 100 33
+ 100 34
+ 100 35
+ 100 36
+ 100 37
+ 100 38
+ 100 39
+ 40 100
+ 100 41
+ 42 100
+ 100 43
+ 100 44
+ 100 45
+ 100 46
+ 100 47
+ 99 49
+ 100 49
+ 100 51
+ 52 98
+ 99 53
+ 99 54
+ 99 55
+ 99 56
+ 99 57
+ 99 58
+ 98 60
+ 99 60
+ 98 62
+ 99 62
+ 64 99
+ 98 64
+ 100 65
+ 66 98
+ 99 67
+ 100 67
+ 99 69
+ 100 69
+ 99 71
+ 100 71
+ 99 73
+ 100 73
+ 99 75
+ 100 75
+ 99 77
+ 100 77
+ 79 100
+ 99 79
+ 99 81
+ 100 81
+ 99 83
+ 100 83
o 85 100
+ 98 86
+ 88 99
+ 98 88
+ 100 89
+ 97 91
+ 98 93
+ 96 97
Case #43: 298 266
+ 1 1
+ 1 2
+ 1 3
+ 1 4
+ 1 5
+ 1 6
+ 1 7
+ 1 8
+ 1 9
+ 1 10
+ 1 11
+ 1 12
+ 1 13
+ 1 14
+ 1 15
+ 1 16
+ 1 17
+ 1 18
+ 1 19
+ 1 20
+ 1 21
+ 1 22
+ 1 23
+ 1 24
+ 1 25
+ 1 26
+ 1 27
+ 1 28
+ 1 29
+ 1 30
+ 1 31
+ 1 32
o 1 33
+ 1 34
+ 1 35
+ 1 36
+ 1 37
+ 1 38
+ 1 39
+ 1 40
+ 1 41
+ 1 42
+ 1 43
+ 1 44
+ 1 45
+ 1 46
+ 1 47
+ 1 48
+ 1 49
+ 1 50
+ 1 51
+ 1 52
+ 1 53
+ 1 54
+ 1 55
+ 1 56
+ 1 57
+ 1 58
+ 1 59
+ 1 60
+ 1 61
+ 1 62
+ 1 63
+ 1 64
+ 1 65
+ 1 66
+ 1 67
+ 1 68
+ 1 69
+ 1 70
+ 1 71
+ 1 72
+ 1 73
+ 1 74
+ 1 75
+ 1 76
+ 1 77
+ 1 78
+ 1 79
+ 1 80
+ 1 81
+ 1 82
+ 1 83
+ 1 84
+ 1 85
+ 1 86
+ 1 87
+ 1 88
+ 1 89
+ 1 90
+ 1 91
+ 1 92
+ 1 93
+ 1 94
+ 1 95
+ 1 96
+ 1 97
+ 1 98
+ 1 99
+ 1 100
x 5 1
x 6 1
x 12 1
x 14 1
x 15 1
x 17 1
x 18 1
x 19 1
x 20 1
x 22 1
x 24 1
x 27 1
x 29 1
x 30 1
x 31 1
x 34 1
x 35 1
x 40 1
x 41 1
x 43 1
x 45 1
x 46 1
x 50 1
x 55 1
x 59 1
x 66 1
x 67 1
x 68 1
x 70 1
x 72 1
x 73 1
x 74 1
x 76 1
x 77 1
x 79 1
x 82 1
x 83 1
x 90 1
x 91 1
x 93 1
x 94 1
x 95 1
x 96 1
x 99 1
x 8 2
x 11 2
x 23 2
x 33 2
x 39 2
x 42 2
x 44 2
x 49 2
x 54 2
x 58 2
x 69 2
x 89 2
x 92 2
x 98 2
+ 100 2
x 10 3
x 32 3
x 38 3
x 80 3
x 86 3
+ 100 3
x 37 4
x 52 4
x 63 4
+ 100 4
x 62 5
+ 100 5
x 61 6
+ 100 6
+ 100 7
+ 100 8
+ 100 9
+ 100 10
+ 100 11
+ 100 12
+ 100 13
+ 100 14
+ 100 15
+ 100 16
+ 100 17
+ 100 18
+ 100 19
+ 100 20
+ 100 21
+ 100 22
+ 100 23
+ 100 24
+ 100 25
+ 100 26
+ 100 27
+ 100 28
+ 100 29
+ 100 30
+ 100 31
+ 100 32
+ 100 33
+ 100 34
+ 100 35
+ 100 36
+ 100 37
+ 100 38
+ 100 39
+ 100 40
+ 100 41
+ 100 42
+ 100 43
+ 100 44
o 100 45
+ 100 46
+ 100 47
+ 100 48
+ 100 49
+ 100 50
+ 100 51
+ 100 52
+ 100 53
+ 100 54
+ 100 55
+ 100 56
+ 100 57
+ 100 58
+ 100 59
+ 100 60
+ 100 61
+ 100 62
+ 100 63
+ 100 64
+ 100 65
+ 100 66
+ 100 67
+ 100 68
+ 100 69
+ 100 70
+ 100 71
+ 100 72
+ 100 73
+ 100 74
+ 100 75
+ 100 76
+ 100 77
+ 100 78
+ 100 79
+ 100 80
+ 100 81
+ 100 82
+ 100 83
+ 100 84
+ 100 85
+ 100 86
+ 100 87
+ 100 88
+ 100 89
+ 100 90
+ 100 91
+ 100 92
+ 100 93
+ 100 94
+ 100 95
+ 100 96
+ 100 97
+ 100 98
+ 100 99
Case #44: 277 219
o 1 1
+ 1 17
+ 1 18
+ 1 21
+ 1 28
+ 1 29
+ 1 33
+ 1 41
+ 1 42
+ 1 44
+ 1 48
+ 1 50
+ 1 52
+ 1 53
+ 1 59
+ 1 60
+ 1 62
+ 1 66
+ 1 67
+ 1 68
+ 1 70
+ 1 71
+ 1 74
+ 1 76
+ 1 77
+ 1 78
+ 1 81
+ 1 83
+ 1 86
+ 1 89
+ 1 90
+ 1 91
+ 1 92
+ 1 93
+ 1 96
+ 1 99
+ 1 100
x 2 1
x 3 1
x 4 1
o 5 1
o 6 1
o 7 1
x 8 1
x 9 1
x 10 1
o 11 1
x 12 1
x 13 1
x 14 1
x 15 1
x 16 1
x 17 1
x 18 1
o 19 1
x 20 1
x 21 1
x 22 1
o 23 1
x 24 1
x 25 1
x 26 1
x 27 1
x 28 1
x 29 1
o 30 1
x 31 1
x 32 1
x 33 1
x 34 1
x 35 1
o 36 1
x 37 1
x 38 1
x 39 1
x 40 1
x 41 1
x 42 1
x 43 1
x 44 1
o 45 1
x 46 1
x 47 1
x 48 1
x 49 1
x 50 1
x 51 1
x 52 1
x 53 1
x 54 1
x 55 1
o 56 1
x 57 1
x 58 1
x 59 1
x 60 1
x 61 1
x 62 1
x 63 1
x 64 1
x 65 1
x 66 1
x 67 1
x 68 1
x 69 1
x 70 1
x 71 1
x 72 1
x 73 1
x 74 1
x 75 1
x 76 1
x 77 1
x 78 1
o 79 1
x 80 1
x 81 1
x 82 1
x 83 1
x 84 1
x 85 1
x 86 1
x 87 1
x 88 1
x 89 1
x 90 1
x 91 1
x 92 1
x 93 1
x 94 1
x 95 1
x 96 1
x 97 1
x 98 1
x 99 1
x 100 1
+ 2 11
+ 2 15
+ 30 2
+ 100 2
+ 3 100
+ 4 100
+ 100 5
+ 6 100
+ 7 100
+ 100 8
+ 100 9
+ 100 10
+ 100 11
+ 100 12
+ 13 100
+ 14 100
+ 100 15
+ 16 100
+ 17 100
+ 100 18
+ 19 100
+ 100 20
+ 21 100
+ 99 23
+ 99 24
+ 25 99
+ 99 26
+ 100 26
+ 28 99
+ 100 28
+ 100 29
+ 100 30
+ 100 31
+ 32 100
+ 100 33
+ 100 34
+ 100 35
+ 36 100
+ 37 100
+ 38 100
+ 40 100
+ 99 40
+ 99 42
+ 100 42
+ 44 99
+ 44 100
+ 46 99
+ 46 100
+ 100 47
+ 99 49
+ 100 49
+ 99 51
+ 100 51
+ 53 99
+ 54 99
+ 100 54
+ 100 55
+ 57 99
+ 100 57
+ 100 58
+ 100 59
+ 100 60
+ 61 100
+ 62 100
+ 100 63
+ 64 100
+ 66 99
+ 66 100
+ 100 67
+ 100 69
+ 71 97
+ 99 72
+ 97 73
+ 74 99
+ 100 75
+ 96 76
+ 77 100
+ 95 79
+ 81 95
+ 95 83
+ 96 83
+ 95 86
+ 88 95
Case #45: 286 186
+ 1 2
+ 1 3
+ 1 4
+ 1 6
+ 1 11
+ 1 13
+ 1 14
+ 1 17
+ 1 20
+ 1 22
+ 1 23
+ 1 24
+ 1 25
+ 1 26
+ 1 28
+ 1 29
+ 1 31
+ 1 33
+ 1 34
+ 1 35
+ 1 36
+ 1 37
+ 1 38
+ 1 39
+ 1 40
+ 1 42
+ 1 43
+ 1 45
+ 1 48
+ 1 49
+ 1 50
+ 1 51
+ 1 52
+ 1 53
+ 1 54
+ 1 55
o 1 56
+ 1 58
+ 1 59
+ 1 61
+ 1 62
+ 1 63
+ 1 64
+ 1 66
+ 1 67
+ 1 68
+ 1 70
+ 1 72
+ 1 73
+ 1 74
+ 1 76
+ 1 77
+ 1 78
+ 1 81
+ 1 82
+ 1 84
+ 1 85
+ 1 86
+ 1 88
+ 1 89
+ 1 90
+ 1 91
+ 1 92
+ 1 93
+ 1 95
+ 1 96
+ 1 97
+ 1 98
+ 1 99
+ 1 100
+ 10 1
+ 12 1
x 16 1
+ 18 1
+ 41 1
x 47 1
+ 71 1
x 77 1
+ 2 20
+ 4 2
+ 7 2
x 15 2
x 99 2
+ 100 2
x 4 3
x 94 3
x 98 3
+ 100 3
x 43 4
x 93 4
+ 100 4
x 42 5
x 82 5
+ 100 5
x 18 6
x 55 6
x 91 6
+ 100 6
+ 7 100
x 54 7
x 69 7
x 9 8
x 39 8
x 68 8
+ 100 8
+ 100 9
x 51 10
+ 100 10
+ 100 11
+ 100 12
+ 100 13
+ 14 100
+ 100 15
+ 100 16
+ 100 17
+ 18 100
+ 100 19
+ 100 20
+ 21 100
+ 22 100
+ 100 23
+ 100 24
+ 100 25
+ 26 100
+ 100 27
+ 100 28
+ 100 29
+ 31 99
+ 100 31
+ 100 32
+ 100 33
+ 100 34
+ 100 35
+ 36 100
+ 100 37
+ 100 38
+ 100 39
+ 100 40
+ 41 100
+ 100 42
+ 100 43
+ 44 100
+ 100 45
+ 100 46
+ 100 47
+ 100 48
+ 100 49
+ 100 50
+ 100 51
+ 100 52
+ 100 53
+ 54 100
+ 55 100
+ 100 56
+ 57 100
+ 100 59
+ 98 60
+ 100 61
+ 98 62
+ 100 63
+ 98 64
+ 98 66
+ 99 66
+ 68 99
+ 98 68
+ 100 69
+ 98 70
+ 71 100
+ 72 98
+ 99 73
+ 100 73
+ 100 75
+ 98 76
+ 100 77
+ 97 79
+ 99 80
+ 97 81
+ 83 97
+ 83 98
+ 98 84
+ 99 84
+ 98 86
+ 98 88
+ 90 98
+ 94 91
+ 94 93
Case #46: 274 174
+ 1 12
+ 1 15
+ 1 17
+ 1 22
+ 1 40
+ 1 42
+ 1 48
+ 1 56
+ 1 62
+ 1 63
+ 1 64
+ 1 71
+ 1 73
+ 1 79
+ 1 80
+ 1 82
+ 1 83
+ 1 86
+ 1 90
+ 1 92
+ 1 96
+ 1 99
x 3 1
x 7 1
x 8 1
+ 10 1
x 11 1
x 13 1
x 14 1
o 16 1
x 20 1
x 21 1
x 22 1
x 23 1
x 24 1
x 25 1
x 27 1
+ 28 1
x 29 1
x 32 1
o 34 1
x 36 1
x 37 1
x 39 1
x 43 1
x 45 1
x 49 1
x 50 1
x 52 1
x 55 1
x 56 1
x 59 1
+ 60 1
x 63 1
x 64 1
x 65 1
x 66 1
+ 67 1
x 68 1
x 70 1
x 71 1
x 73 1
x 74 1
x 80 1
x 83 1
x 84 1
x 86 1
x 90 1
x 93 1
x 95 1
x 96 1
x 98 1
x 100 1
+ 2 31
+ 2 50
x 6 2
x 15 2
x 17 2
x 26 2
x 31 2
x 42 2
x 48 2
x 60 2
x 72 2
x 79 2
x 82 2
x 94 2
x 97 2
x 99 2
+ 100 2
+ 3 41
+ 3 100
x 5 3
x 9 3
x 41 3
x 76 3
x 88 3
x 4 4
+ 4 100
+ 100 5
+ 6 100
+ 7 100
+ 8 100
+ 10 100
+ 99 10
+ 12 99
o 12 100
+ 100 13
+ 14 100
+ 100 15
+ 16 100
+ 17 100
+ 100 18
+ 100 19
+ 20 100
+ 100 21
+ 100 22
+ 23 100
+ 24 100
+ 25 100
+ 26 100
+ 27 100
+ 100 28
+ 29 100
+ 31 99
+ 31 100
+ 100 32
+ 33 100
+ 35 99
+ 100 35
+ 100 36
+ 100 38
+ 40 97
+ 40 100
+ 98 41
+ 42 100
+ 98 43
+ 44 100
+ 98 45
+ 46 100
+ 98 47
+ 48 100
+ 98 49
+ 98 51
+ 99 51
+ 53 99
+ 54 97
+ 100 54
+ 98 55
+ 56 100
+ 98 57
+ 98 59
+ 61 98
+ 63 95
+ 63 98
+ 99 64
+ 65 95
+ 67 95
+ 97 68
+ 69 95
+ 96 70
+ 71 96
+ 97 72
+ 95 73
+ 74 97
+ 95 75
+ 97 76
+ 95 77
+ 97 78
+ 80 97
+ 94 80
+ 98 81
+ 83 98
+ 85 98
Case #47: 99 48
+ 1 2
o 1 4
+ 1 8
+ 1 9
+ 1 11
+ 1 13
+ 1 14
+ 1 24
+ 1 28
+ 1 29
+ 1 34
+ 1 36
+ 1 37
+ 1 38
x 4 1
x 5 1
x 6 1
+ 7 1
x 10 1
+ 12 1
x 13 1
x 17 1
x 20 1
o 27 1
x 29 1
x 37 1
x 38 1
x 2 3
+ 2 20
+ 5 2
o 9 2
x 21 2
x 23 2
x 28 2
x 30 2
x 32 2
x 36 2
+ 38 3
+ 7 38
+ 8 38
+ 9 38
+ 37 13
o 15 37
+ 38 15
+ 17 38
+ 21 37
+ 37 25
+ 36 28
Case #48: 182 92
o 1 1
+ 1 8
+ 1 9
+ 1 10
+ 1 12
+ 1 14
+ 1 15
+ 1 17
+ 1 18
+ 1 29
+ 1 31
+ 1 35
+ 1 39
+ 1 41
+ 1 42
+ 1 44
+ 1 46
+ 1 49
+ 1 51
+ 1 53
+ 1 54
+ 1 55
+ 1 57
+ 1 59
+ 1 60
+ 1 61
+ 1 67
+ 1 69
x 3 1
+ 4 1
o 5 1
o 6 1
+ 16 1
x 20 1
x 24 1
+ 28 1
x 30 1
x 31 1
x 34 1
+ 37 1
x 40 1
x 44 1
+ 45 1
x 47 1
x 52 1
o 56 1
x 60 1
x 61 1
x 62 1
x 65 1
x 2 2
+ 2 21
x 7 2
x 12 2
x 19 2
+ 20 2
x 22 2
x 27 2
x 38 2
x 55 2
x 59 2
x 64 2
x 68 2
+ 3 28
x 18 3
x 21 3
+ 22 3
x 26 3
x 42 3
x 50 3
+ 69 3
x 17 4
x 16 5
+ 12 69
+ 69 13
+ 69 15
+ 69 16
+ 20 69
+ 69 21
+ 22 69
+ 23 69
+ 26 68
+ 67 26
+ 69 29
+ 69 30
+ 67 33
+ 69 37
+ 65 40
+ 69 41
+ 62 45
+ 68 46
+ 66 50
Case #49: 298 296
o 1 1
+ 1 2
+ 1 3
+ 1 4
+ 1 5
+ 1 6
+ 1 7
+ 1 8
+ 1 9
+ 1 10
+ 1 11
+ 1 12
+ 1 13
+ 1 14
+ 1 15
+ 1 16
+ 1 17
+ 1 18
+ 1 19
+ 1 20
+ 1 21
+ 1 22
+ 1 23
+ 1 24
+ 1 25
+ 1 26
+ 1 27
+ 1 28
+ 1 29
+ 1 30
+ 1 31
+ 1 32
+ 1 33
+ 1 34
+ 1 35
+ 1 36
+ 1 37
+ 1 38
+ 1 39
+ 1 40
+ 1 41
+ 1 42
+ 1 43
+ 1 44
+ 1 45
+ 1 46
+ 1 47
+ 1 48
+ 1 49
+ 1 50
+ 1 51
+ 1 52
+ 1 53
+ 1 54
+ 1 55
+ 1 56
+ 1 57
+ 1 58
+ 1 59
+ 1 60
+ 1 61
+ 1 62
+ 1 63
+ 1 64
+ 1 65
+ 1 66
+ 1 67
+ 1 68
+ 1 69
+ 1 70
+ 1 71
+ 1 72
+ 1 73
+ 1 74
+ 1 75
+ 1 76
+ 1 77
+ 1 78
+ 1 79
+ 1 80
+ 1 81
+ 1 82
+ 1 83
+ 1 84
+ 1 85
+ 1 86
+ 1 87
+ 1 88
+ 1 89
+ 1 90
+ 1 91
+ 1 92
+ 1 93
+ 1 94
+ 1 95
+ 1 96
+ 1 97
+ 1 98
+ 1 99
+ 1 100
x 2 1
x 3 1
x 4 1
x 5 1
x 6 1
x 7 1
x 8 1
x 9 1
x 10 1
x 11 1
x 12 1
x 13 1
x 14 1
x 15 1
x 16 1
x 17 1
x 18 1
x 19 1
x 20 1
x 21 1
x 22 1
x 23 1
x 24 1
x 25 1
x 26 1
x 27 1
x 28 1
x 29 1
x 30 1
x 31 1
x 32 1
x 33 1
x 34 1
x 35 1
x 36 1
x 37 1
x 38 1
x 39 1
x 40 1
x 41 1
x 42 1
x 43 1
x 44 1
x 45 1
x 46 1
x 47 1
x 48 1
x 49 1
x 50 1
x 51 1
x 52 1
x 53 1
x 54 1
x 55 1
x 56 1
x 57 1
x 58 1
x 59 1
x 60 1
x 61 1
x 62 1
x 63 1
x 64 1
x 65 1
x 66 1
x 67 1
x 68 1
x 69 1
x 70 1
x 71 1
x 72 1
x 73 1
x 74 1
x 75 1
x 76 1
x 77 1
x 78 1
x 79 1
x 80 1
x 81 1
x 82 1
x 83 1
x 84 1
x 85 1
x 86 1
x 87 1
x 88 1
x 89 1
x 90 1
x 91 1
x 92 1
x 93 1
x 95 1
x 96 1
x 97 1
x 98 1
x 100 1
x 94 2
+ 100 2
+ 100 3
+ 100 4
+ 100 5
+ 100 6
+ 100 7
+ 100 8
+ 100 9
+ 100 10
+ 100 11
+ 100 12
+ 100 13
+ 100 14
+ 100 15
+ 100 16
+ 100 17
+ 100 18
+ 100 19
+ 100 20
+ 100 21
+ 100 22
+ 100 23
+ 100 24
+ 100 25
+ 100 26
+ 100 27
+ 100 28
+ 100 29
+ 100 30
+ 100 31
+ 100 32
+ 100 33
+ 100 34
+ 100 35
+ 100 36
+ 100 37
+ 100 38
+ 100 39
+ 100 40
+ 100 41
+ 100 42
+ 100 43
+ 100 44
+ 100 45
+ 100 46
+ 100 47
+ 100 48
+ 100 49
+ 100 50
+ 100 51
+ 100 52
+ 100 53
+ 100 54
+ 100 55
+ 100 56
+ 100 57
+ 100 58
+ 100 59
+ 100 60
+ 100 61
+ 100 62
+ 100 63
+ 100 64
+ 100 65
+ 100 66
+ 100 67
+ 100 68
+ 100 69
+ 100 70
+ 100 71
+ 100 72
+ 100 73
+ 100 74
+ 100 75
+ 100 76
+ 100 77
+ 100 78
+ 100 79
+ 100 80
+ 100 81
+ 100 82
+ 100 83
+ 100 84
+ 100 85
+ 100 86
+ 100 87
+ 100 88
+ 100 89
+ 100 90
+ 100 91
+ 100 92
+ 100 93
+ 100 94
+ 100 95
+ 100 96
+ 100 97
+ 100 98
+ 100 99
Case #50: 95 52
o 1 1
+ 1 2
+ 1 3
+ 1 6
+ 1 7
+ 1 8
+ 1 10
+ 1 11
+ 1 14
+ 1 17
+ 1 18
+ 1 19
+ 1 20
+ 1 23
+ 1 25
+ 1 26
+ 1 29
+ 1 30
+ 1 32
+ 1 35
x 2 1
+ 5 1
x 6 1
x 9 1
o 13 1
x 14 1
x 17 1
x 27 1
+ 2 35
x 8 2
x 16 2
x 26 2
x 7 3
+ 10 3
x 15 3
x 18 3
x 24 4
x 32 4
+ 35 4
+ 5 35
+ 35 6
+ 35 7
+ 8 35
+ 9 35
+ 14 34
+ 14 35
+ 35 16
+ 19 34
+ 20 34
+ 35 22
+ 31 28
+ 32 31
Case #51: 197 100
+ 1 3
+ 1 6
+ 1 10
+ 1 11
+ 1 14
+ 1 15
+ 1 16
+ 1 17
+ 1 21
+ 1 25
+ 1 28
+ 1 31
+ 1 37
+ 1 38
+ 1 41
+ 1 45
+ 1 50
o 1 51
+ 1 53
+ 1 57
+ 1 58
+ 1 59
+ 1 61
+ 1 63
+ 1 67
+ 1 68
+ 1 69
+ 1 70
+ 1 72
+ 1 73
+ 1 75
+ 4 1
x 6 1
x 8 1
x 17 1
+ 19 1
+ 20 1
+ 22 1
o 24 1
x 25 1
o 29 1
+ 34 1
+ 40 1
x 46 1
+ 48 1
x 49 1
o 52 1
x 57 1
x 58 1
x 65 1
x 66 1
x 68 1
+ 71 1
x 73 1
+ 4 2
x 5 2
x 16 2
+ 17 2
x 20 2
x 27 2
x 38 2
x 48 2
x 51 2
x 56 2
x 61 2
x 74 2
x 3 4
x 10 3
+ 11 3
x 15 3
x 32 3
x 42 3
o 60 3
o 9 4
x 31 4
x 41 4
x 54 4
x 59 4
x 40 5
+ 31 6
+ 74 6
+ 74 8
+ 11 75
+ 12 75
+ 75 13
+ 75 15
+ 16 75
+ 20 75
+ 21 75
+ 22 75
+ 27 75
+ 30 75
+ 33 75
+ 34 75
+ 37 75
+ 75 39
+ 42 74
+ 48 74
+ 62 49
+ 69 55
Case #52: 279 214
o 1 1
+ 1 4
+ 1 14
+ 1 24
+ 1 28
+ 1 29
+ 1 30
+ 1 33
+ 1 36
+ 1 38
+ 1 39
+ 1 43
+ 1 48
+ 1 51
+ 1 52
+ 1 53
+ 1 54
+ 1 55
+ 1 59
+ 1 61
+ 1 63
+ 1 66
+ 1 70
+ 1 73
+ 1 77
+ 1 78
+ 1 79
+ 1 81
+ 1 83
+ 1 84
+ 1 86
+ 1 87
+ 1 88
+ 1 90
+ 1 91
+ 1 99
+ 1 100
x 3 1
x 4 1
x 5 1
x 6 1
x 7 1
o 8 1
o 9 1
o 10 1
x 11 1
x 12 1
x 13 1
x 14 1
x 15 1
x 16 1
x 17 1
o 18 1
o 19 1
x 20 1
x 21 1
x 22 1
x 23 1
x 24 1
o 26 1
x 27 1
x 29 1
x 31 1
o 32 1
x 33 1
x 34 1
x 35 1
x 36 1
x 37 1
x 38 1
x 39 1
x 40 1
x 41 1
x 43 1
x 44 1
x 46 1
x 47 1
x 48 1
o 49 1
x 50 1
x 53 1
x 54 1
x 55 1
x 56 1
x 57 1
o 58 1
x 59 1
x 60 1
x 61 1
x 62 1
x 63 1
x 65 1
x 66 1
x 67 1
x 68 1
x 69 1
x 70 1
o 71 1
o 72 1
x 74 1
x 75 1
x 77 1
x 78 1
x 79 1
x 80 1
x 81 1
x 82 1
x 83 1
x 84 1
x 85 1
x 87 1
x 89 1
x 90 1
o 92 1
x 93 1
x 94 1
x 95 1
x 96 1
x 97 1
x 98 1
x 99 1
x 100 1
x 2 2
+ 2 14
+ 5 2
x 25 2
x 28 2
+ 39 2
x 45 2
x 52 2
x 76 2
x 86 2
+ 100 2
+ 3 100
+ 4 100
+ 5 100
+ 6 100
+ 7 100
+ 8 100
+ 99 10
+ 100 10
+ 12 100
+ 99 12
+ 99 14
+ 100 14
+ 99 16
+ 100 16
+ 18 99
+ 100 18
+ 100 19
+ 100 20
+ 21 100
+ 100 22
+ 100 23
+ 100 24
+ 25 100
+ 26 100
+ 27 100
+ 100 28
+ 99 30
+ 31 99
+ 32 99
+ 100 32
+ 100 33
+ 34 100
+ 36 99
+ 36 100
+ 100 37
+ 100 38
+ 100 39
+ 100 40
+ 41 100
+ 100 42
+ 44 99
+ 44 100
+ 100 45
+ 100 46
+ 100 47
+ 100 48
+ 100 49
+ 100 50
+ 51 100
+ 99 53
+ 100 53
+ 55 99
+ 55 100
+ 100 56
+ 57 100
+ 59 99
+ 59 100
+ 100 60
+ 100 62
+ 98 63
+ 64 100
+ 65 98
+ 66 100
+ 99 66
+ 69 99
+ 98 69
+ 100 70
+ 72 97
+ 100 72
+ 75 99
+ 96 75
+ 100 76
+ 77 96
+ 78 100
+ 97 78
+ 80 100
+ 95 82
+ 99 83
+ 97 87
+ 89 90
+ 89 97
Case #53: 295 239
+ 1 2
o 1 3
+ 1 4
+ 1 5
+ 1 6
+ 1 7
+ 1 8
+ 1 10
+ 1 11
+ 1 12
+ 1 13
+ 1 14
+ 1 15
+ 1 16
+ 1 17
+ 1 18
+ 1 19
+ 1 20
+ 1 21
+ 1 22
+ 1 23
+ 1 24
+ 1 25
+ 1 26
+ 1 27
+ 1 28
+ 1 29
+ 1 30
+ 1 32
+ 1 33
+ 1 34
+ 1 35
+ 1 36
+ 1 38
+ 1 39
+ 1 40
+ 1 42
+ 1 43
+ 1 44
+ 1 45
+ 1 46
+ 1 48
+ 1 49
+ 1 50
+ 1 51
+ 1 52
+ 1 53
+ 1 54
+ 1 55
+ 1 57
+ 1 58
+ 1 59
+ 1 60
+ 1 61
+ 1 62
+ 1 63
+ 1 64
+ 1 66
+ 1 67
+ 1 68
+ 1 69
+ 1 70
+ 1 71
+ 1 72
+ 1 73
+ 1 74
+ 1 75
+ 1 76
+ 1 77
+ 1 78
+ 1 79
+ 1 80
+ 1 81
+ 1 82
+ 1 83
+ 1 84
+ 1 85
+ 1 86
+ 1 87
+ 1 88
+ 1 89
+ 1 90
+ 1 91
+ 1 92
+ 1 93
+ 1 94
+ 1 95
+ 1 96
+ 1 97
+ 1 98
+ 1 99
+ 1 100
x 4 1
x 10 1
x 13 1
x 15 1
x 17 1
x 22 1
x 28 1
x 30 1
o 31 1
x 35 1
x 36 1
+ 41 1
x 47 1
x 50 1
x 54 1
x 61 1
x 62 1
x 65 1
x 66 1
x 67 1
x 68 1
x 74 1
x 76 1
x 79 1
x 80 1
x 86 1
x 90 1
x 93 1
x 94 1
x 98 1
x 99 1
x 2 2
x 9 2
x 12 2
x 27 2
x 41 2
x 43 2
x 46 2
x 53 2
x 57 2
x 63 2
x 70 2
x 82 2
x 92 2
x 96 2
+ 100 2
x 19 3
x 45 3
x 69 3
x 81 3
x 95 3
+ 100 3
x 25 4
x 87 4
+ 100 4
+ 100 5
+ 100 6
+ 100 7
+ 100 8
+ 100 9
+ 100 10
+ 100 11
+ 100 12
+ 100 13
+ 100 14
+ 100 15
+ 100 16
+ 100 17
+ 100 18
+ 100 19
+ 100 20
+ 100 21
+ 100 22
+ 100 23
+ 100 24
+ 100 25
+ 100 26
+ 100 27
+ 100 28
+ 100 29
+ 100 30
+ 100 31
+ 100 32
+ 100 33
+ 100 34
+ 100 35
+ 36 100
+ 100 37
+ 100 38
+ 100 39
+ 100 40
+ 100 41
+ 100 42
+ 100 43
+ 100 44
+ 45 100
+ 100 46
+ 100 47
+ 100 48
+ 100 49
+ 100 50
+ 100 51
+ 100 52
+ 100 53
+ 54 100
+ 100 55
+ 100 56
+ 100 57
+ 100 58
+ 100 59
+ 99 61
+ 100 61
+ 63 99
+ 100 63
+ 100 64
+ 100 65
+ 100 66
+ 100 67
+ 100 68
+ 100 69
+ 99 71
+ 100 71
+ 99 73
+ 100 73
+ 99 75
+ 100 75
+ 99 77
+ 100 77
+ 99 79
+ 100 79
+ 99 81
+ 100 81
+ 99 83
+ 100 83
+ 99 85
+ 99 86
+ 99 87
+ 99 88
+ 99 89
+ 99 90
+ 99 91
+ 99 92
+ 99 93
+ 99 94
+ 99 95
+ 99 96
+ 99 98
Case #54: 76 42
+ 1 1
+ 1 4
+ 1 7
+ 1 8
+ 1 10
+ 1 14
+ 1 16
+ 1 17
+ 1 18
+ 1 19
+ 1 22
+ 1 26
+ 1 28
+ 1 29
+ 5 1
o 6 1
x 7 1
+ 11 1
x 13 1
x 22 1
+ 23 1
x 25 1
x 27 1
x 29 1
x 5 2
x 12 2
x 21 2
+ 29 2
+ 3 29
x 4 3
x 11 3
x 14 3
x 10 4
+ 6 29
+ 28 9
+ 28 11
+ 28 15
+ 17 28
+ 28 19
+ 28 21
+ 27 24
+ 27 26
Case #55: 7 6
o 1 1
+ 1 2
+ 1 3
x 2 1
x 3 1
+ 3 2
Case #56: 298 270
+ 1 1
+ 1 2
+ 1 3
+ 1 4
+ 1 5
+ 1 6
+ 1 7
+ 1 8
+ 1 9
+ 1 10
+ 1 11
+ 1 12
+ 1 13
+ 1 14
+ 1 15
+ 1 16
+ 1 17
+ 1 18
+ 1 19
+ 1 20
+ 1 21
+ 1 22
+ 1 23
+ 1 24
+ 1 25
+ 1 26
+ 1 27
+ 1 28
+ 1 29
+ 1 30
+ 1 31
+ 1 32
+ 1 33
+ 1 34
+ 1 35
+ 1 36
+ 1 37
+ 1 38
+ 1 39
+ 1 40
+ 1 41
+ 1 42
+ 1 43
+ 1 44
+ 1 45
+ 1 46
+ 1 47
+ 1 48
+ 1 49
+ 1 50
+ 1 51
+ 1 52
+ 1 53
+ 1 54
+ 1 55
+ 1 56
+ 1 57
+ 1 58
+ 1 59
+ 1 60
+ 1 61
+ 1 62
+ 1 63
+ 1 64
+ 1 65
+ 1 66
+ 1 67
+ 1 68
+ 1 69
+ 1 70
+ 1 71
+ 1 72
+ 1 73
+ 1 74
+ 1 75
+ 1 76
+ 1 77
+ 1 78
+ 1 79
+ 1 80
+ 1 81
+ 1 82
+ 1 83
+ 1 84
+ 1 85
+ 1 86
+ 1 87
+ 1 88
+ 1 89
+ 1 90
+ 1 91
+ 1 92
+ 1 93
+ 1 94
+ 1 95
+ 1 96
+ 1 97
+ 1 98
+ 1 99
o 1 100
x 2 1
x 12 1
x 13 1
x 15 1
x 17 1
x 18 1
x 19 1
x 20 1
x 21 1
x 22 1
x 28 1
x 29 1
x 30 1
x 33 1
x 35 1
x 36 1
x 37 1
x 41 1
x 44 1
x 45 1
x 46 1
x 48 1
x 49 1
x 52 1
x 57 1
x 58 1
x 60 1
x 63 1
x 65 1
x 66 1
x 69 1
x 70 1
x 72 1
x 73 1
x 74 1
x 75 1
x 77 1
x 79 1
x 80 1
x 81 1
x 83 1
x 87 1
x 88 1
x 89 1
x 90 1
x 92 1
x 93 1
x 94 1
x 97 1
x 100 1
x 5 2
x 8 2
x 11 2
x 16 2
x 23 2
x 27 2
x 31 2
x 40 2
x 42 2
x 47 2
x 56 2
x 62 2
x 64 2
x 71 2
x 78 2
x 82 2
x 85 2
x 96 2
x 99 2
+ 100 2
x 39 3
x 61 3
x 84 3
+ 100 3
+ 100 4
+ 100 5
+ 100 6
+ 100 7
+ 100 8
+ 100 9
+ 100 10
+ 100 11
+ 100 12
+ 100 13
+ 100 14
+ 100 15
+ 100 16
+ 100 17
+ 100 18
+ 100 19
+ 100 20
+ 100 21
+ 100 22
+ 100 23
+ 100 24
+ 100 25
+ 100 26
+ 100 27
+ 100 28
+ 100 29
+ 100 30
+ 100 31
+ 100 32
+ 100 33
+ 100 34
+ 100 35
+ 100 36
+ 100 37
+ 100 38
+ 100 39
+ 100 40
+ 100 41
+ 100 42
+ 100 43
+ 100 44
+ 100 45
+ 100 46
+ 100 47
+ 100 48
+ 100 49
+ 100 50
+ 100 51
+ 100 52
+ 100 53
+ 100 54
+ 100 55
+ 100 56
+ 100 57
+ 100 58
+ 100 59
+ 100 60
+ 100 61
+ 100 62
+ 100 63
+ 100 64
+ 100 65
+ 100 66
+ 100 67
+ 100 68
+ 100 69
+ 100 70
+ 100 71
+ 100 72
+ 100 73
+ 100 74
+ 100 75
+ 100 76
+ 100 77
+ 100 78
+ 100 79
+ 100 80
+ 100 81
+ 100 82
+ 100 83
+ 100 84
+ 100 85
+ 100 86
+ 100 87
+ 100 88
+ 100 89
+ 100 90
+ 100 91
+ 100 92
+ 100 93
+ 100 94
+ 100 95
+ 100 96
+ 100 97
+ 100 98
+ 100 99
Case #57: 295 195
+ 1 2
+ 1 4
+ 1 5
+ 1 6
+ 1 7
+ 1 8
+ 1 10
+ 1 11
+ 1 13
+ 1 14
+ 1 15
+ 1 16
+ 1 17
+ 1 18
+ 1 19
+ 1 20
+ 1 21
+ 1 22
+ 1 23
+ 1 24
+ 1 25
+ 1 27
+ 1 29
+ 1 30
+ 1 31
+ 1 32
+ 1 33
+ 1 34
+ 1 35
+ 1 36
+ 1 37
+ 1 38
+ 1 39
+ 1 40
+ 1 41
+ 1 42
+ 1 43
+ 1 44
+ 1 45
+ 1 46
+ 1 47
+ 1 48
+ 1 49
+ 1 50
+ 1 51
+ 1 52
+ 1 53
+ 1 54
+ 1 55
+ 1 56
+ 1 57
+ 1 58
+ 1 59
+ 1 61
+ 1 62
+ 1 63
+ 1 64
+ 1 65
+ 1 66
+ 1 67
+ 1 68
+ 1 70
+ 1 71
+ 1 72
+ 1 73
+ 1 74
+ 1 75
+ 1 77
+ 1 78
+ 1 79
+ 1 80
+ 1 81
+ 1 82
+ 1 83
+ 1 84
+ 1 85
+ 1 86
+ 1 87
+ 1 88
+ 1 89
+ 1 90
+ 1 91
+ 1 92
+ 1 93
+ 1 94
+ 1 96
+ 1 97
+ 1 98
o 1 99
+ 1 100
+ 3 1
+ 26 1
+ 28 1
+ 69 1
x 30 2
+ 100 2
+ 100 3
x 36 4
+ 100 4
+ 100 5
+ 6 100
x 80 7
+ 100 7
+ 100 8
+ 100 9
+ 100 10
+ 100 11
x 20 12
+ 100 12
x 88 13
+ 100 13
+ 100 14
+ 100 15
+ 100 16
+ 100 17
+ 100 18
+ 100 19
+ 100 20
+ 100 21
+ 100 22
+ 100 23
+ 100 24
+ 25 100
+ 100 26
+ 100 27
+ 100 28
x 58 29
+ 100 29
+ 100 30
+ 100 31
+ 99 33
+ 100 33
+ 99 35
+ 100 35
+ 99 37
+ 100 37
+ 99 39
+ 100 39
+ 41 100
+ 99 41
+ 99 43
+ 100 43
+ 99 45
+ 100 45
+ 99 47
+ 100 47
+ 99 49
+ 100 49
+ 99 51
+ 100 51
+ 99 53
+ 100 53
+ 99 55
+ 100 55
+ 99 57
+ 100 57
+ 99 59
+ 100 59
+ 99 61
+ 100 61
+ 99 63
+ 100 63
+ 99 65
o 100 65
+ 99 67
+ 100 67
+ 99 69
+ 100 69
+ 99 71
+ 100 71
+ 99 73
+ 98 75
+ 99 75
+ 98 77
+ 99 77
+ 98 79
+ 99 79
+ 98 81
+ 99 81
+ 98 83
+ 99 83
+ 98 85
+ 99 85
+ 87 98
+ 99 87
+ 99 88
+ 99 89
+ 99 90
+ 91 99
+ 99 92
+ 100 92
+ 100 94
+ 98 95
+ 100 96
+ 98 97
Case #58: 295 294
o 1 1
+ 1 2
+ 1 3
+ 1 4
+ 1 5
+ 1 6
+ 1 7
+ 1 8
+ 1 9
+ 1 10
+ 1 11
+ 1 12
+ 1 13
+ 1 14
+ 1 15
+ 1 16
+ 1 17
+ 1 18
+ 1 19
+ 1 20
+ 1 21
+ 1 22
+ 1 23
+ 1 24
+ 1 25
+ 1 26
+ 1 27
+ 1 28
+ 1 29
+ 1 30
+ 1 31
+ 1 32
+ 1 33
+ 1 34
+ 1 35
+ 1 36
+ 1 37
+ 1 38
+ 1 39
+ 1 40
+ 1 41
+ 1 42
+ 1 43
+ 1 44
+ 1 45
+ 1 46
+ 1 47
+ 1 48
+ 1 49
+ 1 50
+ 1 51
+ 1 52
+ 1 53
+ 1 54
+ 1 55
+ 1 56
+ 1 57
+ 1 58
+ 1 59
+ 1 60
+ 1 61
+ 1 62
+ 1 63
+ 1 64
+ 1 65
+ 1 66
+ 1 67
+ 1 68
+ 1 69
+ 1 70
+ 1 71
+ 1 72
+ 1 73
+ 1 74
+ 1 75
+ 1 76
+ 1 77
+ 1 78
+ 1 79
+ 1 80
+ 1 81
+ 1 82
+ 1 83
+ 1 84
+ 1 85
+ 1 86
+ 1 87
+ 1 88
+ 1 89
+ 1 90
+ 1 91
+ 1 92
+ 1 93
+ 1 94
+ 1 95
+ 1 96
+ 1 97
+ 1 98
+ 1 99
x 2 1
x 3 1
x 4 1
x 5 1
x 6 1
x 7 1
x 8 1
x 9 1
x 10 1
x 11 1
x 12 1
x 13 1
x 14 1
x 15 1
x 16 1
x 17 1
x 18 1
x 19 1
x 20 1
x 21 1
x 22 1
x 23 1
x 24 1
x 25 1
x 26 1
x 27 1
x 28 1
x 29 1
x 30 1
x 31 1
x 32 1
x 33 1
x 34 1
x 35 1
x 36 1
x 37 1
x 38 1
x 39 1
x 40 1
x 41 1
x 42 1
x 43 1
x 44 1
x 45 1
x 46 1
x 47 1
x 48 1
x 49 1
x 50 1
x 51 1
x 52 1
x 53 1
x 54 1
x 55 1
x 56 1
x 57 1
x 58 1
x 59 1
x 60 1
x 61 1
x 62 1
x 63 1
x 64 1
x 65 1
x 66 1
x 67 1
x 68 1
x 69 1
x 70 1
x 71 1
x 72 1
x 73 1
x 74 1
x 75 1
x 76 1
x 77 1
x 78 1
x 79 1
x 80 1
x 81 1
x 82 1
x 83 1
x 84 1
x 85 1
x 86 1
x 87 1
x 88 1
x 89 1
x 90 1
x 91 1
x 92 1
x 93 1
x 94 1
x 95 1
x 96 1
x 97 1
x 98 1
x 99 1
+ 99 2
+ 99 3
+ 99 4
+ 99 5
+ 99 6
+ 99 7
+ 99 8
+ 99 9
+ 99 10
+ 99 11
+ 99 12
+ 99 13
+ 99 14
+ 99 15
+ 99 16
+ 99 17
+ 99 18
+ 99 19
+ 99 20
+ 99 21
+ 99 22
+ 99 23
+ 99 24
+ 99 25
+ 99 26
+ 99 27
+ 99 28
+ 99 29
+ 99 30
+ 99 31
+ 99 32
+ 99 33
+ 99 34
+ 99 35
+ 99 36
+ 99 37
+ 99 38
+ 99 39
+ 99 40
+ 99 41
+ 99 42
+ 99 43
+ 99 44
+ 99 45
+ 99 46
+ 99 47
+ 99 48
+ 99 49
+ 99 50
+ 99 51
+ 99 52
+ 99 53
+ 99 54
+ 99 55
+ 99 56
+ 99 57
+ 99 58
+ 99 59
+ 99 60
+ 99 61
+ 99 62
+ 99 63
+ 99 64
+ 99 65
+ 99 66
+ 99 67
+ 99 68
+ 99 69
+ 99 70
+ 99 71
+ 99 72
+ 99 73
+ 99 74
+ 99 75
+ 99 76
+ 99 77
+ 99 78
+ 99 79
+ 99 80
+ 99 81
+ 99 82
+ 99 83
+ 99 84
+ 99 85
+ 99 86
+ 99 87
+ 99 88
+ 99 89
+ 99 90
+ 99 91
+ 99 92
+ 99 93
+ 99 94
+ 99 95
+ 99 96
+ 99 97
+ 99 98
Case #59: 117 67
+ 1 3
+ 1 5
+ 1 8
+ 1 9
+ 1 11
+ 1 13
+ 1 14
+ 1 19
+ 1 22
+ 1 23
+ 1 27
+ 1 29
+ 1 31
+ 1 32
+ 1 35
+ 1 40
+ 1 43
x 3 1
+ 4 1
o 7 1
o 10 1
+ 12 1
x 13 1
+ 15 1
+ 16 1
+ 21 1
x 24 1
x 29 1
+ 30 1
+ 38 1
+ 39 1
x 41 1
x 4 2
x 11 2
x 19 2
x 23 2
x 28 2
x 39 2
+ 3 43
x 8 3
+ 15 3
x 27 3
x 34 3
x 38 3
x 21 4
+ 43 4
x 32 5
+ 6 42
x 31 6
+ 7 42
+ 43 7
+ 43 8
+ 43 9
+ 10 43
+ 11 43
+ 43 12
+ 43 13
+ 18 42
+ 43 19
+ 43 25
+ 37 30
+ 40 30
+ 32 37
+ 38 33
+ 38 34
+ 36 37
+ 38 36
Case #60: 83 48
+ 1 1
+ 1 2
+ 1 3
o 1 5
+ 1 6
+ 1 7
+ 1 9
+ 1 12
+ 1 16
+ 1 17
+ 1 19
+ 1 20
+ 1 21
+ 1 24
+ 1 26
+ 1 28
+ 1 30
+ 1 31
+ 4 1
x 5 1
x 6 1
o 8 1
+ 10 1
+ 13 1
o 14 1
x 15 1
x 18 1
x 23 1
x 26 1
x 29 1
x 4 2
+ 10 2
x 25 2
x 30 2
+ 31 2
x 3 3
x 11 3
x 21 3
+ 5 31
+ 31 6
+ 9 31
+ 30 12
+ 31 12
+ 16 30
+ 31 16
+ 18 31
+ 27 21
+ 27 26
Case #61: 298 247
+ 1 1
+ 1 2
+ 1 3
o 1 4
+ 1 5
+ 1 6
+ 1 7
+ 1 8
+ 1 9
+ 1 10
+ 1 11
+ 1 12
+ 1 13
+ 1 14
+ 1 15
+ 1 16
+ 1 17
+ 1 18
+ 1 19
+ 1 20
+ 1 21
+ 1 22
+ 1 23
+ 1 24
+ 1 25
+ 1 26
+ 1 27
+ 1 28
+ 1 29
+ 1 30
+ 1 31
+ 1 32
+ 1 33
+ 1 34
+ 1 35
+ 1 36
+ 1 37
+ 1 38
+ 1 39
+ 1 40
+ 1 41
+ 1 42
+ 1 43
+ 1 44
+ 1 45
+ 1 46
+ 1 47
+ 1 48
+ 1 49
+ 1 50
+ 1 51
+ 1 52
+ 1 53
+ 1 54
+ 1 55
+ 1 56
+ 1 57
+ 1 58
+ 1 59
+ 1 60
+ 1 61
+ 1 62
+ 1 63
+ 1 64
+ 1 65
+ 1 66
+ 1 67
+ 1 68
+ 1 69
+ 1 70
+ 1 71
+ 1 72
+ 1 73
+ 1 74
+ 1 75
+ 1 76
+ 1 77
+ 1 78
+ 1 79
+ 1 80
+ 1 81
+ 1 82
+ 1 83
+ 1 84
+ 1 85
+ 1 86
+ 1 87
+ 1 88
+ 1 89
+ 1 90
+ 1 91
+ 1 92
+ 1 93
+ 1 94
+ 1 95
+ 1 96
+ 1 97
+ 1 98
+ 1 99
+ 1 100
x 4 1
x 9 1
x 13 1
x 21 1
x 25 1
x 31 1
x 32 1
x 36 1
x 37 1
x 38 1
x 42 1
x 43 1
x 45 1
x 56 1
x 58 1
x 60 1
x 61 1
x 64 1
x 72 1
x 78 1
x 79 1
x 83 1
x 90 1
x 3 2
x 12 2
x 17 2
x 19 2
x 30 2
x 41 2
x 52 2
x 55 2
x 62 2
x 67 2
x 81 2
x 89 2
x 92 2
+ 100 2
x 11 3
x 22 3
x 29 3
x 70 3
x 75 3
x 91 3
+ 100 3
x 28 4
x 50 4
x 87 4
+ 100 4
x 14 5
x 27 5
x 49 5
x 86 5
+ 100 5
+ 100 6
+ 100 7
+ 100 8
+ 100 9
+ 100 10
+ 100 11
+ 100 12
+ 100 13
+ 100 14
+ 100 15
+ 100 16
+ 100 17
+ 100 18
+ 100 19
+ 100 20
+ 100 21
+ 100 22
+ 100 23
+ 100 24
+ 100 25
+ 100 26
+ 100 27
+ 100 28
+ 100 29
+ 100 30
+ 100 31
+ 100 32
+ 100 33
+ 100 34
+ 100 35
+ 100 36
+ 100 37
+ 100 38
+ 100 39
+ 100 40
+ 100 41
+ 100 42
+ 100 43
+ 100 44
o 100 45
+ 100 46
+ 100 47
+ 100 48
+ 100 49
+ 100 50
+ 100 51
+ 100 52
+ 100 53
+ 100 54
+ 100 55
+ 100 56
+ 100 57
+ 100 58
+ 100 59
+ 100 60
+ 100 61
+ 100 62
+ 100 63
+ 100 64
+ 100 65
+ 100 66
+ 100 67
+ 100 68
+ 100 69
+ 100 70
+ 100 71
+ 100 72
+ 100 73
+ 100 74
+ 100 75
+ 100 76
+ 100 77
+ 100 78
+ 100 79
+ 100 80
+ 100 81
+ 100 82
+ 100 83
+ 100 84
+ 100 85
+ 100 86
+ 100 87
+ 100 88
+ 100 89
+ 100 90
+ 100 91
+ 100 92
+ 100 93
+ 100 94
+ 100 95
+ 100 96
+ 100 97
+ 100 98
+ 100 99
Case #62: 298 297
o 1 1
+ 1 2
+ 1 3
+ 1 4
+ 1 5
+ 1 6
+ 1 7
+ 1 8
+ 1 9
+ 1 10
+ 1 11
+ 1 12
+ 1 13
+ 1 14
+ 1 15
+ 1 16
+ 1 17
+ 1 18
+ 1 19
+ 1 20
+ 1 21
+ 1 22
+ 1 23
+ 1 24
+ 1 25
+ 1 26
+ 1 27
+ 1 28
+ 1 29
+ 1 30
+ 1 31
+ 1 32
+ 1 33
+ 1 34
+ 1 35
+ 1 36
+ 1 37
+ 1 38
+ 1 39
+ 1 40
+ 1 41
+ 1 42
+ 1 43
+ 1 44
+ 1 45
+ 1 46
+ 1 47
+ 1 48
+ 1 49
+ 1 50
+ 1 51
+ 1 52
+ 1 53
+ 1 54
+ 1 55
+ 1 56
+ 1 57
+ 1 58
+ 1 59
+ 1 60
+ 1 61
+ 1 62
+ 1 63
+ 1 64
+ 1 65
+ 1 66
+ 1 67
+ 1 68
+ 1 69
+ 1 70
+ 1 71
+ 1 72
+ 1 73
+ 1 74
+ 1 75
+ 1 76
+ 1 77
+ 1 78
+ 1 79
+ 1 80
+ 1 81
+ 1 82
+ 1 83
+ 1 84
+ 1 85
+ 1 86
+ 1 87
+ 1 88
+ 1 89
+ 1 90
+ 1 91
+ 1 92
+ 1 93
+ 1 94
+ 1 95
+ 1 96
+ 1 97
+ 1 98
+ 1 99
+ 1 100
x 2 1
x 3 1
x 4 1
x 5 1
x 6 1
x 7 1
x 8 1
x 9 1
x 10 1
x 11 1
x 12 1
x 13 1
x 14 1
x 15 1
x 16 1
x 17 1
x 18 1
x 19 1
x 20 1
x 21 1
x 22 1
x 23 1
x 24 1
x 25 1
x 26 1
x 27 1
x 28 1
x 29 1
x 30 1
x 31 1
x 32 1
x 33 1
x 34 1
x 35 1
x 36 1
x 37 1
x 38 1
x 39 1
x 40 1
x 41 1
x 42 1
x 43 1
x 44 1
x 45 1
x 46 1
x 47 1
x 48 1
x 49 1
x 50 1
x 51 1
x 52 1
x 53 1
x 54 1
x 55 1
x 56 1
x 57 1
x 58 1
x 59 1
x 60 1
x 61 1
x 62 1
x 63 1
x 64 1
x 65 1
x 66 1
x 67 1
x 68 1
x 69 1
x 70 1
x 71 1
x 72 1
x 73 1
x 74 1
x 75 1
x 76 1
x 77 1
x 78 1
x 79 1
x 80 1
x 81 1
x 82 1
x 83 1
x 84 1
x 85 1
x 86 1
x 87 1
x 88 1
x 89 1
x 90 1
x 91 1
x 92 1
x 93 1
x 94 1
x 95 1
x 96 1
x 97 1
x 98 1
x 99 1
x 100 1
+ 100 2
+ 100 3
+ 100 4
+ 100 5
+ 100 6
+ 100 7
+ 100 8
+ 100 9
+ 100 10
+ 100 11
+ 100 12
+ 100 13
+ 100 14
+ 100 15
+ 100 16
+ 100 17
+ 100 18
+ 100 19
+ 100 20
+ 100 21
+ 100 22
+ 100 23
+ 100 24
+ 100 25
+ 100 26
+ 100 27
+ 100 28
+ 100 29
+ 100 30
+ 100 31
+ 100 32
+ 100 33
+ 100 34
+ 100 35
+ 100 36
+ 100 37
+ 100 38
+ 100 39
+ 100 40
+ 100 41
+ 100 42
+ 100 43
+ 100 44
+ 100 45
+ 100 46
+ 100 47
+ 100 48
+ 100 49
+ 100 50
+ 100 51
+ 100 52
+ 100 53
+ 100 54
+ 100 55
+ 100 56
+ 100 57
+ 100 58
+ 100 59
+ 100 60
+ 100 61
+ 100 62
+ 100 63
+ 100 64
+ 100 65
+ 100 66
+ 100 67
+ 100 68
+ 100 69
+ 100 70
+ 100 71
+ 100 72
+ 100 73
+ 100 74
+ 100 75
+ 100 76
+ 100 77
+ 100 78
+ 100 79
+ 100 80
+ 100 81
+ 100 82
+ 100 83
+ 100 84
+ 100 85
+ 100 86
+ 100 87
+ 100 88
+ 100 89
+ 100 90
+ 100 91
+ 100 92
+ 100 93
+ 100 94
+ 100 95
+ 100 96
+ 100 97
+ 100 98
+ 100 99
Case #63: 298 289
+ 1 1
+ 1 2
+ 1 3
+ 1 4
+ 1 5
+ 1 6
+ 1 7
+ 1 8
+ 1 9
+ 1 10
+ 1 11
+ 1 12
+ 1 13
+ 1 14
+ 1 15
+ 1 16
+ 1 17
+ 1 18
+ 1 19
+ 1 20
+ 1 21
+ 1 22
+ 1 23
+ 1 24
o 1 25
+ 1 26
+ 1 27
+ 1 28
+ 1 29
+ 1 30
+ 1 31
+ 1 32
+ 1 33
+ 1 34
+ 1 35
+ 1 36
+ 1 37
+ 1 38
+ 1 39
+ 1 40
+ 1 41
+ 1 42
+ 1 43
+ 1 44
+ 1 45
+ 1 46
+ 1 47
+ 1 48
+ 1 49
+ 1 50
+ 1 51
+ 1 52
+ 1 53
+ 1 54
+ 1 55
+ 1 56
+ 1 57
+ 1 58
+ 1 59
+ 1 60
+ 1 61
+ 1 62
+ 1 63
+ 1 64
+ 1 65
+ 1 66
+ 1 67
+ 1 68
+ 1 69
+ 1 70
+ 1 71
+ 1 72
+ 1 73
+ 1 74
+ 1 75
+ 1 76
+ 1 77
+ 1 78
+ 1 79
+ 1 80
+ 1 81
+ 1 82
+ 1 83
+ 1 84
+ 1 85
+ 1 86
+ 1 87
+ 1 88
+ 1 89
+ 1 90
+ 1 91
+ 1 92
+ 1 93
+ 1 94
+ 1 95
+ 1 96
+ 1 97
+ 1 98
+ 1 99
+ 1 100
x 2 1
x 3 1
x 4 1
x 6 1
x 7 1
x 9 1
x 10 1
x 11 1
x 13 1
x 14 1
x 15 1
x 16 1
x 17 1
x 18 1
x 19 1
x 20 1
x 22 1
x 23 1
x 25 1
x 26 1
x 27 1
x 28 1
x 29 1
x 30 1
x 31 1
x 33 1
x 34 1
x 35 1
x 36 1
x 37 1
x 38 1
x 40 1
x 41 1
x 42 1
x 43 1
x 44 1
x 45 1
x 46 1
x 47 1
x 48 1
x 49 1
x 51 1
x 52 1
x 53 1
x 54 1
x 55 1
x 56 1
x 58 1
x 59 1
x 60 1
x 61 1
x 62 1
x 64 1
x 65 1
x 68 1
x 69 1
x 70 1
x 71 1
x 72 1
x 73 1
x 74 1
x 75 1
x 76 1
x 77 1
x 78 1
x 79 1
x 80 1
x 81 1
x 82 1
x 83 1
x 85 1
x 87 1
x 88 1
x 90 1
x 92 1
x 93 1
x 94 1
x 95 1
x 96 1
x 98 1
x 99 1
x 100 1
x 8 2
x 12 2
x 21 2
x 24 2
x 39 2
x 57 2
x 63 2
x 67 2
x 89 2
+ 100 2
+ 100 3
+ 100 4
+ 100 5
+ 100 6
+ 100 7
+ 100 8
+ 100 9
+ 100 10
+ 100 11
+ 100 12
+ 100 13
+ 100 14
+ 100 15
+ 100 16
+ 100 17
+ 100 18
+ 100 19
+ 100 20
+ 100 21
+ 100 22
+ 100 23
+ 100 24
+ 100 25
+ 100 26
+ 100 27
+ 100 28
+ 100 29
+ 100 30
+ 100 31
+ 100 32
+ 100 33
+ 100 34
+ 100 35
+ 100 36
+ 100 37
+ 100 38
+ 100 39
+ 100 40
+ 100 41
+ 100 42
+ 100 43
+ 100 44
+ 100 45
+ 100 46
+ 100 47
+ 100 48
+ 100 49
+ 100 50
+ 100 51
+ 100 52
+ 100 53
+ 100 54
+ 100 55
+ 100 56
+ 100 57
+ 100 58
+ 100 59
+ 100 60
+ 100 61
+ 100 62
+ 100 63
+ 100 64
+ 100 65
+ 100 66
+ 100 67
+ 100 68
+ 100 69
+ 100 70
+ 100 71
+ 100 72
+ 100 73
+ 100 74
+ 100 75
+ 100 76
+ 100 77
+ 100 78
+ 100 79
+ 100 80
+ 100 81
+ 100 82
+ 100 83
+ 100 84
+ 100 85
+ 100 86
+ 100 87
+ 100 88
+ 100 89
+ 100 90
+ 100 91
+ 100 92
+ 100 93
+ 100 94
+ 100 95
+ 100 96
+ 100 97
+ 100 98
+ 100 99
Case #64: 298 198
+ 1 1
+ 1 2
+ 1 3
+ 1 4
+ 1 5
+ 1 6
+ 1 7
+ 1 8
+ 1 9
+ 1 10
+ 1 11
+ 1 12
+ 1 13
+ 1 14
+ 1 15
+ 1 16
+ 1 17
+ 1 18
+ 1 19
+ 1 20
+ 1 21
+ 1 22
+ 1 23
+ 1 24
+ 1 25
+ 1 26
+ 1 27
+ 1 28
+ 1 29
+ 1 30
+ 1 31
+ 1 32
+ 1 33
+ 1 34
+ 1 35
+ 1 36
+ 1 37
+ 1 38
+ 1 39
+ 1 40
+ 1 41
+ 1 42
+ 1 43
+ 1 44
+ 1 45
+ 1 46
+ 1 47
+ 1 48
+ 1 49
+ 1 50
+ 1 51
+ 1 52
+ 1 53
+ 1 54
+ 1 55
+ 1 56
+ 1 57
+ 1 58
+ 1 59
+ 1 60
+ 1 61
+ 1 62
+ 1 63
+ 1 64
+ 1 65
+ 1 66
+ 1 67
+ 1 68
+ 1 69
+ 1 70
+ 1 71
+ 1 72
+ 1 73
+ 1 74
+ 1 75
+ 1 76
+ 1 77
+ 1 78
+ 1 79
+ 1 80
+ 1 81
+ 1 82
+ 1 83
+ 1 84
+ 1 85
+ 1 86
+ 1 87
+ 1 88
+ 1 89
+ 1 90
+ 1 91
+ 1 92
+ 1 93
+ 1 94
+ 1 95
+ 1 96
+ 1 97
+ 1 98
o 1 99
+ 1 100
+ 100 2
+ 100 3
+ 100 4
+ 100 5
+ 100 6
+ 100 7
+ 100 8
+ 100 9
+ 100 10
+ 100 11
+ 100 12
+ 100 13
o 100 14
+ 100 15
+ 100 16
+ 100 17
+ 100 18
+ 100 19
+ 100 20
+ 100 21
+ 100 22
+ 100 23
+ 100 24
+ 100 25
+ 100 26
+ 100 27
+ 100 28
+ 100 29
+ 100 30
+ 100 31
+ 100 32
+ 100 33
+ 100 34
+ 100 35
+ 100 36
+ 100 37
+ 100 38
+ 100 39
+ 100 40
+ 100 41
+ 100 42
+ 100 43
+ 100 44
+ 100 45
+ 100 46
+ 100 47
+ 100 48
+ 100 49
+ 100 50
+ 100 51
+ 100 52
+ 100 53
+ 100 54
+ 100 55
+ 100 56
+ 100 57
+ 100 58
+ 100 59
+ 100 60
+ 100 61
+ 100 62
+ 100 63
+ 100 64
+ 100 65
+ 100 66
+ 100 67
+ 100 68
+ 100 69
+ 100 70
+ 100 71
+ 100 72
+ 100 73
+ 100 74
+ 100 75
+ 100 76
+ 100 77
+ 100 78
+ 100 79
+ 100 80
+ 100 81
+ 100 82
+ 100 83
+ 100 84
+ 100 85
+ 100 86
+ 100 87
+ 100 88
+ 100 89
+ 100 90
+ 100 91
+ 100 92
+ 100 93
+ 100 94
+ 100 95
+ 100 96
+ 100 97
+ 100 98
+ 100 99
Case #65: 262 165
x 1 1
x 2 1
o 3 1
x 4 1
x 5 1
x 6 1
x 7 1
x 8 1
x 9 1
x 10 1
x 11 1
x 12 1
x 13 1
x 14 1
x 15 1
x 16 1
o 17 1
x 18 1
x 19 1
x 20 1
x 21 1
x 22 1
x 23 1
x 24 1
x 25 1
x 26 1
x 27 1
o 28 1
x 29 1
x 30 1
x 31 1
x 32 1
x 33 1
x 34 1
x 35 1
x 36 1
x 37 1
x 38 1
x 39 1
x 40 1
x 41 1
x 42 1
x 43 1
x 44 1
x 45 1
x 46 1
x 47 1
x 48 1
x 49 1
x 50 1
x 51 1
x 52 1
x 53 1
x 54 1
x 55 1
x 56 1
x 57 1
x 58 1
x 59 1
x 60 1
x 61 1
x 62 1
x 63 1
x 64 1
x 65 1
x 66 1
x 67 1
x 68 1
x 69 1
x 70 1
x 71 1
x 72 1
x 73 1
x 74 1
x 75 1
x 76 1
x 77 1
x 78 1
x 79 1
x 80 1
o 81 1
x 82 1
x 83 1
x 84 1
x 85 1
x 86 1
x 87 1
x 88 1
x 89 1
x 90 1
x 91 1
x 92 1
x 93 1
x 94 1
x 95 1
x 96 1
x 97 1
x 98 1
x 99 1
x 100 1
+ 2 100
+ 3 100
+ 4 100
+ 5 100
+ 6 100
+ 7 100
+ 8 100
+ 9 100
+ 10 100
+ 100 11
+ 12 100
+ 13 100
+ 14 100
+ 15 100
+ 16 100
+ 17 100
+ 18 100
+ 19 100
+ 21 99
+ 21 100
+ 100 22
+ 23 100
+ 24 100
+ 25 100
+ 26 100
+ 27 100
+ 28 100
+ 29 100
+ 30 100
+ 31 100
+ 32 100
+ 100 33
+ 34 100
+ 35 100
+ 36 100
+ 37 100
+ 38 100
+ 40 99
+ 40 100
+ 100 41
+ 42 100
+ 100 43
+ 45 100
+ 99 45
+ 47 99
+ 47 100
+ 49 99
+ 100 49
+ 100 50
+ 100 51
+ 100 52
+ 100 53
+ 54 100
+ 55 100
+ 100 56
+ 100 57
+ 59 99
+ 59 100
+ 100 60
+ 62 100
+ 63 98
+ 64 100
+ 97 66
+ 97 68
+ 98 68
Case #66: 298 230
+ 1 1
+ 1 2
+ 1 3
+ 1 4
+ 1 5
+ 1 6
+ 1 7
+ 1 8
+ 1 9
+ 1 10
+ 1 11
+ 1 12
+ 1 13
+ 1 14
+ 1 15
+ 1 16
+ 1 17
+ 1 18
+ 1 19
+ 1 20
+ 1 21
+ 1 22
+ 1 23
+ 1 24
+ 1 25
+ 1 26
+ 1 27
+ 1 28
+ 1 29
+ 1 30
+ 1 31
+ 1 32
+ 1 33
+ 1 34
+ 1 35
+ 1 36
+ 1 37
+ 1 38
+ 1 39
+ 1 40
+ 1 41
+ 1 42
+ 1 43
+ 1 44
+ 1 45
+ 1 46
+ 1 47
+ 1 48
+ 1 49
+ 1 50
+ 1 51
+ 1 52
+ 1 53
+ 1 54
+ 1 55
+ 1 56
+ 1 57
+ 1 58
+ 1 59
+ 1 60
+ 1 61
+ 1 62
+ 1 63
+ 1 64
+ 1 65
+ 1 66
+ 1 67
+ 1 68
+ 1 69
+ 1 70
+ 1 71
+ 1 72
+ 1 73
+ 1 74
+ 1 75
+ 1 76
+ 1 77
+ 1 78
+ 1 79
+ 1 80
+ 1 81
+ 1 82
+ 1 83
+ 1 84
+ 1 85
+ 1 86
+ 1 87
+ 1 88
+ 1 89
+ 1 90
+ 1 91
+ 1 92
+ 1 93
+ 1 94
o 1 95
+ 1 96
+ 1 97
+ 1 98
+ 1 99
+ 1 100
x 6 1
x 13 1
x 15 1
x 24 1
x 27 1
x 29 1
x 33 1
x 56 1
x 78 1
x 100 1
x 5 2
x 16 2
x 23 2
x 26 2
x 31 2
x 58 2
x 94 2
+ 100 2
x 3 4
x 11 3
x 54 3
x 75 3
x 93 3
+ 100 3
x 18 4
x 44 4
x 62 4
x 89 4
x 97 4
+ 100 4
x 9 5
x 52 5
x 96 5
+ 100 5
x 8 6
+ 100 6
x 86 7
+ 100 7
+ 100 8
+ 100 9
+ 100 10
+ 100 11
+ 100 12
+ 100 13
+ 100 14
+ 100 15
+ 100 16
+ 100 17
+ 100 18
+ 100 19
+ 100 20
+ 100 21
+ 100 22
+ 100 23
+ 100 24
+ 100 25
+ 100 26
+ 100 27
+ 100 28
+ 100 29
+ 100 30
+ 100 31
+ 100 32
+ 100 33
+ 100 34
+ 100 35
+ 100 36
+ 100 37
+ 100 38
+ 100 39
+ 100 40
+ 100 41
+ 100 42
+ 100 43
+ 100 44
+ 100 45
+ 100 46
+ 100 47
+ 100 48
+ 100 49
+ 100 50
+ 100 51
+ 100 52
+ 100 53
+ 100 54
+ 100 55
+ 100 56
+ 100 57
+ 100 58
+ 100 59
+ 100 60
+ 100 61
+ 100 62
+ 100 63
+ 100 64
+ 100 65
+ 100 66
+ 100 67
+ 100 68
+ 100 69
+ 100 70
+ 100 71
+ 100 72
+ 100 73
+ 100 74
+ 100 75
+ 100 76
+ 100 77
+ 100 78
+ 100 79
+ 100 80
+ 100 81
+ 100 82
+ 100 83
+ 100 84
+ 100 85
+ 100 86
+ 100 87
+ 100 88
+ 100 89
+ 100 90
+ 100 91
+ 100 92
+ 100 93
+ 100 94
+ 100 95
+ 100 96
+ 100 97
+ 100 98
+ 100 99
Case #67: 74 0
Case #68: 222 119
o 1 1
+ 1 3
+ 1 6
+ 1 8
+ 1 10
+ 1 15
+ 1 16
+ 1 17
+ 1 19
+ 1 20
+ 1 22
+ 1 23
+ 1 26
+ 1 29
+ 1 37
+ 1 42
+ 1 43
+ 1 50
+ 1 51
+ 1 54
+ 1 56
+ 1 57
+ 1 59
+ 1 60
+ 1 61
+ 1 62
+ 1 63
+ 1 65
+ 1 66
+ 1 67
+ 1 68
+ 1 69
+ 1 72
+ 1 75
+ 1 76
+ 1 78
+ 1 83
+ 5 1
+ 7 1
o 11 1
x 12 1
x 15 1
x 16 1
+ 18 1
x 19 1
x 20 1
x 25 1
o 27 1
+ 28 1
x 29 1
x 45 1
+ 48 1
x 49 1
x 53 1
x 56 1
x 62 1
x 65 1
x 70 1
x 74 1
x 77 1
+ 2 13
+ 2 32
x 5 2
x 14 2
x 18 2
+ 23 2
x 24 2
x 26 2
x 30 2
x 32 2
x 34 2
+ 44 2
x 48 2
x 55 2
x 68 2
x 73 2
x 83 2
+ 3 23
+ 3 37
+ 3 84
x 4 3
x 9 3
x 13 3
x 39 3
x 47 3
+ 4 84
+ 6 4
x 8 4
x 22 4
x 71 4
x 7 5
+ 6 84
+ 25 6
+ 84 7
+ 8 84
+ 84 9
+ 84 10
+ 12 84
+ 24 13
+ 84 13
+ 14 84
+ 15 84
+ 84 16
+ 84 17
+ 84 18
+ 84 19
+ 21 84
+ 84 22
+ 84 24
+ 84 26
+ 84 29
+ 84 31
+ 33 84
+ 84 35
+ 83 37
+ 39 84
+ 41 84
+ 83 55
+ 78 62
Case #69: 294 255
o 1 1
+ 1 2
+ 1 3
+ 1 4
+ 1 6
+ 1 7
+ 1 8
+ 1 9
+ 1 10
+ 1 11
+ 1 13
+ 1 14
+ 1 15
+ 1 16
+ 1 17
+ 1 18
+ 1 19
+ 1 20
+ 1 21
+ 1 22
+ 1 23
+ 1 24
+ 1 25
+ 1 27
+ 1 28
+ 1 30
+ 1 32
+ 1 33
+ 1 34
+ 1 35
+ 1 36
+ 1 38
+ 1 39
+ 1 40
+ 1 41
+ 1 43
+ 1 44
+ 1 45
+ 1 46
+ 1 47
+ 1 48
+ 1 49
+ 1 50
+ 1 51
+ 1 52
+ 1 53
+ 1 54
+ 1 55
+ 1 56
+ 1 57
+ 1 58
+ 1 59
+ 1 60
+ 1 61
+ 1 62
+ 1 63
+ 1 66
+ 1 67
+ 1 68
+ 1 69
+ 1 70
+ 1 71
+ 1 72
+ 1 73
+ 1 74
+ 1 75
+ 1 76
+ 1 77
+ 1 78
+ 1 79
+ 1 80
+ 1 81
+ 1 82
+ 1 83
+ 1 84
+ 1 85
+ 1 86
+ 1 88
+ 1 89
+ 1 90
+ 1 91
+ 1 93
+ 1 94
+ 1 95
+ 1 96
+ 1 97
+ 1 98
+ 1 100
x 4 1
x 5 1
x 7 1
x 8 1
x 9 1
x 10 1
x 11 1
o 12 1
x 13 1
x 14 1
x 17 1
x 18 1
x 21 1
x 22 1
x 23 1
x 24 1
x 25 1
x 26 1
x 28 1
+ 29 1
x 35 1
o 37 1
x 42 1
x 43 1
x 46 1
x 49 1
x 50 1
x 53 1
x 55 1
x 61 1
x 62 1
x 67 1
x 71 1
x 73 1
x 74 1
x 75 1
x 77 1
x 80 1
x 81 1
x 83 1
x 84 1
x 85 1
x 86 1
x 90 1
x 92 1
x 93 1
x 94 1
x 95 1
x 96 1
x 97 1
x 98 1
o 99 1
x 100 1
+ 2 100
x 15 2
x 19 2
x 27 2
x 33 2
x 40 2
x 45 2
x 47 2
x 54 2
x 58 2
x 66 2
x 69 2
x 76 2
x 82 2
x 89 2
x 91 2
x 32 3
x 39 3
x 44 3
x 57 3
+ 100 3
+ 100 4
+ 100 5
x 29 6
+ 100 6
+ 100 7
+ 100 8
+ 9 100
+ 100 10
+ 100 11
+ 100 12
+ 100 13
+ 14 100
+ 100 15
+ 100 16
+ 99 18
+ 100 18
+ 99 20
+ 100 20
+ 99 22
+ 100 22
+ 99 24
+ 100 24
+ 99 26
+ 100 26
+ 99 28
+ 100 28
+ 99 30
+ 100 30
+ 99 32
+ 100 32
+ 99 34
+ 100 34
+ 36 99
+ 36 100
+ 100 37
+ 100 38
+ 100 39
+ 100 40
+ 100 41
+ 100 42
+ 100 43
+ 100 44
+ 100 45
+ 100 46
+ 100 47
+ 100 48
+ 100 49
+ 100 50
+ 100 51
+ 100 52
+ 100 53
+ 100 54
+ 100 55
+ 100 56
+ 100 57
+ 100 58
+ 59 100
+ 99 61
+ 100 61
+ 100 63
+ 98 64
+ 100 65
+ 98 66
+ 100 67
+ 68 98
+ 99 69
+ 100 69
+ 100 71
+ 98 72
+ 100 73
+ 98 74
+ 75 100
+ 98 76
+ 100 77
+ 98 78
+ 100 79
+ 98 80
+ 100 81
+ 98 82
+ 100 83
+ 98 84
+ 98 86
+ 99 86
+ 88 99
+ 98 88
+ 98 90
+ 98 91
+ 98 92
+ 98 93
+ 98 94
+ 98 95
+ 98 96
+ 98 97
Case #70: 295 237
o 1 1
+ 1 4
+ 1 5
+ 1 6
+ 1 7
+ 1 8
+ 1 9
+ 1 10
+ 1 11
+ 1 12
+ 1 13
+ 1 15
+ 1 16
+ 1 17
+ 1 18
+ 1 19
+ 1 20
+ 1 22
+ 1 23
+ 1 24
+ 1 25
+ 1 27
+ 1 28
+ 1 29
+ 1 30
+ 1 31
+ 1 32
+ 1 33
+ 1 34
+ 1 35
+ 1 36
+ 1 37
+ 1 38
+ 1 39
+ 1 40
+ 1 42
+ 1 43
+ 1 44
+ 1 45
+ 1 46
+ 1 47
+ 1 48
+ 1 49
+ 1 50
+ 1 51
+ 1 52
+ 1 53
+ 1 54
+ 1 55
+ 1 56
+ 1 57
+ 1 58
+ 1 59
+ 1 60
+ 1 61
+ 1 62
+ 1 63
+ 1 65
+ 1 66
+ 1 67
+ 1 68
+ 1 69
+ 1 70
+ 1 71
+ 1 72
+ 1 73
+ 1 74
+ 1 75
+ 1 76
+ 1 77
+ 1 78
+ 1 79
+ 1 80
+ 1 81
+ 1 82
+ 1 83
+ 1 84
+ 1 85
+ 1 86
+ 1 87
+ 1 88
+ 1 89
+ 1 90
+ 1 91
+ 1 92
+ 1 93
+ 1 94
+ 1 95
+ 1 96
+ 1 97
+ 1 98
+ 1 100
+ 2 1
+ 3 1
x 9 1
x 11 1
x 13 1
x 15 1
x 16 1
x 20 1
+ 21 1
x 28 1
x 41 1
x 42 1
x 43 1
x 47 1
x 48 1
x 49 1
x 55 1
x 60 1
x 66 1
x 70 1
x 71 1
x 81 1
x 87 1
x 89 1
x 99 1
x 100 1
+ 2 100
x 8 2
x 14 2
x 19 2
x 27 2
x 37 2
x 39 2
x 54 2
x 78 2
x 83 2
x 86 2
x 93 2
x 98 2
x 3 4
x 18 3
x 23 3
x 26 3
x 36 3
x 45 3
x 53 3
x 56 3
x 63 3
x 82 3
x 95 3
+ 100 3
+ 100 4
x 90 5
+ 100 5
+ 100 6
+ 100 7
+ 100 8
+ 100 9
+ 100 10
+ 100 11
+ 100 12
+ 100 13
+ 100 14
+ 100 15
+ 100 16
+ 100 17
+ 100 18
+ 100 19
+ 100 20
+ 100 21
+ 100 22
+ 100 23
+ 100 24
+ 100 25
+ 100 26
+ 100 27
+ 100 28
+ 100 29
+ 100 30
+ 100 31
+ 100 32
+ 100 33
+ 100 34
+ 100 35
+ 100 36
+ 37 100
+ 100 38
+ 100 39
+ 100 40
+ 100 41
+ 100 42
+ 100 43
+ 100 44
+ 100 45
+ 100 46
+ 100 47
+ 100 48
+ 100 49
+ 100 50
+ 100 51
+ 100 52
+ 100 53
+ 100 54
+ 100 55
+ 100 56
+ 100 57
+ 100 58
+ 100 59
+ 60 100
+ 100 61
+ 100 62
+ 100 63
+ 100 64
+ 100 65
+ 100 66
+ 100 67
+ 100 68
+ 100 69
+ 100 70
+ 100 71
+ 100 72
+ 100 73
+ 100 74
+ 100 75
+ 100 76
+ 100 77
+ 100 78
+ 100 79
+ 99 81
+ 100 81
+ 99 83
+ 100 83
+ 99 85
+ 100 85
+ 99 87
+ 100 87
+ 99 89
+ 100 89
+ 99 91
+ 100 91
+ 99 93
+ 100 93
+ 99 95
+ 100 95
+ 100 97
Case #71: 118 64
x 1 1
+ 1 4
+ 1 7
+ 1 8
+ 1 12
+ 1 13
+ 1 15
+ 1 18
+ 1 19
+ 1 20
+ 1 21
+ 1 22
+ 1 26
+ 1 27
+ 1 29
+ 1 35
+ 1 37
+ 1 39
+ 1 41
+ 1 43
+ 1 45
o 2 1
x 4 1
x 7 1
x 9 1
+ 10 1
+ 11 1
x 12 1
x 15 1
x 27 1
x 28 1
x 32 1
x 35 1
x 41 1
x 42 1
+ 2 31
x 5 2
x 18 2
x 21 2
+ 24 2
x 40 2
x 44 2
x 20 3
x 25 3
+ 4 45
x 24 4
x 38 4
x 23 5
+ 45 7
+ 45 8
+ 45 11
+ 13 45
+ 43 16
+ 45 17
+ 44 19
+ 21 44
+ 44 24
+ 44 25
+ 44 26
+ 28 44
+ 45 28
+ 34 42
+ 43 35
+ 44 38
Case #72: 85 44
o 1 2
+ 1 5
+ 1 10
+ 1 11
+ 1 13
+ 1 21
+ 1 22
+ 1 28
+ 1 29
+ 1 30
+ 3 1
+ 4 1
x 5 1
x 6 1
x 7 1
+ 8 1
+ 9 1
o 18 1
x 23 1
x 30 1
x 32 1
+ 2 32
x 12 2
x 15 2
x 17 2
x 20 2
x 22 2
x 27 2
x 31 2
+ 17 3
x 26 3
+ 32 3
x 10 4
+ 32 5
+ 7 32
+ 8 32
+ 10 32
+ 13 32
+ 29 17
+ 29 19
+ 31 20
+ 27 23
+ 24 29
+ 30 25
Case #73: 2 1
o 1 1
Case #74: 108 59
x 1 1
+ 1 2
+ 1 4
+ 1 6
+ 1 7
+ 1 10
+ 1 11
+ 1 15
+ 1 20
+ 1 21
+ 1 25
+ 1 26
+ 1 29
+ 1 30
+ 1 32
+ 1 36
+ 1 40
x 5 1
x 8 1
x 10 1
o 14 1
+ 17 1
x 20 1
x 22 1
x 23 1
+ 24 1
x 26 1
x 30 1
x 31 1
x 38 1
x 40 1
x 2 4
x 4 2
x 7 2
+ 11 2
x 13 2
x 17 2
x 19 2
+ 21 2
x 28 2
+ 30 2
+ 6 3
x 16 3
x 27 3
+ 40 9
+ 11 37
+ 38 12
+ 38 14
+ 40 15
+ 37 17
+ 20 37
+ 35 21
+ 39 22
+ 23 35
+ 24 39
+ 40 25
+ 40 30
+ 34 33
+ 35 39
Case #75: 269 173
o 1 1
x 2 1
x 3 1
x 4 1
o 5 1
x 6 1
x 7 1
o 8 1
x 9 1
x 10 1
x 11 1
x 12 1
o 13 1
x 14 1
x 15 1
o 16 1
o 17 1
o 18 1
o 19 1
x 20 1
x 21 1
o 22 1
x 23 1
x 24 1
x 25 1
o 26 1
x 27 1
x 28 1
x 29 1
x 30 1
x 31 1
x 32 1
o 33 1
x 34 1
x 35 1
x 36 1
x 37 1
x 38 1
x 39 1
x 40 1
x 41 1
x 42 1
x 43 1
x 44 1
x 45 1
x 46 1
x 47 1
x 48 1
x 49 1
x 50 1
x 51 1
x 52 1
x 53 1
x 54 1
x 55 1
x 56 1
x 57 1
x 58 1
x 59 1
x 60 1
x 61 1
x 62 1
x 63 1
x 64 1
x 65 1
x 66 1
x 67 1
x 68 1
x 69 1
x 70 1
x 71 1
x 72 1
x 73 1
x 74 1
x 75 1
x 76 1
x 77 1
x 78 1
x 79 1
x 80 1
x 81 1
o 82 1
x 83 1
x 84 1
x 85 1
x 86 1
x 87 1
x 88 1
x 89 1
x 90 1
x 91 1
x 92 1
x 93 1
x 94 1
x 95 1
x 96 1
x 97 1
x 98 1
x 99 1
x 100 1
+ 2 100
+ 3 100
+ 4 100
+ 5 100
+ 6 100
+ 7 100
+ 8 100
+ 9 100
+ 100 10
+ 11 100
+ 12 100
+ 100 13
+ 14 100
+ 15 100
+ 16 100
+ 100 17
+ 18 100
+ 19 100
+ 100 20
+ 100 21
+ 22 100
+ 23 100
+ 24 100
+ 25 100
+ 100 26
+ 27 100
+ 28 100
+ 29 100
+ 100 30
+ 100 31
+ 33 99
+ 33 100
+ 100 34
+ 35 100
+ 36 100
+ 37 100
+ 38 100
+ 100 39
+ 40 100
+ 41 100
+ 43 99
+ 43 100
+ 100 44
+ 45 100
+ 47 99
+ 47 100
+ 100 48
+ 100 49
+ 51 99
+ 100 51
+ 100 52
+ 100 53
+ 54 100
+ 55 100
+ 56 100
+ 57 100
+ 58 100
+ 60 100
+ 99 60
+ 62 100
+ 64 97
+ 100 64
+ 98 65
+ 67 98
+ 67 99
+ 99 68
+ 69 99
+ 99 70
+ 99 71
+ 73 99
+ 97 74
+ 100 74
+ 76 100
Case #76: 95 51
o 1 1
+ 1 3
+ 1 4
+ 1 5
+ 1 6
+ 1 7
+ 1 12
+ 1 20
+ 1 24
+ 1 25
+ 1 27
+ 1 29
+ 1 30
+ 1 35
+ 9 1
+ 10 1
+ 11 1
x 12 1
+ 13 1
o 15 1
+ 16 1
+ 19 1
x 21 1
x 25 1
x 31 1
x 34 1
x 3 2
+ 13 2
x 14 2
x 30 2
+ 3 24
x 10 3
x 13 3
x 29 3
+ 4 36
x 9 4
x 8 5
x 27 5
+ 6 36
+ 36 7
+ 36 8
+ 9 36
+ 36 12
+ 34 13
+ 34 15
+ 36 16
+ 34 17
+ 19 35
+ 30 23
+ 29 27
+ 31 28
Case #77: 27 14
o 1 1
+ 1 4
+ 1 7
+ 1 9
+ 1 11
o 2 1
+ 3 1
x 4 1
+ 5 1
x 11 1
+ 2 11
x 3 2
x 5 4
+ 10 7
Case #78: 241 130
+ 1 1
+ 1 2
+ 1 4
+ 1 6
+ 1 8
+ 1 9
+ 1 12
+ 1 13
+ 1 18
+ 1 19
+ 1 20
+ 1 21
+ 1 25
+ 1 26
+ 1 29
+ 1 30
+ 1 31
+ 1 32
+ 1 36
+ 1 41
+ 1 42
+ 1 43
+ 1 45
+ 1 50
+ 1 54
+ 1 62
+ 1 63
+ 1 64
+ 1 65
+ 1 66
+ 1 67
+ 1 69
+ 1 70
+ 1 72
+ 1 74
+ 1 76
+ 1 78
+ 1 79
+ 1 80
+ 1 82
+ 1 84
+ 1 86
+ 1 87
+ 1 89
+ 1 91
+ 3 1
x 5 1
x 6 1
o 7 1
+ 11 1
x 12 1
+ 22 1
o 23 1
x 24 1
x 27 1
x 33 1
x 41 1
x 45 1
x 47 1
+ 48 1
+ 49 1
x 57 1
x 58 1
x 60 1
x 61 1
x 63 1
x 64 1
x 71 1
x 72 1
x 74 1
x 77 1
x 83 1
x 84 1
x 87 1
+ 2 54
+ 2 91
x 11 2
+ 15 2
x 18 2
x 22 2
+ 32 2
x 35 2
x 42 2
x 54 2
x 70 2
x 76 2
x 81 2
+ 8 3
x 10 3
x 25 3
x 31 3
+ 42 3
x 50 3
x 80 3
x 85 3
x 89 3
+ 91 3
x 16 4
+ 24 4
x 79 4
x 88 4
+ 5 42
x 78 5
+ 91 5
+ 91 8
+ 91 9
+ 11 91
+ 91 15
+ 91 18
+ 91 22
+ 24 91
+ 91 25
+ 91 26
+ 91 30
+ 33 91
+ 91 40
+ 91 42
+ 43 89
+ 90 48
+ 90 50
+ 88 51
+ 90 52
+ 54 87
+ 90 54
+ 86 57
+ 60 87
+ 82 64
+ 66 82
+ 83 67
+ 80 69
Case #79: 242 131
+ 1 1
+ 1 8
+ 1 10
+ 1 14
+ 1 15
+ 1 16
+ 1 17
+ 1 18
+ 1 19
+ 1 22
+ 1 23
+ 1 25
+ 1 27
+ 1 31
+ 1 32
+ 1 34
+ 1 36
+ 1 38
+ 1 42
+ 1 48
+ 1 51
+ 1 52
+ 1 53
+ 1 54
+ 1 56
+ 1 64
+ 1 65
+ 1 66
+ 1 71
+ 1 72
+ 1 73
+ 1 76
+ 1 77
+ 1 78
+ 1 79
+ 1 80
+ 1 81
+ 1 83
+ 1 84
+ 1 87
+ 1 88
+ 1 90
+ 1 91
o 7 1
x 8 1
+ 9 1
x 11 1
x 14 1
x 15 1
o 20 1
x 21 1
x 25 1
x 28 1
x 30 1
o 33 1
x 34 1
x 35 1
x 36 1
x 37 1
+ 39 1
+ 40 1
x 44 1
x 46 1
+ 47 1
x 48 1
x 49 1
+ 50 1
x 52 1
x 55 1
x 57 1
+ 60 1
o 62 1
+ 70 1
x 72 1
x 75 1
x 79 1
x 84 1
x 91 1
+ 2 29
x 5 2
x 13 2
x 26 2
x 38 2
+ 42 2
x 43 2
x 45 2
x 47 2
x 56 2
x 61 2
x 63 2
x 65 2
x 71 2
x 89 2
+ 91 2
+ 3 35
+ 3 91
x 50 3
x 60 3
x 67 3
x 70 3
x 41 4
x 76 4
+ 91 4
+ 5 25
+ 20 5
o 40 5
+ 6 91
+ 91 8
+ 91 9
+ 17 91
+ 91 21
+ 23 91
+ 91 24
+ 91 26
+ 91 28
+ 33 90
+ 33 91
+ 91 35
+ 90 38
+ 91 38
+ 91 40
+ 91 44
+ 47 91
+ 48 91
+ 87 56
+ 60 85
+ 83 65
+ 79 68
+ 84 68
+ 80 71
+ 74 79
Case #80: 268 194
o 1 1
+ 1 2
+ 1 17
+ 1 19
+ 1 21
+ 1 41
+ 1 50
+ 1 51
+ 1 54
+ 1 55
+ 1 57
+ 1 62
+ 1 67
+ 1 68
+ 1 78
+ 1 79
+ 1 82
+ 1 83
+ 1 90
+ 1 92
+ 1 94
+ 1 97
x 2 1
x 3 1
x 4 1
o 5 1
x 6 1
o 7 1
x 8 1
x 9 1
x 10 1
x 11 1
x 12 1
x 13 1
x 14 1
o 15 1
x 16 1
x 17 1
x 18 1
x 19 1
x 20 1
x 21 1
x 22 1
o 23 1
x 24 1
x 25 1
x 26 1
x 27 1
x 28 1
o 29 1
x 30 1
x 31 1
x 32 1
x 33 1
x 34 1
x 35 1
x 36 1
x 37 1
x 38 1
x 39 1
x 40 1
x 41 1
x 42 1
x 43 1
o 44 1
x 45 1
x 46 1
x 47 1
x 48 1
x 49 1
x 50 1
x 51 1
x 52 1
o 53 1
x 54 1
x 55 1
x 56 1
x 57 1
x 58 1
x 59 1
x 60 1
x 61 1
x 62 1
x 63 1
x 64 1
o 65 1
x 66 1
x 67 1
x 68 1
x 69 1
x 70 1
x 71 1
x 72 1
x 73 1
x 74 1
x 75 1
x 76 1
x 77 1
x 78 1
x 79 1
x 80 1
x 81 1
x 82 1
x 83 1
x 84 1
x 85 1
x 86 1
x 87 1
x 88 1
x 89 1
x 90 1
x 91 1
x 92 1
x 93 1
x 94 1
x 95 1
x 96 1
x 97 1
x 98 1
x 99 1
x 100 1
+ 2 12
+ 2 100
+ 3 100
+ 23 3
+ 100 4
+ 5 100
+ 6 100
+ 8 100
+ 99 8
+ 10 100
+ 18 10
+ 99 10
+ 12 99
+ 12 100
+ 100 13
+ 14 100
+ 15 100
+ 16 100
+ 17 100
+ 100 18
+ 100 19
+ 20 100
+ 21 100
+ 100 22
+ 100 23
+ 24 100
+ 25 100
+ 27 99
+ 27 100
+ 100 28
+ 29 100
+ 30 100
+ 31 100
+ 32 100
+ 100 33
+ 35 99
+ 35 100
+ 37 99
+ 37 100
+ 100 38
+ 100 39
+ 40 100
+ 41 100
+ 42 100
+ 43 100
+ 100 44
+ 45 100
+ 100 46
+ 100 47
+ 48 100
+ 49 100
+ 100 50
+ 52 99
+ 100 52
+ 100 53
+ 54 100
+ 55 100
+ 56 100
+ 58 99
+ 58 100
+ 100 59
+ 61 99
+ 63 99
+ 98 63
+ 100 64
+ 66 97
+ 66 100
+ 98 67
+ 68 100
+ 70 100
+ 97 70
+ 73 96
+ 75 96
Case #81: 292 192
+ 1 2
+ 1 3
+ 1 4
+ 1 5
+ 1 6
+ 1 7
+ 1 8
+ 1 9
+ 1 10
+ 1 11
+ 1 12
+ 1 13
+ 1 14
+ 1 15
+ 1 16
+ 1 17
+ 1 18
+ 1 19
+ 1 20
+ 1 21
+ 1 22
+ 1 23
+ 1 24
+ 1 25
+ 1 26
+ 1 27
+ 1 28
+ 1 30
+ 1 31
+ 1 33
+ 1 34
+ 1 35
+ 1 36
+ 1 37
+ 1 38
+ 1 39
+ 1 40
+ 1 41
+ 1 42
+ 1 43
+ 1 44
+ 1 46
+ 1 47
+ 1 49
+ 1 50
+ 1 51
+ 1 52
+ 1 54
+ 1 55
+ 1 56
+ 1 58
+ 1 59
+ 1 60
+ 1 61
+ 1 62
+ 1 63
+ 1 64
+ 1 65
+ 1 66
+ 1 67
+ 1 68
+ 1 69
+ 1 70
+ 1 71
+ 1 72
+ 1 73
+ 1 74
+ 1 75
o 1 76
+ 1 77
+ 1 78
+ 1 79
+ 1 80
+ 1 81
+ 1 82
+ 1 85
+ 1 86
+ 1 87
+ 1 89
+ 1 90
+ 1 91
+ 1 92
+ 1 93
+ 1 94
+ 1 96
+ 1 97
+ 1 98
+ 1 99
+ 1 100
+ 29 1
x 41 1
+ 45 1
+ 53 1
x 100 1
x 65 2
+ 100 2
+ 100 3
x 44 4
+ 100 4
x 96 5
+ 100 5
+ 6 100
x 85 7
+ 100 7
+ 100 8
+ 100 9
+ 100 10
x 56 11
x 71 11
+ 100 11
+ 100 12
+ 13 100
+ 100 14
+ 100 15
+ 100 16
+ 17 100
+ 18 100
+ 100 19
+ 100 20
+ 100 21
+ 100 22
+ 100 23
+ 100 24
+ 100 25
+ 100 26
+ 100 27
+ 100 28
+ 100 29
+ 100 30
+ 100 31
+ 100 32
+ 100 33
+ 100 34
+ 100 35
+ 100 36
+ 100 37
+ 100 38
+ 100 39
+ 100 40
+ 100 41
+ 100 42
+ 100 43
+ 44 100
+ 100 45
+ 100 46
+ 100 47
+ 99 49
+ 100 49
+ 99 51
+ 100 51
+ 53 100
+ 99 53
+ 100 55
+ 98 56
+ 100 57
+ 98 58
+ 100 59
+ 98 60
+ 100 61
+ 98 62
+ 100 63
+ 98 64
+ 98 66
+ 67 98
+ 98 68
+ 99 68
+ 97 71
+ 98 71
+ 97 73
+ 98 73
+ 97 75
+ 98 75
+ 97 77
+ 98 77
+ 97 79
+ 98 79
+ 97 81
+ 97 82
+ 97 83
+ 97 84
+ 97 85
+ 97 86
+ 97 87
+ 97 88
+ 97 89
+ 97 90
+ 97 91
+ 97 92
+ 97 93
+ 97 94
+ 97 95
+ 97 96
Case #82: 142 74
x 1 1
+ 1 4
+ 1 5
+ 1 6
+ 1 8
+ 1 10
+ 1 12
+ 1 18
+ 1 22
+ 1 25
+ 1 29
+ 1 30
+ 1 32
+ 1 37
+ 1 39
+ 1 42
+ 1 44
+ 1 46
+ 1 48
+ 1 49
+ 1 52
o 2 1
x 4 1
x 6 1
o 9 1
x 11 1
+ 13 1
x 18 1
+ 20 1
+ 21 1
+ 23 1
x 24 1
x 27 1
+ 31 1
o 33 1
x 39 1
x 41 1
x 44 1
x 48 1
x 51 1
+ 2 16
x 5 2
x 14 2
x 21 2
+ 23 2
x 25 2
x 31 2
x 35 2
x 38 2
x 47 2
x 53 2
x 30 3
x 34 3
x 37 3
+ 4 54
x 19 4
+ 6 21
+ 54 9
+ 10 54
+ 54 13
+ 14 54
+ 15 54
+ 17 54
+ 54 18
+ 19 54
o 20 54
+ 54 21
+ 54 23
+ 54 25
+ 52 28
+ 49 35
+ 45 38
+ 48 43
+ 48 45
Case #83: 276 174
+ 1 2
+ 1 7
+ 1 9
+ 1 10
+ 1 11
+ 1 16
+ 1 19
+ 1 20
+ 1 24
+ 1 27
+ 1 28
+ 1 29
+ 1 30
+ 1 32
+ 1 33
+ 1 35
+ 1 40
+ 1 43
+ 1 47
+ 1 48
+ 1 51
+ 1 53
+ 1 56
+ 1 58
+ 1 60
+ 1 63
+ 1 64
+ 1 65
+ 1 66
+ 1 73
+ 1 74
+ 1 77
+ 1 81
+ 1 83
+ 1 84
+ 1 88
+ 1 95
+ 1 99
+ 1 100
x 2 1
o 4 1
x 6 1
x 7 1
+ 8 1
x 12 1
+ 14 1
+ 17 1
+ 18 1
x 22 1
x 25 1
x 28 1
+ 36 1
x 43 1
x 45 1
x 53 1
+ 55 1
x 61 1
x 63 1
x 65 1
+ 69 1
x 72 1
x 78 1
x 80 1
x 81 1
o 87 1
x 88 1
x 89 1
+ 90 1
x 93 1
x 100 1
x 14 2
x 20 2
+ 33 2
+ 36 2
x 40 2
x 42 2
x 48 2
x 58 2
x 62 2
x 67 2
x 71 2
x 86 2
x 92 2
x 94 2
x 99 2
+ 100 2
+ 3 100
o 13 3
x 34 3
x 47 3
x 70 3
x 85 3
x 98 3
+ 4 100
x 9 4
x 33 4
x 38 4
+ 5 9
+ 5 100
+ 34 5
+ 100 6
+ 7 100
+ 8 100
+ 9 100
o 10 100
+ 12 100
+ 99 12
+ 14 99
+ 15 99
+ 100 15
+ 100 16
+ 18 99
+ 100 18
+ 100 19
+ 100 20
+ 21 100
+ 22 100
+ 23 100
+ 100 24
+ 25 100
+ 26 100
+ 100 27
+ 100 28
+ 29 100
+ 30 100
+ 31 100
+ 33 99
+ 33 100
+ 100 34
+ 100 35
+ 100 36
+ 100 37
+ 39 99
+ 39 100
+ 100 40
+ 42 100
+ 99 42
+ 44 100
+ 99 44
+ 46 99
+ 99 47
+ 100 47
+ 49 100
+ 99 49
+ 51 99
+ 100 51
+ 100 52
+ 100 53
+ 100 54
+ 55 100
+ 100 56
+ 57 100
+ 100 58
+ 100 59
+ 60 100
+ 100 61
+ 97 65
+ 67 97
+ 95 68
+ 97 69
+ 70 95
+ 97 71
+ 95 72
+ 73 97
+ 95 74
+ 75 97
+ 95 76
+ 98 76
+ 78 98
+ 94 79
+ 99 79
+ 99 81
+ 82 93
+ 98 84
Case #84: 106 55
+ 1 1
+ 1 2
+ 1 3
+ 1 5
+ 1 8
+ 1 10
+ 1 18
+ 1 20
+ 1 22
+ 1 25
+ 1 27
+ 1 29
+ 1 30
+ 1 33
+ 1 34
+ 1 36
+ 1 40
x 3 1
o 4 1
+ 6 1
+ 7 1
+ 9 1
x 18 1
+ 19 1
x 25 1
x 31 1
x 32 1
x 37 1
x 40 1
x 11 2
+ 15 2
x 17 2
x 24 2
x 26 2
x 30 2
x 29 3
+ 4 40
x 20 4
x 28 4
x 5 6
+ 7 5
o 19 5
+ 40 7
+ 9 40
+ 12 39
+ 39 13
+ 15 40
+ 39 15
+ 17 39
+ 17 40
+ 40 18
+ 20 40
+ 35 24
+ 26 40
+ 36 27
Case #85: 169 95
x 1 1
+ 1 2
+ 1 5
+ 1 10
+ 1 11
+ 1 12
+ 1 13
+ 1 18
+ 1 19
+ 1 20
+ 1 21
+ 1 22
+ 1 24
+ 1 25
+ 1 33
+ 1 40
+ 1 42
+ 1 44
+ 1 46
+ 1 54
+ 1 56
+ 1 58
+ 1 59
+ 1 60
+ 1 61
+ 1 62
+ 1 63
o 4 1
+ 8 1
x 14 1
o 15 1
o 17 1
x 19 1
x 21 1
x 24 1
x 25 1
x 28 1
+ 31 1
x 35 1
+ 37 1
x 40 1
x 41 1
x 48 1
x 49 1
x 50 1
x 52 1
x 54 1
+ 55 1
x 56 1
x 57 1
x 59 1
x 63 1
x 2 3
+ 2 33
+ 2 37
x 3 2
x 6 2
+ 13 2
x 18 2
x 23 2
x 27 2
x 47 2
x 51 2
x 61 2
+ 63 2
+ 4 3
x 22 3
+ 26 3
x 33 3
x 60 3
+ 4 32
x 9 4
+ 63 6
+ 7 63
+ 10 62
+ 63 11
+ 16 63
+ 63 18
+ 63 19
+ 21 63
+ 62 21
+ 60 25
+ 59 31
+ 62 31
+ 33 59
+ 34 63
+ 61 37
+ 39 61
+ 59 40
+ 63 41
+ 59 42
+ 44 59
+ 60 45
+ 60 48
+ 58 49
Case #86: 251 139
o 1 1
+ 1 2
+ 1 5
+ 1 8
+ 1 11
+ 1 12
+ 1 14
+ 1 15
+ 1 19
+ 1 20
+ 1 21
+ 1 22
+ 1 24
+ 1 25
+ 1 31
+ 1 33
+ 1 34
+ 1 35
+ 1 37
+ 1 41
+ 1 42
+ 1 49
+ 1 51
+ 1 52
+ 1 53
+ 1 57
+ 1 58
+ 1 59
+ 1 65
+ 1 67
+ 1 68
+ 1 70
+ 1 71
+ 1 73
+ 1 75
+ 1 78
+ 1 81
+ 1 82
+ 1 83
+ 1 87
+ 1 88
+ 1 89
+ 1 91
x 2 1
x 5 1
+ 6 1
x 7 1
+ 10 1
x 12 1
x 13 1
o 17 1
+ 18 1
x 25 1
+ 26 1
+ 30 1
x 33 1
x 34 1
x 37 1
+ 43 1
x 45 1
+ 46 1
o 47 1
x 48 1
x 50 1
x 51 1
x 54 1
x 56 1
x 59 1
+ 60 1
x 63 1
x 67 1
x 68 1
+ 69 1
+ 72 1
x 74 1
+ 76 1
x 80 1
x 82 1
+ 85 1
x 92 1
x 3 2
+ 6 2
x 10 2
+ 12 2
x 30 2
x 36 2
x 38 2
x 49 2
x 55 2
x 58 2
x 66 2
x 73 2
x 76 2
x 85 2
x 91 2
+ 92 2
x 9 3
+ 14 3
x 23 3
x 35 3
x 61 3
x 65 3
x 90 3
+ 4 42
x 19 4
x 64 4
+ 92 6
+ 91 9
+ 92 11
+ 92 12
+ 13 92
+ 18 91
+ 92 20
+ 25 90
+ 91 25
+ 90 27
+ 91 27
+ 30 92
+ 92 31
+ 36 91
+ 92 36
+ 92 37
+ 91 39
+ 91 41
+ 91 42
+ 44 91
+ 91 48
+ 51 90
+ 89 51
+ 90 54
+ 91 54
+ 91 60
+ 91 61
+ 92 64
+ 91 67
+ 91 69
+ 88 74
+ 75 78
+ 79 78
Case #87: 276 175
+ 1 4
+ 1 5
+ 1 6
+ 1 17
+ 1 20
+ 1 24
+ 1 27
+ 1 30
+ 1 34
+ 1 42
+ 1 44
+ 1 45
+ 1 49
+ 1 50
+ 1 56
+ 1 57
+ 1 62
+ 1 63
+ 1 69
+ 1 71
+ 1 72
+ 1 73
+ 1 77
+ 1 78
+ 1 79
+ 1 82
o 1 84
+ 1 85
+ 1 89
+ 1 91
+ 1 94
x 2 1
x 5 1
x 7 1
+ 10 1
x 14 1
o 15 1
x 22 1
x 24 1
+ 25 1
+ 28 1
+ 31 1
x 32 1
x 34 1
x 35 1
x 37 1
+ 41 1
x 42 1
x 43 1
x 44 1
x 45 1
x 47 1
x 51 1
+ 54 1
x 55 1
x 56 1
x 57 1
+ 59 1
+ 61 1
x 67 1
x 69 1
+ 70 1
x 76 1
x 77 1
x 78 1
x 80 1
x 85 1
x 88 1
x 92 1
x 97 1
x 100 1
+ 2 100
x 4 2
+ 8 2
x 12 2
x 19 2
x 26 2
+ 31 2
x 33 2
x 38 2
x 41 2
x 50 2
x 59 2
x 62 2
x 66 2
x 71 2
x 75 2
x 79 2
x 81 2
x 83 2
x 87 2
+ 3 100
x 9 3
x 40 3
x 53 3
x 70 3
x 95 3
+ 4 100
+ 9 4
x 17 4
x 94 4
+ 5 100
+ 6 100
+ 100 7
+ 100 8
+ 9 100
+ 100 10
+ 11 100
+ 100 12
+ 13 100
+ 14 100
+ 15 100
+ 100 16
+ 100 17
+ 18 100
+ 100 19
+ 20 100
+ 99 22
+ 100 22
+ 24 99
+ 100 24
+ 100 25
+ 26 100
+ 27 100
+ 100 28
+ 100 29
+ 100 30
+ 32 99
+ 100 32
+ 100 33
+ 34 100
+ 35 100
+ 36 100
+ 37 100
+ 100 38
+ 40 99
+ 100 41
+ 43 97
+ 43 100
+ 45 97
+ 100 45
+ 98 46
+ 48 98
+ 48 99
+ 99 49
+ 100 49
+ 99 51
+ 100 51
+ 53 99
+ 100 53
+ 100 54
+ 100 55
+ 100 56
+ 58 100
+ 99 58
+ 60 99
+ 61 99
+ 100 61
+ 100 62
+ 100 63
+ 64 100
+ 65 100
+ 100 66
+ 100 67
+ 68 100
+ 71 99
+ 97 72
+ 97 74
+ 75 97
+ 97 76
+ 98 76
+ 98 78
+ 96 79
+ 96 81
+ 94 84
Case #88: 115 64
x 1 2
+ 1 4
+ 1 5
+ 1 6
+ 1 8
+ 1 9
+ 1 10
+ 1 11
+ 1 12
+ 1 16
+ 1 17
+ 1 21
+ 1 23
+ 1 24
+ 1 26
+ 1 32
+ 1 38
+ 1 39
+ 1 41
+ 1 42
x 3 1
x 5 1
+ 7 1
x 10 1
+ 13 1
+ 14 1
x 15 1
x 16 1
+ 18 1
x 20 1
x 23 1
x 24 1
+ 25 1
o 28 1
+ 29 1
o 30 1
+ 31 1
x 43 1
x 12 2
x 19 2
x 22 2
x 31 2
+ 33 2
x 42 2
x 21 3
x 26 3
x 37 3
x 33 7
+ 8 43
+ 43 9
+ 16 42
+ 41 16
+ 41 19
+ 42 19
+ 41 21
+ 23 41
+ 24 43
+ 42 24
+ 41 27
+ 42 27
+ 40 30
+ 41 30
+ 40 32
+ 42 33
Case #89: 201 0
Case #90: 267 174
o 1 1
x 2 1
o 3 1
x 4 1
x 5 1
o 6 1
x 7 1
x 8 1
x 9 1
x 10 1
x 11 1
x 12 1
x 13 1
x 14 1
x 15 1
x 16 1
x 17 1
x 18 1
x 19 1
x 20 1
x 21 1
x 22 1
x 23 1
x 24 1
x 25 1
x 26 1
x 27 1
x 28 1
x 29 1
x 30 1
x 31 1
x 32 1
x 33 1
x 34 1
x 35 1
x 36 1
x 37 1
x 38 1
x 39 1
x 40 1
x 41 1
x 42 1
x 43 1
x 44 1
x 45 1
x 46 1
x 47 1
x 48 1
x 49 1
x 50 1
x 51 1
x 52 1
x 53 1
x 54 1
x 55 1
x 56 1
x 57 1
x 58 1
x 59 1
x 60 1
x 61 1
x 62 1
x 63 1
x 64 1
x 65 1
x 66 1
x 67 1
o 68 1
x 69 1
x 70 1
x 71 1
x 72 1
x 73 1
x 74 1
x 75 1
x 76 1
x 77 1
x 78 1
x 79 1
o 80 1
x 81 1
x 82 1
x 83 1
x 84 1
x 85 1
x 86 1
x 87 1
x 88 1
x 89 1
x 90 1
x 91 1
x 92 1
x 93 1
x 94 1
o 95 1
x 96 1
x 97 1
x 98 1
x 99 1
x 100 1
+ 2 100
+ 3 100
+ 4 100
+ 5 100
+ 6 100
+ 100 7
+ 8 100
+ 9 100
+ 10 100
+ 11 100
+ 12 100
+ 13 100
+ 14 100
+ 15 100
+ 16 100
+ 17 100
+ 18 100
+ 100 19
+ 20 100
+ 21 100
+ 22 100
+ 100 23
+ 24 100
+ 26 99
+ 100 26
+ 100 27
+ 28 100
+ 100 29
+ 30 100
+ 31 100
+ 32 100
+ 33 100
+ 34 100
+ 100 35
+ 100 36
+ 37 100
+ 38 100
+ 39 100
+ 40 100
+ 41 100
+ 42 100
+ 43 100
+ 44 100
+ 46 99
+ 46 100
+ 100 47
+ 48 100
+ 49 100
+ 50 100
+ 52 100
+ 53 98
+ 54 100
+ 55 98
+ 99 56
+ 99 57
+ 58 99
+ 59 99
+ 100 59
+ 61 99
+ 99 62
+ 64 98
+ 64 99
+ 99 65
+ 66 99
+ 99 67
+ 100 67
+ 69 99
+ 100 69
+ 99 71
+ 73 99
+ 74 97
+ 97 76
+ 81 94
+ 94 83
Case #91: 166 0
Case #92: 293 279
o 1 1
+ 1 2
+ 1 3
+ 1 4
+ 1 6
+ 1 8
+ 1 9
+ 1 10
+ 1 12
+ 1 13
+ 1 14
+ 1 15
+ 1 16
+ 1 17
+ 1 18
+ 1 19
+ 1 22
+ 1 23
+ 1 24
+ 1 25
+ 1 26
+ 1 27
+ 1 28
+ 1 29
+ 1 30
+ 1 33
+ 1 34
+ 1 35
+ 1 36
+ 1 37
+ 1 38
+ 1 39
+ 1 40
+ 1 41
+ 1 43
+ 1 44
+ 1 45
+ 1 46
+ 1 47
+ 1 48
+ 1 50
+ 1 51
+ 1 52
+ 1 53
+ 1 54
+ 1 55
+ 1 56
+ 1 57
+ 1 58
+ 1 59
+ 1 60
+ 1 61
+ 1 62
+ 1 63
+ 1 64
+ 1 65
+ 1 67
+ 1 68
+ 1 69
+ 1 70
+ 1 71
+ 1 72
+ 1 73
+ 1 74
+ 1 77
+ 1 78
+ 1 79
+ 1 80
+ 1 81
+ 1 82
+ 1 83
+ 1 84
+ 1 85
+ 1 86
+ 1 87
+ 1 88
+ 1 89
+ 1 90
+ 1 91
+ 1 92
+ 1 93
+ 1 94
+ 1 96
+ 1 97
+ 1 98
+ 1 99
+ 1 100
x 2 1
x 3 1
x 4 1
x 5 1
x 6 1
o 7 1
x 8 1
x 9 1
x 10 1
o 11 1
x 12 1
x 13 1
x 14 1
x 15 1
x 16 1
x 17 1
x 18 1
x 19 1
o 20 1
x 21 1
x 22 1
x 23 1
x 24 1
x 25 1
x 26 1
x 27 1
x 28 1
x 29 1
x 30 1
x 31 1
x 32 1
x 33 1
x 34 1
x 35 1
x 36 1
x 37 1
x 38 1
x 39 1
x 40 1
x 41 1
x 42 1
x 43 1
x 44 1
x 45 1
x 46 1
x 47 1
x 48 1
o 49 1
x 50 1
x 51 1
x 52 1
x 53 1
x 54 1
x 55 1
x 56 1
x 57 1
x 58 1
x 59 1
x 60 1
x 61 1
x 62 1
x 63 1
x 64 1
x 65 1
x 66 1
x 67 1
x 68 1
x 69 1
x 70 1
x 71 1
x 72 1
x 73 1
x 74 1
x 75 1
x 76 1
x 77 1
x 78 1
x 79 1
x 80 1
x 81 1
x 82 1
x 83 1
x 84 1
x 85 1
x 86 1
x 87 1
x 88 1
x 89 1
x 90 1
x 91 1
x 92 1
x 93 1
x 94 1
x 95 1
x 96 1
x 97 1
x 98 1
x 99 1
x 100 1
+ 100 2
+ 100 3
+ 100 4
+ 100 5
+ 6 100
+ 100 7
+ 100 8
+ 100 9
+ 100 10
+ 100 11
+ 100 12
+ 100 13
+ 100 14
+ 100 15
+ 100 16
+ 100 17
+ 100 18
+ 100 19
+ 100 20
+ 100 21
+ 100 22
+ 100 23
+ 100 24
+ 25 100
+ 26 100
+ 100 27
+ 100 28
+ 100 29
+ 100 30
+ 100 31
+ 100 32
+ 100 33
+ 100 34
+ 35 100
+ 100 36
+ 100 37
+ 100 38
+ 100 39
+ 100 40
+ 100 41
+ 100 42
+ 100 43
+ 100 44
+ 100 45
+ 100 46
+ 100 47
+ 100 48
+ 100 49
+ 100 50
+ 100 51
+ 99 53
+ 100 53
+ 99 55
+ 100 55
+ 99 57
+ 100 57
+ 59 100
+ 99 59
+ 99 61
+ 100 61
+ 99 63
+ 100 63
+ 99 65
+ 100 65
+ 99 67
+ 100 67
+ 69 99
+ 100 69
+ 100 70
+ 100 71
+ 100 72
+ 100 73
+ 100 74
+ 100 75
+ 100 76
+ 100 77
+ 100 78
+ 100 79
+ 80 100
+ 99 82
+ 100 82
+ 99 84
+ 100 84
+ 99 86
+ 100 86
+ 99 88
+ 100 88
+ 90 100
+ 98 91
+ 100 92
+ 97 94
+ 99 95
+ 97 96
Case #93: 142 73
+ 1 1
+ 1 3
+ 1 5
+ 1 6
+ 1 8
+ 1 11
+ 1 14
+ 1 16
o 1 17
+ 1 19
+ 1 20
+ 1 21
+ 1 25
+ 1 31
+ 1 32
+ 1 33
+ 1 38
+ 1 39
+ 1 43
+ 1 44
+ 1 45
+ 1 48
+ 1 49
+ 1 50
+ 1 51
+ 1 52
+ 1 54
x 7 1
+ 10 1
o 13 1
x 17 1
o 18 1
x 20 1
+ 23 1
+ 24 1
+ 28 1
+ 36 1
x 40 1
x 41 1
x 44 1
x 49 1
+ 2 54
x 12 2
o 26 2
x 53 2
+ 5 3
x 25 3
x 45 3
+ 54 3
x 10 4
+ 19 4
x 51 4
x 9 5
x 23 5
+ 54 5
x 30 6
x 21 7
x 29 7
+ 54 7
+ 8 54
x 28 8
+ 9 54
+ 53 11
+ 14 54
+ 54 17
+ 54 23
+ 54 24
+ 29 54
+ 51 31
+ 49 35
+ 39 50
+ 49 39
+ 49 42
Case #94: 41 21
o 1 1
+ 1 3
+ 1 5
+ 1 11
+ 1 13
+ 1 15
+ 1 16
o 2 1
x 4 1
x 13 1
x 15 1
x 3 2
x 12 2
+ 16 2
x 5 4
+ 16 4
+ 16 6
o 16 7
+ 9 16
+ 15 11
+ 15 13
Case #95: 270 169
o 1 1
+ 1 34
+ 1 42
+ 1 43
+ 1 47
+ 1 52
+ 1 54
+ 1 56
+ 1 57
+ 1 66
+ 1 72
+ 1 73
+ 1 74
+ 1 75
+ 1 80
+ 1 92
+ 1 97
x 3 1
x 4 1
x 5 1
x 6 1
x 8 1
x 11 1
x 13 1
x 14 1
x 15 1
x 17 1
x 18 1
x 19 1
x 21 1
x 26 1
x 27 1
x 29 1
x 30 1
x 31 1
x 33 1
x 35 1
x 36 1
x 38 1
x 39 1
x 40 1
x 41 1
x 45 1
x 47 1
o 48 1
o 50 1
x 51 1
x 52 1
x 53 1
x 56 1
x 57 1
x 58 1
x 59 1
x 61 1
x 62 1
x 63 1
x 64 1
x 65 1
x 66 1
x 68 1
x 69 1
x 70 1
o 71 1
x 72 1
x 74 1
x 80 1
x 81 1
x 83 1
x 84 1
x 87 1
x 91 1
x 92 1
x 94 1
x 96 1
x 100 1
+ 2 50
+ 2 100
o 7 2
x 12 2
+ 18 2
x 20 2
x 23 2
x 25 2
x 34 2
o 37 2
x 43 2
x 46 2
x 55 2
x 60 2
x 73 2
x 78 2
x 95 2
+ 3 100
x 22 3
x 42 3
x 54 3
+ 4 9
+ 100 4
+ 5 100
+ 6 100
+ 7 100
+ 8 100
+ 100 9
+ 10 100
+ 11 100
+ 12 100
+ 13 100
+ 14 100
+ 15 100
+ 16 100
+ 17 100
+ 18 100
+ 19 100
+ 20 100
+ 22 99
+ 22 100
+ 100 23
+ 24 100
+ 25 100
+ 100 26
+ 100 27
+ 100 28
+ 100 29
+ 31 99
+ 31 100
+ 33 99
+ 33 100
+ 35 99
+ 100 35
+ 100 36
+ 100 37
+ 38 100
+ 39 100
+ 100 40
+ 41 100
+ 42 100
+ 43 100
+ 100 44
+ 100 45
+ 46 100
+ 100 47
+ 48 100
+ 100 49
+ 51 100
+ 97 53
+ 54 99
+ 97 55
+ 98 57
+ 58 96
+ 59 98
+ 60 96
+ 97 61
+ 63 97
+ 96 63
+ 65 96
+ 97 65
+ 97 66
+ 67 97
+ 68 97
+ 98 68
+ 98 69
+ 71 97
+ 98 71
+ 98 72
+ 74 98
+ 96 75
+ 99 75
+ 99 77
+ 95 78
Case #96: 265 171
o 1 1
x 2 1
x 3 1
x 4 1
x 5 1
x 6 1
x 7 1
x 8 1
x 9 1
x 10 1
x 11 1
x 12 1
x 13 1
x 14 1
x 15 1
x 16 1
x 17 1
x 18 1
x 19 1
o 20 1
x 21 1
x 22 1
x 23 1
x 24 1
x 25 1
x 26 1
x 27 1
x 28 1
x 29 1
x 30 1
x 31 1
x 32 1
x 33 1
x 34 1
x 35 1
x 36 1
x 37 1
x 38 1
x 39 1
x 40 1
x 41 1
x 42 1
x 43 1
x 44 1
x 45 1
x 46 1
x 47 1
x 48 1
x 49 1
x 50 1
x 51 1
x 52 1
x 53 1
x 54 1
x 55 1
x 56 1
x 57 1
x 58 1
x 59 1
x 60 1
x 61 1
x 62 1
x 63 1
x 64 1
x 65 1
x 66 1
x 67 1
x 68 1
x 69 1
x 70 1
x 71 1
x 72 1
x 73 1
x 74 1
x 75 1
x 76 1
o 77 1
x 78 1
x 79 1
x 80 1
x 81 1
x 82 1
x 83 1
x 84 1
x 85 1
x 86 1
x 87 1
x 88 1
x 89 1
x 90 1
x 91 1
x 92 1
x 93 1
x 94 1
x 95 1
x 96 1
x 97 1
x 98 1
x 99 1
x 100 1
+ 2 100
+ 3 100
+ 4 100
+ 5 100
+ 6 100
+ 7 100
+ 8 100
+ 9 100
+ 10 100
+ 11 100
+ 12 100
+ 100 13
+ 14 100
+ 15 100
+ 16 100
+ 17 100
+ 18 100
+ 19 100
+ 20 100
+ 21 100
+ 22 100
+ 23 100
+ 25 99
+ 25 100
+ 27 100
+ 99 27
+ 29 99
+ 29 100
+ 100 30
+ 31 100
+ 32 100
+ 33 100
+ 35 99
+ 35 100
+ 100 36
+ 37 100
+ 38 100
+ 39 100
+ 40 100
+ 100 41
+ 42 100
+ 100 43
+ 100 44
+ 45 100
+ 100 46
+ 100 47
+ 48 100
+ 50 100
+ 99 50
+ 52 100
+ 99 52
+ 55 98
+ 55 99
+ 99 56
+ 99 57
+ 99 58
+ 59 99
+ 60 99
+ 100 60
+ 100 61
+ 62 100
+ 100 63
+ 64 100
+ 65 100
+ 100 66
+ 67 100
+ 100 68
+ 71 99
+ 97 72
+ 97 74
+ 75 97
Case #97: 96 47
+ 1 2
+ 1 3
o 1 4
+ 1 13
+ 1 15
+ 1 16
+ 1 24
+ 1 27
+ 1 30
+ 1 33
+ 1 34
+ 1 37
+ 5 1
+ 6 1
o 7 1
+ 12 1
x 14 1
x 17 1
x 25 1
x 27 1
x 28 1
x 32 1
x 33 1
x 34 1
x 2 3
+ 2 37
x 10 2
x 36 2
+ 3 12
+ 3 37
+ 6 3
x 15 3
x 30 3
+ 14 5
x 20 5
+ 37 5
+ 7 37
x 18 7
+ 9 37
+ 37 11
+ 12 37
+ 37 13
+ 37 14
+ 15 37
+ 18 37
+ 19 37
+ 36 24
Case #98: 19 0
Case #99: 291 274
o 1 1
+ 1 2
+ 1 3
+ 1 4
+ 1 6
+ 1 7
+ 1 8
+ 1 9
+ 1 10
+ 1 11
+ 1 12
+ 1 14
+ 1 15
+ 1 16
+ 1 17
+ 1 18
+ 1 19
+ 1 20
+ 1 22
+ 1 23
+ 1 24
+ 1 26
+ 1 27
+ 1 28
+ 1 29
+ 1 30
+ 1 32
+ 1 33
+ 1 34
+ 1 36
+ 1 37
+ 1 38
+ 1 39
+ 1 40
+ 1 41
+ 1 42
+ 1 43
+ 1 45
+ 1 46
+ 1 47
+ 1 48
+ 1 49
+ 1 50
+ 1 52
+ 1 53
+ 1 54
+ 1 55
+ 1 56
+ 1 58
+ 1 59
+ 1 61
+ 1 62
+ 1 64
+ 1 65
+ 1 66
+ 1 67
+ 1 68
+ 1 69
+ 1 70
+ 1 72
+ 1 73
+ 1 74
+ 1 75
+ 1 76
+ 1 77
+ 1 78
+ 1 79
+ 1 80
+ 1 81
+ 1 82
+ 1 84
+ 1 85
+ 1 87
+ 1 88
+ 1 89
+ 1 91
+ 1 92
+ 1 94
+ 1 95
+ 1 96
+ 1 97
+ 1 98
+ 1 99
+ 1 100
x 2 1
x 3 1
x 4 1
o 5 1
x 6 1
x 7 1
x 8 1
x 9 1
x 10 1
x 11 1
x 12 1
o 13 1
x 14 1
x 15 1
x 16 1
x 17 1
x 18 1
x 19 1
x 20 1
o 21 1
x 22 1
x 23 1
x 24 1
x 25 1
x 26 1
x 27 1
x 28 1
x 29 1
x 30 1
x 31 1
x 32 1
x 33 1
x 34 1
x 35 1
x 36 1
x 37 1
x 38 1
x 39 1
x 40 1
x 41 1
x 42 1
x 43 1
x 44 1
x 45 1
x 46 1
x 47 1
x 48 1
x 49 1
x 50 1
x 51 1
x 52 1
x 53 1
x 54 1
x 55 1
x 56 1
x 57 1
x 58 1
x 59 1
o 60 1
x 61 1
x 62 1
o 63 1
x 64 1
x 65 1
x 66 1
x 67 1
x 68 1
x 69 1
x 70 1
x 71 1
x 72 1
x 73 1
x 74 1
x 75 1
x 76 1
x 77 1
x 78 1
x 79 1
x 80 1
x 81 1
x 82 1
x 83 1
x 84 1
x 85 1
x 86 1
x 87 1
x 88 1
x 89 1
x 90 1
x 91 1
x 92 1
x 93 1
x 94 1
x 95 1
x 96 1
x 97 1
x 98 1
x 99 1
x 100 1
+ 100 2
+ 100 3
+ 100 4
+ 100 5
+ 100 6
+ 100 7
+ 8 100
+ 100 9
+ 100 10
+ 11 100
+ 100 12
+ 100 13
+ 100 14
+ 15 100
+ 100 16
+ 100 17
+ 18 100
+ 99 20
+ 100 20
+ 99 22
+ 100 22
+ 99 24
+ 100 24
+ 99 26
+ 100 26
+ 99 28
+ 100 28
+ 30 100
+ 99 30
+ 99 32
+ 100 32
+ 99 34
+ 100 34
+ 99 36
+ 100 36
+ 99 38
+ 99 39
+ 98 41
+ 99 41
+ 43 99
+ 98 43
+ 100 44
+ 98 45
+ 100 46
+ 98 47
+ 100 48
+ 98 49
+ 100 50
+ 98 51
+ 100 52
+ 98 53
+ 55 98
+ 99 55
+ 99 56
+ 99 57
+ 99 58
+ 99 59
+ 99 60
+ 99 61
+ 99 62
+ 99 63
+ 99 64
+ 65 99
+ 99 66
+ 100 66
+ 99 68
+ 100 68
+ 70 100
+ 99 70
+ 99 72
+ 100 72
+ 99 74
+ 100 74
+ 76 100
+ 98 77
+ 100 78
+ 98 79
+ 98 81
+ 99 81
+ 98 83
+ 99 83
+ 98 85
+ 97 87
+ 98 87
+ 97 89
+ 98 89
+ 98 91
+ 95 93
+ 98 93
+ 98 95
+ 98 97
Case #100: 41 23
+ 1 1
x 1 2
+ 1 3
+ 1 5
+ 1 9
+ 1 12
+ 1 13
+ 1 14
x 3 1
o 10 1
x 15 1
+ 2 16
x 7 2
x 9 2
x 12 2
x 14 2
+ 16 3
+ 16 4
+ 16 5
+ 6 16
+ 16 8
+ 9 16
+ 16 10